<?xml version="1.0" encoding="utf-8"?><testsuites name="pytest tests"><testsuite name="pytest" errors="0" failures="0" skipped="0" tests="20" time="2.510" timestamp="2026-08-30T22:59:25.694815+00:00" hostname="agent-env-c7bc084c-e984-47b3-8d93-29f87fde0fbe"><testcase classname="backend.tests.test_cors_pug_journal" name="test_env_contains_new_origin" time="0.000" /><testcase classname="backend.tests.test_cors_pug_journal" name="test_preflight_options[/api/archive/entries-https://pug-journal-2.emergent.host]" time="0.120" /><testcase classname="backend.tests.test_cors_pug_journal" name="test_preflight_options[/api/archive/entries-https://bullpug.com]" time="0.071" /><testcase classname="backend.tests.test_cors_pug_journal" name="test_preflight_options[/api/archive/entries-https://cosmic-runner-hub.preview.emergentagent.com]" time="0.111" /><testcase classname="backend.tests.test_cors_pug_journal" name="test_preflight_options[/api/archive/rank-https://pug-journal-2.emergent.host]" time="0.099" /><testcase classname="backend.tests.test_cors_pug_journal" name="test_preflight_options[/api/archive/rank-https://bullpug.com]" time="0.095" /><testcase classname="backend.tests.test_cors_pug_journal" name="test_preflight_options[/api/archive/rank-https://cosmic-runner-hub.preview.emergentagent.com]" time="0.075" /><testcase classname="backend.tests.test_cors_pug_journal" name="test_preflight_options[/api/archive/drops-https://pug-journal-2.emergent.host]" time="0.074" /><testcase classname="backend.tests.test_cors_pug_journal" name="test_preflight_options[/api/archive/drops-https://bullpug.com]" time="0.074" /><testcase classname="backend.tests.test_cors_pug_journal" name="test_preflight_options[/api/archive/drops-https://cosmic-runner-hub.preview.emergentagent.com]" time="0.075" /><testcase classname="backend.tests.test_cors_pug_journal" name="test_preflight_options[/api/archive/share-https://pug-journal-2.emergent.host]" time="0.068" /><testcase classname="backend.tests.test_cors_pug_journal" name="test_preflight_options[/api/archive/share-https://bullpug.com]" time="0.074" /><testcase classname="backend.tests.test_cors_pug_journal" name="test_preflight_options[/api/archive/share-https://cosmic-runner-hub.preview.emergentagent.com]" time="0.092" /><testcase classname="backend.tests.test_cors_pug_journal" name="test_archive_entries_new_origin" time="0.234" /><testcase classname="backend.tests.test_cors_pug_journal" name="test_archive_rank_new_origin" time="0.168" /><testcase classname="backend.tests.test_cors_pug_journal" name="test_archive_drops_new_origin" time="0.183" /><testcase classname="backend.tests.test_cors_pug_journal" name="test_archive_share_post_new_origin" time="0.450" /><testcase classname="backend.tests.test_cors_pug_journal" name="test_archive_entries_previously_allowed_origins[https://bullpug.com]" time="0.108" /><testcase classname="backend.tests.test_cors_pug_journal" name="test_archive_entries_previously_allowed_origins[https://cosmic-runner-hub.preview.emergentagent.com]" time="0.153" /><testcase classname="backend.tests.test_cors_pug_journal" name="test_bogus_origin_not_reflected" time="0.118" /></testsuite></testsuites>