<?xml version="1.0" encoding="utf-8"?><testsuites name="pytest tests"><testsuite name="pytest" errors="0" failures="0" skipped="0" tests="6" time="49.637" timestamp="2026-08-31T01:04:15.255816+00:00" hostname="agent-env-c7bc084c-e984-47b3-8d93-29f87fde0fbe"><testcase classname="backend.tests.test_archive_iteration110.TestArchiveEntries" name="test_entries_total_and_tier_distribution" time="0.542" /><testcase classname="backend.tests.test_archive_iteration110.TestArchiveEntries" name="test_rank_totals" time="0.060" /><testcase classname="backend.tests.test_archive_iteration110.TestArchiveEntries" name="test_entries_with_unknown_wallet_all_locked" time="0.063" /><testcase classname="backend.tests.test_archive_iteration110.TestDailyDrop" name="test_daily_drop_idempotent" time="9.022" /><testcase classname="backend.tests.test_archive_iteration110.TestClassifierNegative" name="test_tangential_no_unlock" time="27.307" /><testcase classname="backend.tests.test_archive_iteration110.TestBannedOpeners" name="test_grizzlor_response_no_banned_openers" time="12.574" /></testsuite></testsuites>