<?xml version="1.0" encoding="utf-8"?><testsuites name="pytest tests"><testsuite name="pytest" errors="0" failures="0" skipped="0" tests="10" time="11.589" timestamp="2026-08-31T04:37:56.465412+00:00" hostname="agent-env-c7bc084c-e984-47b3-8d93-29f87fde0fbe"><testcase classname="tests.test_keeper_announcements" name="test_announcements_empty_returns_shape" time="0.194" /><testcase classname="tests.test_keeper_announcements" name="test_announcements_limit_clamped_to_25" time="0.132" /><testcase classname="tests.test_keeper_announcements" name="test_announcements_limit_25_ok" time="0.145" /><testcase classname="tests.test_keeper_announcements" name="test_real_wallet_announcement_visible" time="0.132" /><testcase classname="tests.test_keeper_announcements" name="test_test_wallet_announcement_filtered" time="0.138" /><testcase classname="tests.test_keeper_announcements" name="test_newest_first_ordering" time="0.124" /><testcase classname="tests.test_keeper_announcements" name="test_keeper_announcements_index_exists" time="0.010" /><testcase classname="tests.test_keeper_announcements" name="test_record_unlock_hook_inserts_on_kc_rankup" time="10.450" /><testcase classname="tests.test_keeper_announcements" name="test_record_unlock_no_announcement_for_seeker_or_archivist" time="0.032" /><testcase classname="tests.test_keeper_announcements" name="test_purge_test_wallet_removes_announcement" time="0.084" /></testsuite></testsuites>