<?xml version="1.0" encoding="utf-8"?><testsuites name="pytest tests"><testsuite name="pytest" errors="0" failures="0" skipped="0" tests="5" time="16.021" timestamp="2026-08-14T23:06:38.661112+00:00" hostname="agent-env-c7bc084c-e984-47b3-8d93-29f87fde0fbe"><testcase classname="backend.tests.test_ai_chat_negative_constraints.TestSourceCode" name="test_tinkerpug_branch_substrings" time="0.000" /><testcase classname="backend.tests.test_ai_chat_negative_constraints.TestSourceCode" name="test_bullpug_branch_substrings" time="0.000" /><testcase classname="backend.tests.test_ai_chat_negative_constraints.TestSourceCode" name="test_generic_else_branch_unmodified" time="0.000" /><testcase classname="backend.tests.test_ai_chat_negative_constraints.TestEndToEnd" name="test_bullpug_image_path" time="7.149" /><testcase classname="backend.tests.test_ai_chat_negative_constraints.TestEndToEnd" name="test_tinkerpug_image_path" time="6.881" /></testsuite></testsuites>