<?xml version="1.0" encoding="utf-8"?><testsuites name="pytest tests"><testsuite name="pytest" errors="0" failures="0" skipped="0" tests="11" time="25.177" timestamp="2026-08-31T01:24:28.076878+00:00" hostname="agent-env-c7bc084c-e984-47b3-8d93-29f87fde0fbe"><testcase classname="backend.tests.test_companion_iter111.TestValidate" name="test_unknown_key" time="0.336" /><testcase classname="backend.tests.test_companion_iter111.TestValidate" name="test_empty_key" time="0.117" /><testcase classname="backend.tests.test_companion_iter111.TestValidate" name="test_valid_unclaimed" time="0.125" /><testcase classname="backend.tests.test_companion_iter111.TestClaim" name="test_claim_success_and_archive_unlock" time="1.517" /><testcase classname="backend.tests.test_companion_iter111.TestClaim" name="test_claim_unknown_token" time="0.124" /><testcase classname="backend.tests.test_companion_iter111.TestClaim" name="test_claim_missing_csrf" time="0.130" /><testcase classname="backend.tests.test_companion_iter111.TestArchiveIntegration" name="test_entries_includes_companions_secret" time="0.126" /><testcase classname="backend.tests.test_companion_iter111.TestArchiveIntegration" name="test_rank_includes_special_tier" time="0.115" /><testcase classname="backend.tests.test_companion_iter111.TestArchiveIntegration" name="test_classifier_cannot_unlock_companions_secret" time="22.124" /><testcase classname="backend.tests.test_companion_iter111.TestAdminAuth" name="test_list_tokens_requires_auth" time="0.178" /><testcase classname="backend.tests.test_companion_iter111.TestAdminAuth" name="test_generate_token_requires_auth" time="0.141" /></testsuite></testsuites>