<?xml version="1.0" encoding="utf-8"?><testsuites name="pytest tests"><testsuite name="pytest" errors="0" failures="0" skipped="0" tests="10" time="143.864" timestamp="2026-08-31T03:41:21.693273+00:00" hostname="agent-env-c7bc084c-e984-47b3-8d93-29f87fde0fbe"><testcase classname="tests.test_iteration112_record_share.TestArchiveShare" name="test_share_missing_csrf_rejected" time="0.214" /><testcase classname="tests.test_iteration112_record_share.TestArchiveShare" name="test_share_valid_wallet_returns_png" time="9.636" /><testcase classname="tests.test_iteration112_record_share.TestArchiveShare" name="test_share_idempotent_same_wallet" time="0.558" /><testcase classname="tests.test_iteration112_record_share.TestArchiveShare" name="test_share_card_art_cache_persisted" time="0.095" /><testcase classname="tests.test_iteration112_record_share.TestArchiveShare" name="test_share_png_no_lore_text" time="0.000" /><testcase classname="tests.test_iteration112_record_share.TestRecordLeaderboard" name="test_record_default_shape" time="0.058" /><testcase classname="tests.test_iteration112_record_share.TestRecordLeaderboard" name="test_record_excludes_zero_unlocks" time="0.057" /><testcase classname="tests.test_iteration112_record_share.TestRecordLeaderboard" name="test_record_sorted_desc" time="0.053" /><testcase classname="tests.test_iteration112_record_share.TestRecordLeaderboard" name="test_record_pagination_positions_continue" time="0.106" /><testcase classname="tests.test_iteration112_record_share.TestRankReachedAt" name="test_fresh_wallet_hits_seeker_and_appears_in_record" time="133.015" /></testsuite></testsuites>