<?xml version="1.0" encoding="utf-8"?><testsuites name="pytest tests"><testsuite name="pytest" errors="0" failures="0" skipped="0" tests="3" time="29.721" timestamp="2026-08-14T22:11:20.401587+00:00" hostname="agent-env-c7bc084c-e984-47b3-8d93-29f87fde0fbe"><testcase classname="backend.tests.test_tinkerpug_iter105_appearance_retest" name="test_appearance_no_banned_even_in_negation[describe bullpug-appearance-retest-a]" time="9.676" /><testcase classname="backend.tests.test_tinkerpug_iter105_appearance_retest" name="test_appearance_no_banned_even_in_negation[what does bullpug look like?-appearance-retest-b]" time="9.040" /><testcase classname="backend.tests.test_tinkerpug_iter105_appearance_retest" name="test_appearance_no_banned_even_in_negation[tell me what bullpug looks like-appearance-retest-c]" time="10.959" /></testsuite></testsuites>