<?xml version="1.0" encoding="utf-8"?><testsuites name="pytest tests"><testsuite name="pytest" errors="0" failures="0" skipped="0" tests="8" time="87.294" timestamp="2026-08-14T22:41:26.677778+00:00" hostname="agent-env-c7bc084c-e984-47b3-8d93-29f87fde0fbe"><testcase classname="backend.tests.test_tinkerpug_iter106_disambiguation" name="test_bullpug_image_routing[show me bullpug-disamb-bullpug-1]" time="13.473" /><testcase classname="backend.tests.test_tinkerpug_iter106_disambiguation" name="test_bullpug_image_routing[let me see bullpug at Newpug City-disamb-bullpug-2]" time="12.451" /><testcase classname="backend.tests.test_tinkerpug_iter106_disambiguation" name="test_bullpug_image_routing[/image bullpug on a rooftop-disamb-bullpug-3]" time="14.025" /><testcase classname="backend.tests.test_tinkerpug_iter106_disambiguation" name="test_tinkerpug_image_routing[show me tinkerpug-disamb-tinkerpug-1]" time="12.553" /><testcase classname="backend.tests.test_tinkerpug_iter106_disambiguation" name="test_tinkerpug_image_routing[let me see tinkerpug in his workshop-disamb-tinkerpug-2]" time="13.817" /><testcase classname="backend.tests.test_tinkerpug_iter106_disambiguation" name="test_tinkerpug_image_routing[/image tinkerpug at his workbench-disamb-tinkerpug-3]" time="11.530" /><testcase classname="backend.tests.test_tinkerpug_iter106_disambiguation" name="test_source_code_disambiguation" time="0.001" /><testcase classname="backend.tests.test_tinkerpug_iter106_disambiguation" name="test_bullpug_appearance_prose_no_augments_no_mystical" time="9.396" /></testsuite></testsuites>