<?xml version="1.0" encoding="utf-8"?><testsuites name="pytest tests"><testsuite name="pytest" errors="0" failures="0" skipped="0" tests="7" time="38.792" timestamp="2026-08-31T04:04:49.680415+00:00" hostname="agent-env-c7bc084c-e984-47b3-8d93-29f87fde0fbe"><testcase classname="tests.test_iteration113_share_admin.TestShareTotals" name="test_share_totals" time="9.465" /><testcase classname="tests.test_iteration113_share_admin.TestShareTotals" name="test_share_csrf_required" time="0.154" /><testcase classname="tests.test_iteration113_share_admin.TestShareFreshGeneration" name="test_two_calls_produce_different_images" time="20.119" /><testcase classname="tests.test_iteration113_share_admin.TestShareNoLoreText" name="test_png_bytes_have_no_lore_substrings" time="8.534" /><testcase classname="tests.test_iteration113_share_admin.TestEntriesTotals" name="test_entries_total_61_and_62_items" time="0.131" /><testcase classname="tests.test_iteration113_share_admin.TestRankSpecialProgress" name="test_rank_has_special_progress" time="0.117" /><testcase classname="tests.test_iteration113_share_admin.TestRecordFiltersTestWallets" name="test_test_wallet_not_in_leaderboard" time="0.208" /></testsuite></testsuites>