<?xml version="1.0" encoding="utf-8"?><testsuites name="pytest tests"><testsuite name="pytest" errors="0" failures="0" skipped="0" tests="9" time="19.434" timestamp="2026-08-31T04:28:34.309956+00:00" hostname="agent-env-c7bc084c-e984-47b3-8d93-29f87fde0fbe"><testcase classname="tests.test_archive_admin_cron.TestArchiveTestCleanup" name="test_purge_deletes_seeded_test_wallet" time="0.270" /><testcase classname="tests.test_archive_admin_cron.TestAdminAuthGating" name="test_admin_stats_no_bearer_401" time="0.150" /><testcase classname="tests.test_archive_admin_cron.TestAdminAuthGating" name="test_admin_canon_list_no_bearer_401" time="0.043" /><testcase classname="tests.test_archive_admin_cron.TestAdminAuthGating" name="test_admin_canon_list_with_status_filter_401" time="0.137" /><testcase classname="tests.test_archive_admin_cron.TestAdminAuthGating" name="test_admin_canon_promote_no_bearer_401" time="0.046" /><testcase classname="tests.test_archive_admin_cron.TestAdminAuthGating" name="test_admin_canon_retire_no_bearer_401" time="0.045" /><testcase classname="tests.test_archive_admin_cron.TestAdminAuthGating" name="test_admin_canon_image_no_bearer_401" time="0.046" /><testcase classname="tests.test_archive_admin_cron.TestAdminStatsFilter" name="test_admin_stats_filters_test_wallets" time="1.511" /><testcase classname="tests.test_archive_admin_cron.TestShareCard" name="test_share_returns_grand_total_and_fresh_image" time="17.121" /></testsuite></testsuites>