<?xml version="1.0" encoding="utf-8"?><testsuites name="pytest tests"><testsuite name="pytest" errors="0" failures="0" skipped="0" tests="5" time="1.063" timestamp="2026-08-31T05:05:07.815898+00:00" hostname="agent-env-c7bc084c-e984-47b3-8d93-29f87fde0fbe"><testcase classname="backend.tests.test_iteration117_newsletter" name="test_subscribe_with_source_act1_placeholder" time="0.229" /><testcase classname="backend.tests.test_iteration117_newsletter" name="test_subscribe_duplicate_returns_existing_and_preserves_source" time="0.179" /><testcase classname="backend.tests.test_iteration117_newsletter" name="test_subscribe_without_source_backward_compat" time="0.156" /><testcase classname="backend.tests.test_iteration117_newsletter" name="test_source_persistence_via_mongo" time="0.330" /><testcase classname="backend.tests.test_iteration117_newsletter" name="test_source_null_when_omitted" time="0.115" /></testsuite></testsuites>