<?xml version="1.0" encoding="utf-8"?><testsuites name="pytest tests"><testsuite name="pytest" errors="0" failures="0" skipped="0" tests="13" time="33.345" timestamp="2026-08-15T00:54:05.363149+00:00" hostname="agent-env-c7bc084c-e984-47b3-8d93-29f87fde0fbe"><testcase classname="tests.test_per_character_reference.TestDailyDropSource" name="test_bullpug_reference_url_constant" time="0.000" /><testcase classname="tests.test_per_character_reference.TestDailyDropSource" name="test_tinkerpug_reference_url_constant" time="0.000" /><testcase classname="tests.test_per_character_reference.TestDailyDropSource" name="test_reference_cache_is_dict_with_both_urls" time="1.721" /><testcase classname="tests.test_per_character_reference.TestDailyDropSource" name="test_load_reference_b64_signature" time="0.000" /><testcase classname="tests.test_per_character_reference.TestDailyDropSource" name="test_pick_reference_for_scene_tinkerpug" time="0.000" /><testcase classname="tests.test_per_character_reference.TestDailyDropSource" name="test_pick_reference_for_scene_bullpug_default" time="0.000" /><testcase classname="tests.test_per_character_reference.TestDailyDropSource" name="test_get_drop_for_user_calls_pick_and_load" time="0.000" /><testcase classname="tests.test_per_character_reference.TestAiChatSource" name="test_imports_from_daily_drop" time="0.000" /><testcase classname="tests.test_per_character_reference.TestAiChatSource" name="test_branches_on_subject_prefix" time="0.000" /><testcase classname="tests.test_per_character_reference.TestAiChatSource" name="test_user_message_carries_file_contents" time="0.000" /><testcase classname="tests.test_per_character_reference.TestReferenceCacheRuntime" name="test_loaders_return_different_and_are_cached" time="0.315" /><testcase classname="tests.test_per_character_reference.TestImageEndpointRegression" name="test_bullpug_image_regression" time="15.244" /><testcase classname="tests.test_per_character_reference.TestImageEndpointRegression" name="test_tinkerpug_image_regression" time="16.012" /></testsuite></testsuites>