<?xml version="1.0" encoding="utf-8"?><testsuites name="pytest tests"><testsuite name="pytest" errors="0" failures="1" skipped="0" tests="8" time="89.398" timestamp="2026-08-14T22:07:29.334644+00:00" hostname="agent-env-c7bc084c-e984-47b3-8d93-29f87fde0fbe"><testcase classname="backend.tests.test_tinkerpug_iter104" name="test_short_form_image_intent_and_voice[show me bullpug-intent-1]" time="13.884" /><testcase classname="backend.tests.test_tinkerpug_iter104" name="test_short_form_image_intent_and_voice[let me see bullpug at Newpug City-intent-2]" time="17.225" /><testcase classname="backend.tests.test_tinkerpug_iter104" name="test_short_form_image_intent_and_voice[can I see bullpug-intent-3]" time="13.335" /><testcase classname="backend.tests.test_tinkerpug_iter104" name="test_canon_appearance[what does bullpug look like?-appearance-1]" time="8.262" /><testcase classname="backend.tests.test_tinkerpug_iter104" name="test_canon_appearance[describe bullpug-appearance-2]" time="9.745"><failure message="AssertionError: BANNED mystical phrase 'ethereal' in appearance response: Right — let's take a look at Bullpug. &#10;  &#10;  The Archive describes him as a **fawn pug** — typical of the breed with a squashed muzzle, wrinkled brow, floppy ears, and those large dark eyes that speak volumes. What sets him apart as Bullpug are the **dark ridged bull horns** just behind his brow, a **cybernetic segmented tail** encased in metal plating, an **armored left foreleg** in matte black and ivory, and a **techno collar** that embodies the techno-cyberpunk aspect of his being.&#10;  &#10;  He's no ethereal figure; rather, he’s grounded, like a small tank in a pug's body with those distinct cybernetic enhancements. The stars play a backdrop to his story, not his appearance. Bullpug materialized from a collective want — from the Bull constellation and the pug nebula — a being never minted or conjured by any single hand. &#10;  &#10;  Perhaps something there sparked your curiosity? The Guardians, Newpug City, the feats of Bullpug — there’s quite the lore to delve into. Or if you have a token price in mind to check, I can fetch that information as well.&#10;assert 'ethereal' not in &quot;right — let...ion as well.&quot;&#10;  &#10;  'ethereal' is contained here:&#10;    right — let's take a look at bullpug. &#10;    &#10;    the archive describes him as a **fawn pug** — typical of the breed with a squashed muzzle, wrinkled brow, floppy ears, and those large dark eyes that speak volumes. what sets him apart as bullpug are the **dark ridged bull horns** just behind his brow, a **cybernetic segmented tail** encased in metal plating, an **armored left foreleg** in matte black and ivory, and a **techno collar** that embodies the techno-cyberpunk aspect of his being.&#10;    &#10;    he's no ethereal figure; rather, he’s grounded, like a small tank in a pu...&#10;  &#10;  ...Full output truncated (4 lines hidden), use '-vv' to show">backend/tests/test_tinkerpug_iter104.py:123: in test_canon_appearance
    assert phrase not in lower, f"BANNED mystical phrase '{phrase}' in appearance response: {text}"
E   AssertionError: BANNED mystical phrase 'ethereal' in appearance response: Right — let's take a look at Bullpug. 
E     
E     The Archive describes him as a **fawn pug** — typical of the breed with a squashed muzzle, wrinkled brow, floppy ears, and those large dark eyes that speak volumes. What sets him apart as Bullpug are the **dark ridged bull horns** just behind his brow, a **cybernetic segmented tail** encased in metal plating, an **armored left foreleg** in matte black and ivory, and a **techno collar** that embodies the techno-cyberpunk aspect of his being.
E     
E     He's no ethereal figure; rather, he’s grounded, like a small tank in a pug's body with those distinct cybernetic enhancements. The stars play a backdrop to his story, not his appearance. Bullpug materialized from a collective want — from the Bull constellation and the pug nebula — a being never minted or conjured by any single hand. 
E     
E     Perhaps something there sparked your curiosity? The Guardians, Newpug City, the feats of Bullpug — there’s quite the lore to delve into. Or if you have a token price in mind to check, I can fetch that information as well.
E   assert 'ethereal' not in "right — let...ion as well."
E     
E     'ethereal' is contained here:
E       right — let's take a look at bullpug. 
E       
E       the archive describes him as a **fawn pug** — typical of the breed with a squashed muzzle, wrinkled brow, floppy ears, and those large dark eyes that speak volumes. what sets him apart as bullpug are the **dark ridged bull horns** just behind his brow, a **cybernetic segmented tail** encased in metal plating, an **armored left foreleg** in matte black and ivory, and a **techno collar** that embodies the techno-cyberpunk aspect of his being.
E       
E       he's no ethereal figure; rather, he’s grounded, like a small tank in a pu...
E     
E     ...Full output truncated (4 lines hidden), use '-vv' to show</failure></testcase><testcase classname="backend.tests.test_tinkerpug_iter104" name="test_no_banned_openers[hi tinkerpug-voice-a]" time="8.812" /><testcase classname="backend.tests.test_tinkerpug_iter104" name="test_no_banned_openers[what's up-voice-b]" time="10.488" /><testcase classname="backend.tests.test_tinkerpug_iter104" name="test_no_banned_openers[hello-voice-c]" time="7.581" /></testsuite></testsuites>