<?xml version="1.0" encoding="utf-8"?><testsuites name="pytest tests"><testsuite name="pytest" errors="0" failures="2" skipped="0" tests="7" time="1.861" timestamp="2026-09-06T23:59:36.944215+00:00" hostname="agent-env-c7bc084c-e984-47b3-8d93-29f87fde0fbe"><testcase classname="backend.tests.test_phase_c_merge.TestWalletLinkMergeRequired" name="test_link_returns_merge_required" time="0.744" /><testcase classname="backend.tests.test_phase_c_merge.TestMergeKeepEmail" name="test_merge_keep_email_moves_archive_unlock" time="0.074"><failure message="AssertionError: merge failed: Internal Server Error&#10;assert 500 == 200&#10; +  where 500 = &lt;Response [500]&gt;.status_code">E   AssertionError: merge failed: Internal Server Error
    assert 500 == 200
     +  where 500 = &lt;Response [500]&gt;.status_code</failure></testcase><testcase classname="backend.tests.test_phase_c_merge.TestMergeKeepWallet" name="test_merge_keep_wallet" time="0.591"><failure message="AssertionError: merge failed: Internal Server Error&#10;assert 500 == 200&#10; +  where 500 = &lt;Response [500]&gt;.status_code">E   AssertionError: merge failed: Internal Server Error
    assert 500 == 200
     +  where 500 = &lt;Response [500]&gt;.status_code</failure></testcase><testcase classname="backend.tests.test_phase_c_merge.TestMergeValidation" name="test_merge_bad_keep_value" time="0.066" /><testcase classname="backend.tests.test_phase_c_merge.TestMergeValidation" name="test_merge_missing_discarded_user" time="0.064" /><testcase classname="backend.tests.test_phase_c_merge.TestMergeValidation" name="test_merge_requires_auth" time="0.063" /><testcase classname="backend.tests.test_phase_c_merge.TestWalletLinkValidation" name="test_link_bad_signature" time="0.130" /></testsuite></testsuites>