<?xml version="1.0" encoding="utf-8"?><testsuites name="pytest tests"><testsuite name="pytest" errors="0" failures="0" skipped="0" tests="21" time="7.105" timestamp="2026-02-16T22:04:54.430951+00:00" hostname="agent-env-a33c3108-b913-40ac-af9c-e21ac3d8d572"><testcase classname="backend.tests.test_new_features.TestLeaderboard" name="test_get_leaderboard" time="0.456" /><testcase classname="backend.tests.test_new_features.TestLeaderboard" name="test_submit_score" time="0.316" /><testcase classname="backend.tests.test_new_features.TestLeaderboard" name="test_submit_score_zero_rejected" time="0.121" /><testcase classname="backend.tests.test_new_features.TestLeaderboard" name="test_score_persistence" time="0.527" /><testcase classname="backend.tests.test_new_features.TestReflectionsCalculator" name="test_calculate_reflections_basic" time="0.157" /><testcase classname="backend.tests.test_new_features.TestReflectionsCalculator" name="test_calculate_reflections_different_volumes" time="0.461" /><testcase classname="backend.tests.test_new_features.TestReflectionsCalculator" name="test_calculate_reflections_different_rates" time="1.049" /><testcase classname="backend.tests.test_new_features.TestTradingJournal" name="test_get_dashboard_empty" time="0.162" /><testcase classname="backend.tests.test_new_features.TestTradingJournal" name="test_get_trades_list" time="0.118" /><testcase classname="backend.tests.test_new_features.TestTradingJournal" name="test_create_trade_basic" time="0.245" /><testcase classname="backend.tests.test_new_features.TestTradingJournal" name="test_create_trade_with_full_fields" time="0.147" /><testcase classname="backend.tests.test_new_features.TestTradingJournal" name="test_get_single_trade" time="0.546" /><testcase classname="backend.tests.test_new_features.TestTradingJournal" name="test_update_trade" time="0.368" /><testcase classname="backend.tests.test_new_features.TestTradingJournal" name="test_delete_trade" time="0.433" /><testcase classname="backend.tests.test_new_features.TestTradingJournal" name="test_get_nonexistent_trade" time="0.143" /><testcase classname="backend.tests.test_new_features.TestTradingJournal" name="test_trades_filter_by_status" time="0.518" /><testcase classname="backend.tests.test_new_features.TestTradingJournal" name="test_dashboard_with_trades" time="0.505" /><testcase classname="backend.tests.test_new_features.TestExistingEndpoints" name="test_root_api" time="0.175" /><testcase classname="backend.tests.test_new_features.TestExistingEndpoints" name="test_tokenomics" time="0.174" /><testcase classname="backend.tests.test_new_features.TestExistingEndpoints" name="test_betting_history" time="0.155" /><testcase classname="backend.tests.test_new_features.TestExistingEndpoints" name="test_products" time="0.232" /></testsuite></testsuites>