<?xml version="1.0" encoding="utf-8"?><testsuites name="pytest tests"><testsuite name="pytest" errors="0" failures="1" skipped="0" tests="14" time="47.645" timestamp="2026-03-21T23:14:25.378361+00:00" hostname="agent-env-8518cac4-354c-4fa3-bfb4-3942122928d6"><testcase classname="backend.tests.test_iteration64_jupiter_signing_positions.TestCustodialWalletInfo" name="test_custodial_wallet_info_endpoint_returns_200" time="44.485" /><testcase classname="backend.tests.test_iteration64_jupiter_signing_positions.TestCustodialWalletInfo" name="test_custodial_wallet_returns_correct_address" time="0.352" /><testcase classname="backend.tests.test_iteration64_jupiter_signing_positions.TestCustodialWalletInfo" name="test_custodial_wallet_returns_balance" time="0.286" /><testcase classname="backend.tests.test_iteration64_jupiter_signing_positions.TestCustodialWalletInfo" name="test_custodial_wallet_returns_all_required_fields" time="0.475" /><testcase classname="backend.tests.test_iteration64_jupiter_signing_positions.TestAutoTradeScanEndpoint" name="test_auto_trade_status_endpoint" time="0.153" /><testcase classname="backend.tests.test_iteration64_jupiter_signing_positions.TestAutoTradeScanEndpoint" name="test_auto_trade_scan_endpoint" time="0.110" /><testcase classname="backend.tests.test_iteration64_jupiter_signing_positions.TestAutoTradeScanEndpoint" name="test_auto_trade_scan_handles_insufficient_balance" time="0.104" /><testcase classname="backend.tests.test_iteration64_jupiter_signing_positions.TestJupiterSwapSigningFix" name="test_custodial_wallet_code_uses_correct_signing_method" time="0.000" /><testcase classname="backend.tests.test_iteration64_jupiter_signing_positions.TestJupiterSwapSigningFix" name="test_custodial_wallet_imports_versioned_transaction" time="0.000" /><testcase classname="backend.tests.test_iteration64_jupiter_signing_positions.TestPositionsTabVisibility" name="test_positions_tab_is_second_in_array" time="0.001" /><testcase classname="backend.tests.test_iteration64_jupiter_signing_positions.TestPositionsTabVisibility" name="test_tabs_order_is_correct" time="0.000" /><testcase classname="backend.tests.test_iteration64_jupiter_signing_positions.TestHealthAndBasicEndpoints" name="test_api_health" time="0.174"><failure message="AssertionError: Health check failed: 404&#10;assert 404 == 200&#10; +  where 404 = &lt;Response [404]&gt;.status_code">backend/tests/test_iteration64_jupiter_signing_positions.py:268: in test_api_health
    assert response.status_code == 200, f"Health check failed: {response.status_code}"
E   AssertionError: Health check failed: 404
E   assert 404 == 200
E    +  where 404 = &lt;Response [404]&gt;.status_code</failure></testcase><testcase classname="backend.tests.test_iteration64_jupiter_signing_positions.TestHealthAndBasicEndpoints" name="test_ai_trader_tokens_endpoint" time="0.910" /><testcase classname="backend.tests.test_iteration64_jupiter_signing_positions.TestHealthAndBasicEndpoints" name="test_ai_trader_positions_endpoint" time="0.444" /></testsuite></testsuites>