<?xml version="1.0" encoding="utf-8"?><testsuites name="pytest tests"><testsuite name="pytest" errors="0" failures="0" skipped="0" tests="21" time="3.942" timestamp="2026-03-26T22:39:37.191795+00:00" hostname="agent-env-c7bc084c-e984-47b3-8d93-29f87fde0fbe"><testcase classname="tests.test_iteration91_telegram_alerts.TestTelegramEndpoints" name="test_api_health_check" time="0.142" /><testcase classname="tests.test_iteration91_telegram_alerts.TestTelegramEndpoints" name="test_telegram_bot_info" time="0.501" /><testcase classname="tests.test_iteration91_telegram_alerts.TestTelegramEndpoints" name="test_telegram_status_linked" time="0.112" /><testcase classname="tests.test_iteration91_telegram_alerts.TestTelegramEndpoints" name="test_telegram_test_alert" time="1.667" /><testcase classname="tests.test_iteration91_telegram_alerts.TestTelegramEndpoints" name="test_telegram_webhook_info" time="0.651" /><testcase classname="tests.test_iteration91_telegram_alerts.TestTelegramEndpoints" name="test_telegram_setup_webhook" time="0.478" /><testcase classname="tests.test_iteration91_telegram_alerts.TestSendTradeAlertFunction" name="test_send_trade_alert_function_exists" time="0.001" /><testcase classname="tests.test_iteration91_telegram_alerts.TestSendTradeAlertFunction" name="test_send_trade_alert_handles_buy_action" time="0.000" /><testcase classname="tests.test_iteration91_telegram_alerts.TestSendTradeAlertFunction" name="test_send_trade_alert_handles_take_profit_action" time="0.000" /><testcase classname="tests.test_iteration91_telegram_alerts.TestSendTradeAlertFunction" name="test_send_trade_alert_handles_stop_loss_action" time="0.000" /><testcase classname="tests.test_iteration91_telegram_alerts.TestSendTradeAlertFunction" name="test_send_trade_alert_handles_trailing_stop_action" time="0.000" /><testcase classname="tests.test_iteration91_telegram_alerts.TestSendTradeAlertFunction" name="test_send_trade_alert_handles_dca_actions" time="0.000" /><testcase classname="tests.test_iteration91_telegram_alerts.TestSendTradeAlertFunction" name="test_send_trade_alert_handles_runner_buy" time="0.000" /><testcase classname="tests.test_iteration91_telegram_alerts.TestAutoTraderEngineWiring" name="test_auto_trader_imports_send_trade_alert" time="0.000" /><testcase classname="tests.test_iteration91_telegram_alerts.TestAutoTraderEngineWiring" name="test_auto_trader_calls_send_trade_alert_on_buy" time="0.001" /><testcase classname="tests.test_iteration91_telegram_alerts.TestAutoTraderEngineWiring" name="test_auto_trader_calls_send_trade_alert_on_exit" time="0.001" /><testcase classname="tests.test_iteration91_telegram_alerts.TestAutoTraderEngineWiring" name="test_auto_trader_buy_alert_at_line_710" time="0.000" /><testcase classname="tests.test_iteration91_telegram_alerts.TestAutoTraderEngineWiring" name="test_auto_trader_runner_alert_at_line_1015" time="0.000" /><testcase classname="tests.test_iteration91_telegram_alerts.TestAutoTraderEngineWiring" name="test_auto_trader_exit_alert_at_line_1577" time="0.000" /><testcase classname="tests.test_iteration91_telegram_alerts.TestTelegramAccountData" name="test_telegram_account_has_chat_id" time="0.157" /><testcase classname="tests.test_iteration91_telegram_alerts.TestTelegramAccountData" name="test_telegram_username_is_seeleyb" time="0.151" /></testsuite></testsuites>