<?xml version="1.0" encoding="utf-8"?><testsuites name="pytest tests"><testsuite name="pytest" errors="0" failures="4" skipped="0" tests="20" time="4.360" timestamp="2026-02-17T01:25:10.765911+00:00" hostname="agent-env-23682343-d3af-49f9-a480-6c689be951ca"><testcase classname="backend.tests.test_showcase.TestShowcaseWalletCollection" name="test_showcase_new_wallet_returns_default_collection" time="0.340" /><testcase classname="backend.tests.test_showcase.TestShowcaseWalletCollection" name="test_showcase_collection_contains_all_skins" time="0.164" /><testcase classname="backend.tests.test_showcase.TestShowcaseWalletCollection" name="test_showcase_default_skin_always_owned" time="0.154" /><testcase classname="backend.tests.test_showcase.TestShowcaseWalletCollection" name="test_showcase_stats_for_new_wallet" time="0.273" /><testcase classname="backend.tests.test_showcase.TestShowcaseWalletCollection" name="test_showcase_skin_rarity_counts" time="0.207" /><testcase classname="backend.tests.test_showcase.TestShowcaseWithExistingPurchases" name="test_showcase_test_wallet_with_gift" time="0.248" /><testcase classname="backend.tests.test_showcase.TestCollectorLeaderboard" name="test_leaderboard_returns_list" time="0.232" /><testcase classname="backend.tests.test_showcase.TestCollectorLeaderboard" name="test_leaderboard_collector_structure" time="0.162" /><testcase classname="backend.tests.test_showcase.TestCollectorLeaderboard" name="test_leaderboard_ranks_are_sequential" time="0.235" /><testcase classname="backend.tests.test_showcase.TestCollectorLeaderboard" name="test_leaderboard_respects_limit" time="0.210" /><testcase classname="backend.tests.test_showcase.TestRecentAcquisitions" name="test_recent_acquisitions_returns_list" time="0.243" /><testcase classname="backend.tests.test_showcase.TestRecentAcquisitions" name="test_acquisition_structure" time="0.183" /><testcase classname="backend.tests.test_showcase.TestRecentAcquisitions" name="test_acquisition_types" time="0.140" /><testcase classname="backend.tests.test_showcase.TestRecentAcquisitions" name="test_recent_acquisitions_respects_limit" time="0.137" /><testcase classname="backend.tests.test_showcase.TestShowcaseSettings" name="test_update_settings_success" time="0.216"><failure message="assert 405 == 200&#10; +  where 405 = &lt;Response [405]&gt;.status_code">backend/tests/test_showcase.py:245: in test_update_settings_success
    assert response.status_code == 200
E   assert 405 == 200
E    +  where 405 = &lt;Response [405]&gt;.status_code</failure></testcase><testcase classname="backend.tests.test_showcase.TestShowcaseSettings" name="test_settings_persist_to_showcase" time="0.233"><failure message="AssertionError: assert 'Collector_TEST_s' == 'PersistTest'&#10;  &#10;  - PersistTest&#10;  + Collector_TEST_s">backend/tests/test_showcase.py:267: in test_settings_persist_to_showcase
    assert data["display_name"] == "PersistTest"
E   AssertionError: assert 'Collector_TEST_s' == 'PersistTest'
E     
E     - PersistTest
E     + Collector_TEST_s</failure></testcase><testcase classname="backend.tests.test_showcase.TestShowcaseSettings" name="test_display_name_truncation" time="0.240"><failure message="assert 405 == 200&#10; +  where 405 = &lt;Response [405]&gt;.status_code">backend/tests/test_showcase.py:282: in test_display_name_truncation
    assert response.status_code == 200
E   assert 405 == 200
E    +  where 405 = &lt;Response [405]&gt;.status_code</failure></testcase><testcase classname="backend.tests.test_showcase.TestShowcaseSettings" name="test_bio_truncation" time="0.157"><failure message="assert 405 == 200&#10; +  where 405 = &lt;Response [405]&gt;.status_code">backend/tests/test_showcase.py:298: in test_bio_truncation
    assert response.status_code == 200
E   assert 405 == 200
E    +  where 405 = &lt;Response [405]&gt;.status_code</failure></testcase><testcase classname="backend.tests.test_showcase.TestShowcaseSkinDetails" name="test_ethereal_skin_properties" time="0.154" /><testcase classname="backend.tests.test_showcase.TestShowcaseSkinDetails" name="test_legendary_skins_properties" time="0.189" /></testsuite></testsuites>