<?xml version="1.0" encoding="utf-8"?><testsuites name="pytest tests"><testsuite name="pytest" errors="0" failures="0" skipped="0" tests="23" time="15.514" timestamp="2026-03-22T23:25:48.386734+00:00" hostname="agent-env-9808857b-c413-498e-b8ee-1c7dd637295d"><testcase classname="backend.tests.test_iteration68_sync_positions.TestAllTokensEndpoint" name="test_all_tokens_returns_200" time="0.802" /><testcase classname="backend.tests.test_iteration68_sync_positions.TestAllTokensEndpoint" name="test_all_tokens_returns_custodial_address" time="0.662" /><testcase classname="backend.tests.test_iteration68_sync_positions.TestAllTokensEndpoint" name="test_all_tokens_returns_holdings_array" time="0.711" /><testcase classname="backend.tests.test_iteration68_sync_positions.TestAllTokensEndpoint" name="test_all_tokens_returns_count" time="0.704" /><testcase classname="backend.tests.test_iteration68_sync_positions.TestAllTokensEndpoint" name="test_all_tokens_returns_total_value" time="0.684" /><testcase classname="backend.tests.test_iteration68_sync_positions.TestAllTokensEndpoint" name="test_all_tokens_holdings_have_required_fields" time="0.664" /><testcase classname="backend.tests.test_iteration68_sync_positions.TestAllTokensEndpoint" name="test_all_tokens_expected_count" time="0.710" /><testcase classname="backend.tests.test_iteration68_sync_positions.TestSyncPositionsEndpoint" name="test_sync_positions_returns_200" time="0.667" /><testcase classname="backend.tests.test_iteration68_sync_positions.TestSyncPositionsEndpoint" name="test_sync_positions_returns_success" time="0.749" /><testcase classname="backend.tests.test_iteration68_sync_positions.TestSyncPositionsEndpoint" name="test_sync_positions_returns_holdings_count" time="0.696" /><testcase classname="backend.tests.test_iteration68_sync_positions.TestSyncPositionsEndpoint" name="test_sync_positions_returns_positions_created" time="0.661" /><testcase classname="backend.tests.test_iteration68_sync_positions.TestSyncPositionsEndpoint" name="test_sync_positions_returns_positions_synced" time="0.778" /><testcase classname="backend.tests.test_iteration68_sync_positions.TestSyncPositionsEndpoint" name="test_sync_positions_returns_positions_closed" time="0.670" /><testcase classname="backend.tests.test_iteration68_sync_positions.TestSyncPositionsEndpoint" name="test_sync_positions_returns_created_array" time="0.673" /><testcase classname="backend.tests.test_iteration68_sync_positions.TestSyncPositionsEndpoint" name="test_sync_positions_returns_synced_array" time="0.658" /><testcase classname="backend.tests.test_iteration68_sync_positions.TestPositionsEndpoint" name="test_positions_returns_200" time="0.510" /><testcase classname="backend.tests.test_iteration68_sync_positions.TestPositionsEndpoint" name="test_positions_returns_positions_array" time="0.547" /><testcase classname="backend.tests.test_iteration68_sync_positions.TestPositionsEndpoint" name="test_positions_have_required_fields" time="0.553" /><testcase classname="backend.tests.test_iteration68_sync_positions.TestPositionsEndpoint" name="test_positions_include_synced_positions" time="0.567" /><testcase classname="backend.tests.test_iteration68_sync_positions.TestPositionsEndpoint" name="test_positions_count_matches_expected" time="0.567" /><testcase classname="backend.tests.test_iteration68_sync_positions.TestIntegrationFlow" name="test_full_sync_flow" time="1.996" /><testcase classname="backend.tests.test_iteration68_sync_positions.TestErrorHandling" name="test_all_tokens_invalid_wallet" time="0.103" /><testcase classname="backend.tests.test_iteration68_sync_positions.TestErrorHandling" name="test_sync_positions_invalid_wallet" time="0.119" /></testsuite></testsuites>