<?xml version="1.0" encoding="utf-8"?><testsuites name="pytest tests"><testsuite name="pytest" errors="0" failures="0" skipped="0" tests="30" time="6.371" timestamp="2026-02-16T22:56:17.828983+00:00" hostname="agent-env-a33c3108-b913-40ac-af9c-e21ac3d8d572"><testcase classname="backend.tests.test_new_major_features.TestAdminCheckAPI" name="test_admin_check_returns_true_for_admin_wallet_1" time="0.304" /><testcase classname="backend.tests.test_new_major_features.TestAdminCheckAPI" name="test_admin_check_returns_true_for_admin_wallet_2" time="0.143" /><testcase classname="backend.tests.test_new_major_features.TestAdminCheckAPI" name="test_admin_check_returns_false_for_non_admin" time="0.248" /><testcase classname="backend.tests.test_new_major_features.TestAdminDashboardAPI" name="test_admin_dashboard_returns_stats" time="0.151" /><testcase classname="backend.tests.test_new_major_features.TestAdminDashboardAPI" name="test_admin_dashboard_includes_current_pot" time="0.132" /><testcase classname="backend.tests.test_new_major_features.TestAdminDashboardAPI" name="test_admin_dashboard_rejects_non_admin" time="0.186" /><testcase classname="backend.tests.test_new_major_features.TestAdminChallengesAPI" name="test_admin_get_challenges_list" time="0.165" /><testcase classname="backend.tests.test_new_major_features.TestAdminChallengesAPI" name="test_admin_get_challenges_with_status_filter" time="0.198" /><testcase classname="backend.tests.test_new_major_features.TestAdminChallengesAPI" name="test_admin_challenges_rejects_non_admin" time="0.146" /><testcase classname="backend.tests.test_new_major_features.TestAdminCancelChallenge" name="test_admin_cancel_challenge_creates_then_cancels" time="0.385" /><testcase classname="backend.tests.test_new_major_features.TestAdminCancelChallenge" name="test_admin_cancel_non_admin_rejected" time="0.134" /><testcase classname="backend.tests.test_new_major_features.TestEscrowWalletAPI" name="test_escrow_wallet_returns_correct_address" time="0.163" /><testcase classname="backend.tests.test_new_major_features.TestEscrowDepositAPI" name="test_escrow_deposit_records_transaction" time="0.408" /><testcase classname="backend.tests.test_new_major_features.TestMessagesAPI" name="test_send_message_works" time="0.262" /><testcase classname="backend.tests.test_new_major_features.TestMessagesAPI" name="test_send_message_empty_content_rejected" time="0.181" /><testcase classname="backend.tests.test_new_major_features.TestMessagesAPI" name="test_send_message_to_self_rejected" time="0.241" /><testcase classname="backend.tests.test_new_major_features.TestMessagesAPI" name="test_get_conversations_works" time="0.366" /><testcase classname="backend.tests.test_new_major_features.TestMessagesAPI" name="test_get_conversation_messages_works" time="0.255" /><testcase classname="backend.tests.test_new_major_features.TestNotificationsAPI" name="test_get_notifications_works" time="0.148" /><testcase classname="backend.tests.test_new_major_features.TestNotificationsAPI" name="test_mark_all_notifications_read" time="0.124" /><testcase classname="backend.tests.test_new_major_features.TestTradingJournalBackupAPI" name="test_create_backup_works" time="0.213" /><testcase classname="backend.tests.test_new_major_features.TestTradingJournalBackupAPI" name="test_list_backups_works" time="0.166" /><testcase classname="backend.tests.test_new_major_features.TestTradingJournalBackupAPI" name="test_restore_backup_works" time="0.216" /><testcase classname="backend.tests.test_new_major_features.TestTradingJournalBackupAPI" name="test_delete_backup_works" time="0.369" /><testcase classname="backend.tests.test_new_major_features.TestAdminBetsAPI" name="test_admin_get_bets_list" time="0.151" /><testcase classname="backend.tests.test_new_major_features.TestAdminEscrowAPI" name="test_admin_get_escrow_stats" time="0.174" /><testcase classname="backend.tests.test_new_major_features.TestExistingFeaturesStillWork" name="test_p2p_arena_betting_config" time="0.171" /><testcase classname="backend.tests.test_new_major_features.TestExistingFeaturesStillWork" name="test_p2p_arena_pot_status" time="0.162" /><testcase classname="backend.tests.test_new_major_features.TestExistingFeaturesStillWork" name="test_forum_categories" time="0.112" /><testcase classname="backend.tests.test_new_major_features.TestExistingFeaturesStillWork" name="test_forum_posts" time="0.153" /></testsuite></testsuites>