<?xml version="1.0" encoding="utf-8"?><testsuites name="pytest tests"><testsuite name="pytest" errors="0" failures="0" skipped="0" tests="28" time="4.849" timestamp="2026-03-26T22:11:54.542256+00:00" hostname="agent-env-c7bc084c-e984-47b3-8d93-29f87fde0fbe"><testcase classname="backend.tests.test_iteration89_refactoring.TestLedgerBalance" name="test_ledger_balance_endpoint_exists" time="0.175" /><testcase classname="backend.tests.test_iteration89_refactoring.TestLedgerBalance" name="test_ledger_balance_has_required_fields" time="0.119" /><testcase classname="backend.tests.test_iteration89_refactoring.TestLedgerBalance" name="test_ledger_available_sol_matches_onchain" time="0.112" /><testcase classname="backend.tests.test_iteration89_refactoring.TestLedgerBalance" name="test_ledger_total_fees_tracked" time="0.147" /><testcase classname="backend.tests.test_iteration89_refactoring.TestLedgerBalance" name="test_ledger_unrealised_pnl_present" time="0.145" /><testcase classname="backend.tests.test_iteration89_refactoring.TestPositions" name="test_positions_endpoint_exists" time="0.433" /><testcase classname="backend.tests.test_iteration89_refactoring.TestPositions" name="test_positions_has_required_fields" time="0.111" /><testcase classname="backend.tests.test_iteration89_refactoring.TestPositions" name="test_pyth_position_has_live_price" time="0.122" /><testcase classname="backend.tests.test_iteration89_refactoring.TestPositions" name="test_pyth_position_has_unrealized_pnl" time="0.115" /><testcase classname="backend.tests.test_iteration89_refactoring.TestAutoTradeCheckExits" name="test_check_exits_endpoint_exists" time="0.149" /><testcase classname="backend.tests.test_iteration89_refactoring.TestAutoTradeCheckExits" name="test_check_exits_has_required_fields" time="0.162" /><testcase classname="backend.tests.test_iteration89_refactoring.TestAutoTradeCheckExits" name="test_check_exits_checks_positions" time="0.149" /><testcase classname="backend.tests.test_iteration89_refactoring.TestAutoTradeScanAndExecute" name="test_scan_and_execute_endpoint_exists" time="0.183" /><testcase classname="backend.tests.test_iteration89_refactoring.TestAutoTradeScanAndExecute" name="test_scan_and_execute_has_required_fields" time="0.158" /><testcase classname="backend.tests.test_iteration89_refactoring.TestAutoTradeScanAndExecute" name="test_scan_and_execute_no_errors" time="0.137" /><testcase classname="backend.tests.test_iteration89_refactoring.TestPriceAlerts" name="test_alerts_endpoint_exists" time="0.115" /><testcase classname="backend.tests.test_iteration89_refactoring.TestPriceAlerts" name="test_alerts_has_required_fields" time="0.135" /><testcase classname="backend.tests.test_iteration89_refactoring.TestPriceAlerts" name="test_alerts_returns_list" time="0.134" /><testcase classname="backend.tests.test_iteration89_refactoring.TestSettings" name="test_settings_endpoint_exists" time="0.107" /><testcase classname="backend.tests.test_iteration89_refactoring.TestSettings" name="test_settings_has_required_fields" time="0.110" /><testcase classname="backend.tests.test_iteration89_refactoring.TestSettings" name="test_settings_trading_mode_valid" time="0.105" /><testcase classname="backend.tests.test_iteration89_refactoring.TestReconciliation" name="test_reconciliation_endpoint_exists" time="0.233" /><testcase classname="backend.tests.test_iteration89_refactoring.TestReconciliation" name="test_reconciliation_has_required_fields" time="0.237" /><testcase classname="backend.tests.test_iteration89_refactoring.TestReconciliation" name="test_reconciliation_has_user_breakdown" time="0.249" /><testcase classname="backend.tests.test_iteration89_refactoring.TestDetectDeposit" name="test_detect_deposit_endpoint_exists" time="0.237" /><testcase classname="backend.tests.test_iteration89_refactoring.TestDetectDeposit" name="test_detect_deposit_has_required_fields" time="0.230" /><testcase classname="backend.tests.test_iteration89_refactoring.TestDetectDeposit" name="test_detect_deposit_no_new_deposit" time="0.218" /><testcase classname="backend.tests.test_iteration89_refactoring.TestDataIntegrity" name="test_ledger_locked_matches_positions" time="0.233" /></testsuite></testsuites>