<?xml version="1.0" encoding="utf-8"?><testsuites name="pytest tests"><testsuite name="pytest" errors="0" failures="0" skipped="0" tests="8" time="1.328" timestamp="2026-03-25T01:23:32.084327+00:00" hostname="agent-env-c7bc084c-e984-47b3-8d93-29f87fde0fbe"><testcase classname="backend.tests.test_iteration80_community_spotlight.TestCommunitySpotlightAPIs" name="test_api_root" time="0.171" /><testcase classname="backend.tests.test_iteration80_community_spotlight.TestCommunitySpotlightAPIs" name="test_leaderboard_endpoint" time="0.118" /><testcase classname="backend.tests.test_iteration80_community_spotlight.TestCommunitySpotlightAPIs" name="test_platform_stats_endpoint" time="0.170" /><testcase classname="backend.tests.test_iteration80_community_spotlight.TestCommunitySpotlightAPIs" name="test_social_trading_leaderboard" time="0.120" /><testcase classname="backend.tests.test_iteration80_community_spotlight.TestPreviousFixes" name="test_tokenomics_stats" time="0.111" /><testcase classname="backend.tests.test_iteration80_community_spotlight.TestPreviousFixes" name="test_newsletter_subscribe" time="0.109" /><testcase classname="backend.tests.test_iteration80_community_spotlight.TestPreviousFixes" name="test_ai_trader_settings" time="0.114" /><testcase classname="backend.tests.test_iteration80_community_spotlight.TestPageEndpoints" name="test_home_page_api_calls" time="0.347" /></testsuite></testsuites>