<?xml version="1.0" encoding="utf-8"?><testsuites name="pytest tests"><testsuite name="pytest" errors="0" failures="0" skipped="0" tests="16" time="1.204" timestamp="2026-02-16T23:49:47.066702+00:00" hostname="agent-env-8385ca21-01f2-4c51-a7bb-36e3eb850f1a"><testcase classname="backend.tests.test_p1_p2_ux_backend.TestBackendAPIsAfterRefactoring" name="test_betting_config_endpoint" time="0.306" /><testcase classname="backend.tests.test_p1_p2_ux_backend.TestBackendAPIsAfterRefactoring" name="test_betting_challenges_endpoint" time="0.165" /><testcase classname="backend.tests.test_p1_p2_ux_backend.TestBackendAPIsAfterRefactoring" name="test_leaderboard_endpoint" time="0.255" /><testcase classname="backend.tests.test_p1_p2_ux_backend.TestBackendAPIsAfterRefactoring" name="test_api_root_health" time="0.110" /><testcase classname="backend.tests.test_p1_p2_ux_backend.TestBackendAPIsAfterRefactoring" name="test_betting_pot_endpoint" time="0.149" /><testcase classname="backend.tests.test_p1_p2_ux_backend.TestBackendAPIsAfterRefactoring" name="test_betting_history_endpoint" time="0.142" /><testcase classname="backend.tests.test_p1_p2_ux_backend.TestBackendModularStructure" name="test_models_schemas_file_exists" time="0.000" /><testcase classname="backend.tests.test_p1_p2_ux_backend.TestBackendModularStructure" name="test_services_email_service_exists" time="0.000" /><testcase classname="backend.tests.test_p1_p2_ux_backend.TestBackendModularStructure" name="test_services_auth_service_exists" time="0.000" /><testcase classname="backend.tests.test_p1_p2_ux_backend.TestBackendModularStructure" name="test_utils_config_exists" time="0.000" /><testcase classname="backend.tests.test_p1_p2_ux_backend.TestBackendModularStructure" name="test_utils_database_exists" time="0.000" /><testcase classname="backend.tests.test_p1_p2_ux_backend.TestBackendModularStructure" name="test_routers_directory_exists" time="0.000" /><testcase classname="backend.tests.test_p1_p2_ux_backend.TestFrontendSoundFiles" name="test_sounds_utility_file_exists" time="0.000" /><testcase classname="backend.tests.test_p1_p2_ux_backend.TestFrontendSoundFiles" name="test_animations_css_file_exists" time="0.000" /><testcase classname="backend.tests.test_p1_p2_ux_backend.TestFrontendSoundFiles" name="test_betting_arena_imports_sounds" time="0.000" /><testcase classname="backend.tests.test_p1_p2_ux_backend.TestFrontendSoundFiles" name="test_speedrun_game_imports_sounds" time="0.000" /></testsuite></testsuites>