<?xml version="1.0" encoding="utf-8"?><testsuites name="pytest tests"><testsuite name="pytest" errors="0" failures="0" skipped="0" tests="9" time="2.403" timestamp="2026-05-12T23:11:36.906065+00:00" hostname="agent-env-c7bc084c-e984-47b3-8d93-29f87fde0fbe"><testcase classname="backend.tests.test_leaderboard_iteration99.TestLeaderboardSubmit" name="test_get_leaderboard_initial" time="1.448" /><testcase classname="backend.tests.test_leaderboard_iteration99.TestLeaderboardSubmit" name="test_submit_new_score_returns_rank" time="0.073" /><testcase classname="backend.tests.test_leaderboard_iteration99.TestLeaderboardSubmit" name="test_submitted_appears_in_get_leaderboard" time="0.066" /><testcase classname="backend.tests.test_leaderboard_iteration99.TestLeaderboardSubmit" name="test_higher_score_updates_existing_entry" time="0.140" /><testcase classname="backend.tests.test_leaderboard_iteration99.TestLeaderboardSubmit" name="test_lower_score_does_not_overwrite" time="0.141" /><testcase classname="backend.tests.test_leaderboard_iteration99.TestLeaderboardSubmit" name="test_submit_default_player_name" time="0.069" /><testcase classname="backend.tests.test_leaderboard_iteration99.TestLeaderboardSubmit" name="test_submit_missing_field_returns_422" time="0.166" /><testcase classname="backend.tests.test_leaderboard_iteration99.TestRegressionSmoke" name="test_arena_active_pot_endpoint" time="0.066" /><testcase classname="backend.tests.test_leaderboard_iteration99.TestRegressionSmoke" name="test_prize_pool_status" time="0.065" /></testsuite></testsuites>