<?xml version="1.0" encoding="utf-8"?><testsuites name="pytest tests"><testsuite name="pytest" errors="0" failures="0" skipped="0" tests="12" time="19.505" timestamp="2026-02-22T04:00:18.340280+00:00" hostname="agent-env-f9cbfc37-eb9d-4587-9ba5-23449865fdae"><testcase classname="backend.tests.test_ai_chat_live.TestAIChatEndpoints" name="test_ai_chat_basic" time="3.630" /><testcase classname="backend.tests.test_ai_chat_live.TestAIChatEndpoints" name="test_ai_chat_price_query_sol" time="1.828" /><testcase classname="backend.tests.test_ai_chat_live.TestAIChatEndpoints" name="test_ai_chat_price_query_btc" time="3.457" /><testcase classname="backend.tests.test_ai_chat_live.TestAIChatEndpoints" name="test_ai_chat_trending_query" time="4.682" /><testcase classname="backend.tests.test_ai_chat_live.TestAIChatEndpoints" name="test_ai_chat_non_price_query" time="4.095" /><testcase classname="backend.tests.test_ai_chat_live.TestLivePricesEndpoint" name="test_get_live_prices" time="0.199" /><testcase classname="backend.tests.test_ai_chat_live.TestLivePricesEndpoint" name="test_live_prices_has_major_coins" time="0.179" /><testcase classname="backend.tests.test_ai_chat_live.TestSinglePriceEndpoint" name="test_get_sol_price" time="0.299" /><testcase classname="backend.tests.test_ai_chat_live.TestSinglePriceEndpoint" name="test_get_btc_price" time="0.241" /><testcase classname="backend.tests.test_ai_chat_live.TestSinglePriceEndpoint" name="test_get_eth_price" time="0.298" /><testcase classname="backend.tests.test_ai_chat_live.TestSinglePriceEndpoint" name="test_get_unknown_coin_price" time="0.301" /><testcase classname="backend.tests.test_ai_chat_live.TestTrendingEndpoint" name="test_get_trending_coins" time="0.185" /></testsuite></testsuites>