<?xml version="1.0" encoding="utf-8"?><testsuites name="pytest tests"><testsuite name="pytest" errors="0" failures="0" skipped="0" tests="11" time="5.383" timestamp="2026-03-04T01:25:41.196088+00:00" hostname="agent-env-58c4dc97-7025-43f5-8061-680457ad9759"><testcase classname="tests.test_jupiter_swap.TestJupiterQuoteEndpoint" name="test_quote_returns_valid_response" time="0.400" /><testcase classname="tests.test_jupiter_swap.TestJupiterQuoteEndpoint" name="test_quote_has_route_plan" time="0.203" /><testcase classname="tests.test_jupiter_swap.TestSwapTransactionEndpoint" name="test_swap_transaction_returns_serialized_tx" time="0.350" /><testcase classname="tests.test_jupiter_swap.TestSwapTransactionEndpoint" name="test_swap_transaction_includes_quote_info" time="0.348" /><testcase classname="tests.test_jupiter_swap.TestSwapTransactionEndpoint" name="test_swap_transaction_includes_block_height" time="0.355" /><testcase classname="tests.test_jupiter_swap.TestExecuteSwapEndpoint" name="test_execute_swap_requires_valid_signal" time="0.144" /><testcase classname="tests.test_jupiter_swap.TestExecuteSwapEndpoint" name="test_execute_swap_requires_all_params" time="0.177" /><testcase classname="tests.test_jupiter_swap.TestAITraderEndpointsExist" name="test_disclaimer_endpoint" time="0.107" /><testcase classname="tests.test_jupiter_swap.TestAITraderEndpointsExist" name="test_tokens_endpoint" time="0.987" /><testcase classname="tests.test_jupiter_swap.TestAITraderEndpointsExist" name="test_analyze_endpoint_exists" time="0.481" /><testcase classname="tests.test_jupiter_swap.TestAITraderEndpointsExist" name="test_scan_all_endpoint" time="1.651" /></testsuite></testsuites>