<?xml version="1.0" encoding="utf-8"?><testsuites name="pytest tests"><testsuite name="pytest" errors="0" failures="0" skipped="0" tests="16" time="3.691" timestamp="2026-03-14T22:37:30.216140+00:00" hostname="agent-env-8d1a78cf-270d-415b-b3ca-7bb6cd2548a2"><testcase classname="backend.tests.test_new_features_iteration48.TestAutoTradeStatus" name="test_auto_trade_status_returns_ok" time="0.254" /><testcase classname="backend.tests.test_new_features_iteration48.TestAutoTradeStatus" name="test_auto_trade_status_structure" time="0.117" /><testcase classname="backend.tests.test_new_features_iteration48.TestAutoTradeToggle" name="test_toggle_auto_trade_enable" time="0.124" /><testcase classname="backend.tests.test_new_features_iteration48.TestAutoTradeToggle" name="test_toggle_auto_trade_disable" time="0.110" /><testcase classname="backend.tests.test_new_features_iteration48.TestAutoTradeToggle" name="test_toggle_response_has_message" time="0.236" /><testcase classname="backend.tests.test_new_features_iteration48.TestAutoTradeLogs" name="test_auto_trade_logs_returns_ok" time="0.116" /><testcase classname="backend.tests.test_new_features_iteration48.TestAutoTradeLogs" name="test_auto_trade_logs_structure" time="0.115" /><testcase classname="backend.tests.test_new_features_iteration48.TestAutoTradeSettings" name="test_update_auto_trade_settings" time="0.106" /><testcase classname="backend.tests.test_new_features_iteration48.TestLeaderboard" name="test_leaderboard_returns_ok" time="0.130" /><testcase classname="backend.tests.test_new_features_iteration48.TestLeaderboard" name="test_leaderboard_structure" time="0.127" /><testcase classname="backend.tests.test_new_features_iteration48.TestLeaderboard" name="test_leaderboard_submit_score" time="0.113" /><testcase classname="backend.tests.test_new_features_iteration48.TestAITraderCore" name="test_tokens_endpoint" time="0.972" /><testcase classname="backend.tests.test_new_features_iteration48.TestAITraderCore" name="test_signals_endpoint" time="0.115" /><testcase classname="backend.tests.test_new_features_iteration48.TestAITraderCore" name="test_positions_endpoint" time="0.201" /><testcase classname="backend.tests.test_new_features_iteration48.TestAITraderCore" name="test_history_endpoint" time="0.119" /><testcase classname="backend.tests.test_new_features_iteration48.TestAutoTradeEndToEnd" name="test_full_auto_trade_flow" time="0.680" /></testsuite></testsuites>