<?xml version="1.0" encoding="utf-8"?><testsuites name="pytest tests"><testsuite name="pytest" errors="0" failures="0" skipped="0" tests="19" time="0.970" timestamp="2026-04-09T23:37:15.308885+00:00" hostname="agent-env-c7bc084c-e984-47b3-8d93-29f87fde0fbe"><testcase classname="tests.test_iteration96_trading_improvements.TestMarketQualityConstants" name="test_min_liquidity_usd_lowered_to_5000" time="0.273" /><testcase classname="tests.test_iteration96_trading_improvements.TestMarketQualityConstants" name="test_min_sell_txns_24h_defined" time="0.000" /><testcase classname="tests.test_iteration96_trading_improvements.TestMarketQualityConstants" name="test_min_buy_sell_ratio_defined" time="0.000" /><testcase classname="tests.test_iteration96_trading_improvements.TestMarketQualityConstants" name="test_extract_market_quality_returns_sells_ok_flag" time="0.000" /><testcase classname="tests.test_iteration96_trading_improvements.TestMarketQualityConstants" name="test_extract_market_quality_returns_ratio_ok_flag" time="0.000" /><testcase classname="tests.test_iteration96_trading_improvements.TestSellRetryLogic" name="test_max_sell_retries_constant_exists" time="0.001" /><testcase classname="tests.test_iteration96_trading_improvements.TestSellRetryLogic" name="test_force_close_status_exists" time="0.000" /><testcase classname="tests.test_iteration96_trading_improvements.TestSellRetryLogic" name="test_sell_retry_count_increment_logic" time="0.001" /><testcase classname="tests.test_iteration96_trading_improvements.TestTrailingStopDefaults" name="test_trail_activation_pct_default_is_8" time="0.001" /><testcase classname="tests.test_iteration96_trading_improvements.TestTrailingStopDefaults" name="test_trail_distance_pct_fallback_is_005" time="0.000" /><testcase classname="tests.test_iteration96_trading_improvements.TestConvictionSizing" name="test_conviction_sizing_085_is_13x" time="0.000" /><testcase classname="tests.test_iteration96_trading_improvements.TestConvictionSizing" name="test_conviction_sizing_bands_recalibrated" time="0.001" /><testcase classname="tests.test_iteration96_trading_improvements.TestAgreementBoost" name="test_agreement_boost_reduced_to_003" time="0.000" /><testcase classname="tests.test_iteration96_trading_improvements.TestMinHoldingPeriod" name="test_min_hold_minutes_constant_exists" time="0.001" /><testcase classname="tests.test_iteration96_trading_improvements.TestMinHoldingPeriod" name="test_min_hold_skips_exit_check" time="0.000" /><testcase classname="tests.test_iteration96_trading_improvements.TestBackendHealth" name="test_backend_imports_cleanly" time="0.001" /><testcase classname="tests.test_iteration96_trading_improvements.TestBackendHealth" name="test_backend_responds_to_requests" time="0.242" /><testcase classname="tests.test_iteration96_trading_improvements.TestPerformanceEndpoint" name="test_performance_endpoint_returns_200" time="0.114" /><testcase classname="tests.test_iteration96_trading_improvements.TestPerformanceEndpoint" name="test_performance_endpoint_returns_valid_json" time="0.155" /></testsuite></testsuites>