<?xml version="1.0" encoding="utf-8"?><testsuites name="pytest tests"><testsuite name="pytest" errors="0" failures="0" skipped="0" tests="34" time="23.056" timestamp="2026-03-15T03:12:44.489915+00:00" hostname="agent-env-8d1a78cf-270d-415b-b3ca-7bb6cd2548a2"><testcase classname="tests.test_security_audit_iteration50.TestCustodialWalletPrivateKeyExposure" name="test_wallet_info_no_private_key" time="0.455" /><testcase classname="tests.test_security_audit_iteration50.TestCustodialWalletPrivateKeyExposure" name="test_wallet_address_no_private_key" time="0.048" /><testcase classname="tests.test_security_audit_iteration50.TestCustodialWalletPrivateKeyExposure" name="test_prepare_deposit_no_private_key" time="0.169" /><testcase classname="tests.test_security_audit_iteration50.TestCustodialWalletPrivateKeyExposure" name="test_transaction_history_no_private_key" time="0.201" /><testcase classname="tests.test_security_audit_iteration50.TestCustodialWalletWithdrawalValidation" name="test_withdraw_more_than_balance_fails" time="0.301" /><testcase classname="tests.test_security_audit_iteration50.TestCustodialWalletWithdrawalValidation" name="test_withdraw_with_zero_balance_fails" time="0.309" /><testcase classname="tests.test_security_audit_iteration50.TestCustodialWalletWithdrawalValidation" name="test_negative_withdrawal_rejected" time="0.041" /><testcase classname="tests.test_security_audit_iteration50.TestCustodialWalletDepositLimits" name="test_deposit_over_limit_rejected" time="0.049" /><testcase classname="tests.test_security_audit_iteration50.TestCustodialWalletDepositLimits" name="test_deposit_exactly_at_limit_accepted" time="0.161" /><testcase classname="tests.test_security_audit_iteration50.TestCustodialWalletDepositLimits" name="test_max_deposit_value_in_response" time="0.153" /><testcase classname="tests.test_security_audit_iteration50.TestNoSQLInjectionVulnerabilities" name="test_custodial_wallet_nosql_injection" time="1.236" /><testcase classname="tests.test_security_audit_iteration50.TestNoSQLInjectionVulnerabilities" name="test_ai_trader_settings_nosql_injection" time="0.364" /><testcase classname="tests.test_security_audit_iteration50.TestNoSQLInjectionVulnerabilities" name="test_telegram_status_nosql_injection" time="0.378" /><testcase classname="tests.test_security_audit_iteration50.TestWalletAddressValidation" name="test_custodial_accepts_valid_solana_address" time="0.149" /><testcase classname="tests.test_security_audit_iteration50.TestWalletAddressValidation" name="test_ai_trader_accepts_valid_wallet" time="0.042" /><testcase classname="tests.test_security_audit_iteration50.TestWalletAddressValidation" name="test_empty_wallet_handled" time="0.045" /><testcase classname="tests.test_security_audit_iteration50.TestAutoTradeSettingsAuthorization" name="test_get_settings_returns_only_requested_wallet" time="0.192" /><testcase classname="tests.test_security_audit_iteration50.TestAutoTradeSettingsAuthorization" name="test_positions_only_returns_own_positions" time="0.283" /><testcase classname="tests.test_security_audit_iteration50.TestTelegramLinkCodeSecurity" name="test_link_codes_are_unique" time="0.863" /><testcase classname="tests.test_security_audit_iteration50.TestTelegramLinkCodeSecurity" name="test_link_code_expiration_mentioned" time="0.414" /><testcase classname="tests.test_security_audit_iteration50.TestTelegramLinkCodeSecurity" name="test_invalid_code_rejected" time="0.046" /><testcase classname="tests.test_security_audit_iteration50.TestSensitiveDataInErrorMessages" name="test_custodial_error_no_db_info" time="0.043" /><testcase classname="tests.test_security_audit_iteration50.TestSensitiveDataInErrorMessages" name="test_ai_trader_error_no_api_keys" time="0.043" /><testcase classname="tests.test_security_audit_iteration50.TestSensitiveDataInErrorMessages" name="test_500_errors_no_stack_trace" time="0.092" /><testcase classname="tests.test_security_audit_iteration50.TestMongoDBObjectIdExposure" name="test_custodial_wallet_no_objectid" time="0.166" /><testcase classname="tests.test_security_audit_iteration50.TestMongoDBObjectIdExposure" name="test_ai_trader_settings_no_objectid" time="0.095" /><testcase classname="tests.test_security_audit_iteration50.TestMongoDBObjectIdExposure" name="test_telegram_status_no_objectid" time="0.048" /><testcase classname="tests.test_security_audit_iteration50.TestMongoDBObjectIdExposure" name="test_positions_no_objectid" time="0.134" /><testcase classname="tests.test_security_audit_iteration50.TestAIChatMemoryAndConsistency" name="test_ai_chat_endpoint_works" time="2.576" /><testcase classname="tests.test_security_audit_iteration50.TestAIChatMemoryAndConsistency" name="test_ai_chat_knows_bullpug_lore" time="2.916" /><testcase classname="tests.test_security_audit_iteration50.TestAIChatMemoryAndConsistency" name="test_ai_chat_maintains_context" time="7.477" /><testcase classname="tests.test_security_audit_iteration50.TestAIChatMemoryAndConsistency" name="test_ai_provides_trading_insights" time="3.247" /><testcase classname="tests.test_security_audit_iteration50.TestChatHistoryPersistence" name="test_save_chat_history" time="0.052" /><testcase classname="tests.test_security_audit_iteration50.TestChatHistoryPersistence" name="test_retrieve_chat_history" time="0.095" /></testsuite></testsuites>