<?xml version="1.0" encoding="utf-8"?><testsuites name="pytest tests"><testsuite name="pytest" errors="0" failures="0" skipped="0" tests="14" time="10.464" timestamp="2026-03-25T03:56:21.226176+00:00" hostname="agent-env-c7bc084c-e984-47b3-8d93-29f87fde0fbe"><testcase classname="backend.tests.test_iteration87_deposit_trading_mode.TestDepositDetection" name="test_detect_deposit_endpoint_exists" time="0.403" /><testcase classname="backend.tests.test_iteration87_deposit_trading_mode.TestDepositDetection" name="test_detect_deposit_returns_expected_fields" time="0.330" /><testcase classname="backend.tests.test_iteration87_deposit_trading_mode.TestDepositDetection" name="test_detect_deposit_updates_ledger_balance" time="0.442" /><testcase classname="backend.tests.test_iteration87_deposit_trading_mode.TestTradingModeSettings" name="test_save_settings_with_normal_mode" time="0.112" /><testcase classname="backend.tests.test_iteration87_deposit_trading_mode.TestTradingModeSettings" name="test_save_settings_with_conservative_mode" time="0.113" /><testcase classname="backend.tests.test_iteration87_deposit_trading_mode.TestTradingModeSettings" name="test_save_settings_with_aggressive_mode" time="0.115" /><testcase classname="backend.tests.test_iteration87_deposit_trading_mode.TestTradingModeSettings" name="test_save_settings_with_sniper_mode" time="0.104" /><testcase classname="backend.tests.test_iteration87_deposit_trading_mode.TestTradingModeSettings" name="test_mode_sequence_all_four" time="0.903" /><testcase classname="backend.tests.test_iteration87_deposit_trading_mode.TestLedgerBalance" name="test_ledger_balance_returns_available_sol" time="0.126" /><testcase classname="backend.tests.test_iteration87_deposit_trading_mode.TestReconciliation" name="test_reconciliation_endpoint_exists" time="3.725" /><testcase classname="backend.tests.test_iteration87_deposit_trading_mode.TestReconciliation" name="test_reconciliation_returns_healthy_status" time="3.703" /><testcase classname="backend.tests.test_iteration87_deposit_trading_mode.TestFrontendPageLoads" name="test_homepage_loads" time="0.111" /><testcase classname="backend.tests.test_iteration87_deposit_trading_mode.TestFrontendPageLoads" name="test_trader_page_loads" time="0.110" /><testcase classname="backend.tests.test_iteration87_deposit_trading_mode.TestFrontendPageLoads" name="test_ai_trader_page_loads" time="0.099" /></testsuite></testsuites>