<?xml version="1.0" encoding="utf-8"?><testsuites name="pytest tests"><testsuite name="pytest" errors="0" failures="0" skipped="0" tests="29" time="14.902" timestamp="2026-03-13T22:33:19.702780+00:00" hostname="agent-env-1c30f61c-8b67-4c40-8d2b-7f873acd9c98"><testcase classname="backend.tests.test_telegram_bot_integration.TestTelegramBotInfo" name="test_bot_info_returns_200" time="1.448" /><testcase classname="backend.tests.test_telegram_bot_integration.TestTelegramBotInfo" name="test_bot_info_returns_success" time="0.508" /><testcase classname="backend.tests.test_telegram_bot_integration.TestTelegramBotInfo" name="test_bot_info_returns_username" time="0.528" /><testcase classname="backend.tests.test_telegram_bot_integration.TestTelegramBotInfo" name="test_bot_info_returns_link" time="0.543" /><testcase classname="backend.tests.test_telegram_bot_integration.TestTelegramBotInfo" name="test_bot_info_returns_bot_name" time="0.619" /><testcase classname="backend.tests.test_telegram_bot_integration.TestTelegramGenerateLinkCode" name="test_generate_link_code_returns_200" time="0.571" /><testcase classname="backend.tests.test_telegram_bot_integration.TestTelegramGenerateLinkCode" name="test_generate_link_code_returns_success" time="0.497" /><testcase classname="backend.tests.test_telegram_bot_integration.TestTelegramGenerateLinkCode" name="test_generate_link_code_returns_6_char_code" time="0.539" /><testcase classname="backend.tests.test_telegram_bot_integration.TestTelegramGenerateLinkCode" name="test_generate_link_code_returns_bot_info" time="0.513" /><testcase classname="backend.tests.test_telegram_bot_integration.TestTelegramGenerateLinkCode" name="test_generate_link_code_returns_instructions" time="0.518" /><testcase classname="backend.tests.test_telegram_bot_integration.TestTelegramGenerateLinkCode" name="test_generate_link_code_returns_expiry" time="0.506" /><testcase classname="backend.tests.test_telegram_bot_integration.TestTelegramGenerateLinkCode" name="test_generate_link_code_missing_wallet_returns_422" time="0.110" /><testcase classname="backend.tests.test_telegram_bot_integration.TestTelegramStatus" name="test_status_returns_200" time="0.128" /><testcase classname="backend.tests.test_telegram_bot_integration.TestTelegramStatus" name="test_status_unlinked_wallet_returns_linked_false" time="0.113" /><testcase classname="backend.tests.test_telegram_bot_integration.TestTelegramStatus" name="test_status_response_structure" time="0.132" /><testcase classname="backend.tests.test_telegram_bot_integration.TestTelegramUnlink" name="test_unlink_returns_200" time="0.117" /><testcase classname="backend.tests.test_telegram_bot_integration.TestTelegramUnlink" name="test_unlink_unlinked_wallet_returns_success_false" time="0.163" /><testcase classname="backend.tests.test_telegram_bot_integration.TestTelegramUnlink" name="test_unlink_response_has_message" time="0.116" /><testcase classname="backend.tests.test_telegram_bot_integration.TestTelegramWebhook" name="test_webhook_returns_200_for_empty_update" time="0.116" /><testcase classname="backend.tests.test_telegram_bot_integration.TestTelegramWebhook" name="test_webhook_returns_ok_true" time="0.130" /><testcase classname="backend.tests.test_telegram_bot_integration.TestTelegramWebhook" name="test_webhook_handles_message_without_text" time="0.110" /><testcase classname="backend.tests.test_telegram_bot_integration.TestTelegramWebhook" name="test_webhook_handles_start_command" time="1.108" /><testcase classname="backend.tests.test_telegram_bot_integration.TestTelegramWebhook" name="test_webhook_handles_help_command" time="1.026" /><testcase classname="backend.tests.test_telegram_bot_integration.TestTelegramWebhook" name="test_webhook_handles_invalid_code" time="1.021" /><testcase classname="backend.tests.test_telegram_bot_integration.TestTelegramWebhook" name="test_webhook_handles_random_message" time="1.087" /><testcase classname="backend.tests.test_telegram_bot_integration.TestTelegramIntegrationFlow" name="test_full_link_flow" time="0.760" /><testcase classname="backend.tests.test_telegram_bot_integration.TestTelegramIntegrationFlow" name="test_code_uniqueness" time="1.481" /><testcase classname="backend.tests.test_telegram_bot_integration.TestTelegramVerifyCode" name="test_verify_code_endpoint_exists" time="0.130" /><testcase classname="backend.tests.test_telegram_bot_integration.TestTelegramVerifyCode" name="test_verify_invalid_code_returns_error" time="0.117" /></testsuite></testsuites>