<?xml version="1.0" encoding="utf-8"?><testsuites name="pytest tests"><testsuite name="pytest" errors="0" failures="0" skipped="0" tests="15" time="46.991" timestamp="2026-03-21T01:26:41.145081+00:00" hostname="agent-env-f483493e-faef-480f-bfca-c626b1a0e23f"><testcase classname="backend.tests.test_iteration63_custodial_runners.TestCustodialWalletDecryptionFix" name="test_custodial_wallet_info_returns_valid_address" time="0.394" /><testcase classname="backend.tests.test_iteration63_custodial_runners.TestCustodialWalletDecryptionFix" name="test_custodial_wallet_balance_is_zero" time="0.274" /><testcase classname="backend.tests.test_iteration63_custodial_runners.TestAutoTradeScanWithoutDecryptionErrors" name="test_auto_trade_scan_executes_without_errors" time="1.756" /><testcase classname="backend.tests.test_iteration63_custodial_runners.TestAutoTradeScanWithoutDecryptionErrors" name="test_auto_trade_scan_skips_due_to_insufficient_balance" time="8.963" /><testcase classname="backend.tests.test_iteration63_custodial_runners.TestAutoTradeScanWithoutDecryptionErrors" name="test_auto_trade_status_shows_enabled" time="0.137" /><testcase classname="backend.tests.test_iteration63_custodial_runners.TestRunnerTokensEndpoint" name="test_runners_endpoint_returns_success" time="0.757" /><testcase classname="backend.tests.test_iteration63_custodial_runners.TestRunnerTokensEndpoint" name="test_runners_endpoint_returns_list_of_tokens" time="0.604" /><testcase classname="backend.tests.test_iteration63_custodial_runners.TestRunnerTokensEndpoint" name="test_runner_tokens_have_required_fields" time="0.747" /><testcase classname="backend.tests.test_iteration63_custodial_runners.TestRunnerTokensEndpoint" name="test_runners_criteria_is_returned" time="0.809" /><testcase classname="backend.tests.test_iteration63_custodial_runners.TestRunnerTokensEndpoint" name="test_runners_disclaimer_is_returned" time="0.650" /><testcase classname="backend.tests.test_iteration63_custodial_runners.TestServicesRefactoring" name="test_ai_trader_analyze_uses_refactored_services" time="0.404" /><testcase classname="backend.tests.test_iteration63_custodial_runners.TestServicesRefactoring" name="test_scan_all_uses_refactored_services" time="2.430" /><testcase classname="backend.tests.test_iteration63_custodial_runners.TestRunnerDetectorService" name="test_runner_detector_returns_scored_tokens" time="0.780" /><testcase classname="backend.tests.test_iteration63_custodial_runners.TestRunnerDetectorService" name="test_runner_detector_filters_by_criteria" time="0.639" /><testcase classname="backend.tests.test_iteration63_custodial_runners.TestAutoTradeIncludesRunners" name="test_auto_trade_scan_includes_runners" time="27.522" /></testsuite></testsuites>