<?xml version="1.0" encoding="utf-8"?><testsuites name="pytest tests"><testsuite name="pytest" errors="0" failures="0" skipped="0" tests="13" time="2.882" timestamp="2026-02-16T23:27:23.361802+00:00" hostname="agent-env-8385ca21-01f2-4c51-a7bb-36e3eb850f1a"><testcase classname="backend.tests.test_i18n_email_auth_ratelimit.TestEmailEndpoints" name="test_email_test_endpoint_exists" time="0.172" /><testcase classname="backend.tests.test_i18n_email_auth_ratelimit.TestEmailEndpoints" name="test_email_subscribe_endpoint" time="0.217" /><testcase classname="backend.tests.test_i18n_email_auth_ratelimit.TestEmailEndpoints" name="test_email_subscription_status_endpoint" time="0.139" /><testcase classname="backend.tests.test_i18n_email_auth_ratelimit.TestAuthEndpoints" name="test_sign_message_endpoint" time="0.168" /><testcase classname="backend.tests.test_i18n_email_auth_ratelimit.TestAuthEndpoints" name="test_sign_message_with_action" time="0.123" /><testcase classname="backend.tests.test_i18n_email_auth_ratelimit.TestAuthEndpoints" name="test_verify_signature_endpoint_exists" time="0.199" /><testcase classname="backend.tests.test_i18n_email_auth_ratelimit.TestRateLimiting" name="test_rate_limit_on_challenge_create" time="0.754" /><testcase classname="backend.tests.test_i18n_email_auth_ratelimit.TestRateLimiting" name="test_rate_limit_on_pot_join" time="0.215" /><testcase classname="backend.tests.test_i18n_email_auth_ratelimit.TestExistingBettingFunctionality" name="test_betting_config" time="0.133" /><testcase classname="backend.tests.test_i18n_email_auth_ratelimit.TestExistingBettingFunctionality" name="test_get_challenges" time="0.163" /><testcase classname="backend.tests.test_i18n_email_auth_ratelimit.TestExistingBettingFunctionality" name="test_get_pot_status" time="0.178" /><testcase classname="backend.tests.test_i18n_email_auth_ratelimit.TestExistingBettingFunctionality" name="test_betting_history" time="0.173" /><testcase classname="backend.tests.test_i18n_email_auth_ratelimit.TestHealthAndRoot" name="test_api_root" time="0.190" /></testsuite></testsuites>