<?xml version="1.0" encoding="utf-8"?><testsuites name="pytest tests"><testsuite name="pytest" errors="0" failures="0" skipped="0" tests="24" time="47.532" timestamp="2026-03-14T21:21:57.406618+00:00" hostname="agent-env-1c30f61c-8b67-4c40-8d2b-7f873acd9c98"><testcase classname="backend.tests.test_trading_flow_iteration47.TestNewPairsEndpoint" name="test_new_pairs_returns_ok" time="0.902" /><testcase classname="backend.tests.test_trading_flow_iteration47.TestNewPairsEndpoint" name="test_new_pairs_structure" time="0.525" /><testcase classname="backend.tests.test_trading_flow_iteration47.TestCoinRecommendations" name="test_recommendations_returns_ok" time="6.151" /><testcase classname="backend.tests.test_trading_flow_iteration47.TestCoinRecommendations" name="test_recommendations_has_safe_picks" time="8.667" /><testcase classname="backend.tests.test_trading_flow_iteration47.TestCoinRecommendations" name="test_recommendations_has_volatile_picks" time="7.049" /><testcase classname="backend.tests.test_trading_flow_iteration47.TestCoinRecommendations" name="test_recommendations_pick_structure" time="7.761" /><testcase classname="backend.tests.test_trading_flow_iteration47.TestAnalyzeToken" name="test_analyze_sol_returns_ok" time="0.434" /><testcase classname="backend.tests.test_trading_flow_iteration47.TestAnalyzeToken" name="test_analyze_returns_analysis" time="0.375" /><testcase classname="backend.tests.test_trading_flow_iteration47.TestAnalyzeToken" name="test_analyze_bonk_returns_ok" time="0.350" /><testcase classname="backend.tests.test_trading_flow_iteration47.TestAnalyzeToken" name="test_analyze_with_contract_address" time="0.188" /><testcase classname="backend.tests.test_trading_flow_iteration47.TestPositions" name="test_positions_returns_ok" time="0.277" /><testcase classname="backend.tests.test_trading_flow_iteration47.TestPositions" name="test_positions_structure" time="0.290" /><testcase classname="backend.tests.test_trading_flow_iteration47.TestPositions" name="test_positions_have_pnl" time="0.270" /><testcase classname="backend.tests.test_trading_flow_iteration47.TestDeletePosition" name="test_create_and_delete_position" time="0.637" /><testcase classname="backend.tests.test_trading_flow_iteration47.TestDeletePosition" name="test_delete_nonexistent_position" time="0.108" /><testcase classname="backend.tests.test_trading_flow_iteration47.TestAlerts" name="test_get_alerts_returns_ok" time="0.113" /><testcase classname="backend.tests.test_trading_flow_iteration47.TestAlerts" name="test_alerts_structure" time="0.116" /><testcase classname="backend.tests.test_trading_flow_iteration47.TestAlerts" name="test_alert_has_required_fields" time="0.116" /><testcase classname="backend.tests.test_trading_flow_iteration47.TestAlerts" name="test_create_alert" time="0.109" /><testcase classname="backend.tests.test_trading_flow_iteration47.TestAlerts" name="test_breakout_scan" time="0.688" /><testcase classname="backend.tests.test_trading_flow_iteration47.TestTokensEndpoint" name="test_tokens_returns_ok" time="0.907" /><testcase classname="backend.tests.test_trading_flow_iteration47.TestTokensEndpoint" name="test_tokens_structure" time="2.744" /><testcase classname="backend.tests.test_trading_flow_iteration47.TestTokensEndpoint" name="test_tokens_have_mint_address" time="3.261" /><testcase classname="backend.tests.test_trading_flow_iteration47.TestEndToEndFlow" name="test_full_trading_flow" time="5.437" /></testsuite></testsuites>