<?xml version="1.0" encoding="utf-8"?><testsuites name="pytest tests"><testsuite name="pytest" errors="0" failures="0" skipped="0" tests="23" time="4.216" timestamp="2026-02-17T02:23:40.592239+00:00" hostname="agent-env-23682343-d3af-49f9-a480-6c689be951ca"><testcase classname="tests.test_modular_routes.TestSkinsRouter" name="test_skins_catalog_returns_200" time="0.395" /><testcase classname="tests.test_modular_routes.TestSkinsRouter" name="test_skins_catalog_has_correct_structure" time="0.203" /><testcase classname="tests.test_modular_routes.TestSkinsRouter" name="test_achievement_status_returns_200" time="0.205" /><testcase classname="tests.test_modular_routes.TestLeaderboardRouter" name="test_leaderboard_returns_200" time="0.175" /><testcase classname="tests.test_modular_routes.TestLeaderboardRouter" name="test_leaderboard_submit_returns_200" time="0.159" /><testcase classname="tests.test_modular_routes.TestLeaderboardRouter" name="test_leaderboard_with_limit" time="0.119" /><testcase classname="tests.test_modular_routes.TestForumRouter" name="test_forum_categories_returns_200" time="0.172" /><testcase classname="tests.test_modular_routes.TestForumRouter" name="test_forum_posts_returns_200" time="0.349" /><testcase classname="tests.test_modular_routes.TestForumRouter" name="test_forum_posts_by_category" time="0.138" /><testcase classname="tests.test_modular_routes.TestJournalRouter" name="test_journal_dashboard_returns_200" time="0.137" /><testcase classname="tests.test_modular_routes.TestJournalRouter" name="test_journal_trades_returns_200" time="0.146" /><testcase classname="tests.test_modular_routes.TestMessagesRouter" name="test_conversations_returns_200" time="0.125" /><testcase classname="tests.test_modular_routes.TestMessagesRouter" name="test_inbox_returns_200" time="0.151" /><testcase classname="tests.test_modular_routes.TestShowcaseRouter" name="test_showcase_returns_200" time="0.178" /><testcase classname="tests.test_modular_routes.TestShowcaseRouter" name="test_showcase_collection_structure" time="0.154" /><testcase classname="tests.test_modular_routes.TestShowcaseRouter" name="test_showcase_collectors_leaderboard" time="0.175" /><testcase classname="tests.test_modular_routes.TestShowcaseRouter" name="test_showcase_recent_acquisitions" time="0.206" /><testcase classname="tests.test_modular_routes.TestRootEndpoint" name="test_api_root_returns_200" time="0.111" /><testcase classname="tests.test_modular_routes.TestOtherEndpoints" name="test_tokenomics_stats" time="0.132" /><testcase classname="tests.test_modular_routes.TestOtherEndpoints" name="test_betting_config" time="0.140" /><testcase classname="tests.test_modular_routes.TestOtherEndpoints" name="test_betting_pot" time="0.129" /><testcase classname="tests.test_modular_routes.TestOtherEndpoints" name="test_governance_proposals" time="0.122" /><testcase classname="tests.test_modular_routes.TestOtherEndpoints" name="test_products" time="0.182" /></testsuite></testsuites>