<?xml version="1.0" encoding="utf-8"?><testsuites name="pytest tests"><testsuite name="pytest" errors="0" failures="0" skipped="0" tests="14" time="3.053" timestamp="2026-03-25T03:16:47.804460+00:00" hostname="agent-env-c7bc084c-e984-47b3-8d93-29f87fde0fbe"><testcase classname="backend.tests.test_iteration85_bug_fixes.TestLedgerBalanceEndpoint" name="test_ledger_balance_returns_on_chain_balance" time="0.313" /><testcase classname="backend.tests.test_iteration85_bug_fixes.TestLedgerBalanceEndpoint" name="test_ledger_balance_on_chain_greater_than_zero" time="0.122" /><testcase classname="backend.tests.test_iteration85_bug_fixes.TestCustodialWalletInfoEndpoint" name="test_custodial_wallet_info_returns_balance" time="0.323" /><testcase classname="backend.tests.test_iteration85_bug_fixes.TestCustodialWalletInfoEndpoint" name="test_custodial_wallet_info_has_required_fields" time="0.378" /><testcase classname="backend.tests.test_iteration85_bug_fixes.TestLedgerHistoryEndpoint" name="test_ledger_history_empty_after_cleanup" time="0.110" /><testcase classname="backend.tests.test_iteration85_bug_fixes.TestAllPagesLoad" name="test_page_loads[/-200]" time="0.097" /><testcase classname="backend.tests.test_iteration85_bug_fixes.TestAllPagesLoad" name="test_page_loads[/origins-200]" time="0.205" /><testcase classname="backend.tests.test_iteration85_bug_fixes.TestAllPagesLoad" name="test_page_loads[/journal-200]" time="0.241" /><testcase classname="backend.tests.test_iteration85_bug_fixes.TestAllPagesLoad" name="test_page_loads[/ai-trader-200]" time="0.109" /><testcase classname="backend.tests.test_iteration85_bug_fixes.TestAllPagesLoad" name="test_page_loads[/pugburn-200]" time="0.104" /><testcase classname="backend.tests.test_iteration85_bug_fixes.TestAllPagesLoad" name="test_page_loads[/game-200]" time="0.116" /><testcase classname="backend.tests.test_iteration85_bug_fixes.TestNoTestData" name="test_no_test_positions" time="0.629" /><testcase classname="backend.tests.test_iteration85_bug_fixes.TestNoTestData" name="test_no_test_history" time="0.118" /><testcase classname="backend.tests.test_iteration85_bug_fixes.TestRakeStats" name="test_rake_stats_returns_correct_percent" time="0.112" /></testsuite></testsuites>