<?xml version="1.0" encoding="utf-8"?><testsuites name="pytest tests"><testsuite name="pytest" errors="0" failures="0" skipped="0" tests="15" time="47.191" timestamp="2026-03-04T00:06:25.641999+00:00" hostname="agent-env-58c4dc97-7025-43f5-8061-680457ad9759"><testcase classname="backend.tests.test_new_features.TestAITraderTopPicks" name="test_tokens_endpoint_returns_safer_picks" time="1.159" /><testcase classname="backend.tests.test_new_features.TestAITraderTopPicks" name="test_tokens_endpoint_returns_high_risk_picks" time="1.190" /><testcase classname="backend.tests.test_new_features.TestAITraderTopPicks" name="test_tokens_endpoint_returns_position_limits" time="1.084" /><testcase classname="backend.tests.test_new_features.TestNewPairsEndpoint" name="test_new_pairs_endpoint_exists" time="0.265" /><testcase classname="backend.tests.test_new_features.TestNewPairsEndpoint" name="test_new_pairs_returns_list" time="0.309" /><testcase classname="backend.tests.test_new_features.TestNewPairsEndpoint" name="test_new_pairs_pair_structure" time="0.304" /><testcase classname="backend.tests.test_new_features.TestJournalTradeStats" name="test_trade_stats_endpoint_exists" time="0.123" /><testcase classname="backend.tests.test_new_features.TestJournalTradeStats" name="test_trade_stats_returns_correct_structure" time="0.125" /><testcase classname="backend.tests.test_new_features.TestJournalTradeStats" name="test_trade_stats_empty_wallet_defaults" time="0.111" /><testcase classname="backend.tests.test_new_features.TestCoinRecommendationsEndpoint" name="test_coin_recommendations_endpoint_exists" time="14.075" /><testcase classname="backend.tests.test_new_features.TestCoinRecommendationsEndpoint" name="test_coin_recommendations_returns_safe_picks" time="12.720" /><testcase classname="backend.tests.test_new_features.TestCoinRecommendationsEndpoint" name="test_coin_recommendations_returns_volatile_picks" time="14.720" /><testcase classname="backend.tests.test_new_features.TestAnalyzeEndpoint" name="test_analyze_endpoint_exists" time="0.548" /><testcase classname="backend.tests.test_new_features.TestAnalyzeEndpoint" name="test_analyze_returns_signal_or_message" time="0.121" /><testcase classname="backend.tests.test_new_features.TestAnalyzeEndpoint" name="test_analyze_invalid_token_returns_error" time="0.124" /></testsuite></testsuites>