<?xml version="1.0" encoding="utf-8"?><testsuites name="pytest tests"><testsuite name="pytest" errors="0" failures="1" skipped="0" tests="12" time="10.644" timestamp="2026-03-23T05:39:26.573187+00:00" hostname="agent-env-d87c6f36-f095-4d88-bd03-76c8c8aafbff"><testcase classname="backend.tests.test_iteration73_bullpug_features.TestHealthEndpoint" name="test_health_endpoint_returns_success" time="0.252"><failure message="AssertionError: Health check failed: {&quot;detail&quot;:&quot;Not Found&quot;}&#10;assert 404 == 200&#10; +  where 404 = &lt;Response [404]&gt;.status_code">backend/tests/test_iteration73_bullpug_features.py:35: in test_health_endpoint_returns_success
    assert response.status_code == 200, f"Health check failed: {response.text}"
E   AssertionError: Health check failed: {"detail":"Not Found"}
E   assert 404 == 200
E    +  where 404 = &lt;Response [404]&gt;.status_code</failure></testcase><testcase classname="backend.tests.test_iteration73_bullpug_features.TestAITraderPositions" name="test_get_positions_returns_array" time="0.379" /><testcase classname="backend.tests.test_iteration73_bullpug_features.TestAITraderHistory" name="test_get_history_returns_trades_with_stats" time="0.136" /><testcase classname="backend.tests.test_iteration73_bullpug_features.TestAutoTradeSettings" name="test_get_auto_trade_status_returns_settings" time="0.143" /><testcase classname="backend.tests.test_iteration73_bullpug_features.TestCustodialWallet" name="test_get_custodial_wallet_balance" time="0.339" /><testcase classname="backend.tests.test_iteration73_bullpug_features.TestTopPicks" name="test_get_coin_recommendations" time="6.858" /><testcase classname="backend.tests.test_iteration73_bullpug_features.TestRunnerTokens" name="test_get_runner_tokens" time="0.681" /><testcase classname="backend.tests.test_iteration73_bullpug_features.TestRunnerAlertsStatus" name="test_get_runner_alerts_status" time="0.139" /><testcase classname="backend.tests.test_iteration73_bullpug_features.TestRunnerAlertsPreferences" name="test_get_runner_alerts_preferences" time="0.100" /><testcase classname="backend.tests.test_iteration73_bullpug_features.TestAutoTradeExitCheck" name="test_check_exits_endpoint" time="1.227" /><testcase classname="backend.tests.test_iteration73_bullpug_features.TestResetStatistics" name="test_reset_statistics_endpoint_exists" time="0.103" /><testcase classname="backend.tests.test_iteration73_bullpug_features.TestSchedulerRunning" name="test_scheduler_status_via_auto_trade" time="0.155" /></testsuite></testsuites>