<?xml version="1.0" encoding="utf-8"?><testsuites name="pytest tests"><testsuite name="pytest" errors="0" failures="0" skipped="0" tests="18" time="3.588" timestamp="2026-02-17T03:32:47.979157+00:00" hostname="agent-env-70131ea0-8190-465b-a1ca-e251741c16b1"><testcase classname="backend.tests.test_pot_admin_refactor.TestPotRouter" name="test_get_pot_status" time="0.399" /><testcase classname="backend.tests.test_pot_admin_refactor.TestPotRouter" name="test_get_pot_status_has_remaining_seconds" time="0.132" /><testcase classname="backend.tests.test_pot_admin_refactor.TestPotRouter" name="test_join_pot_requires_wallet" time="0.251" /><testcase classname="backend.tests.test_pot_admin_refactor.TestPotRouter" name="test_join_pot_validates_minimum_bet" time="0.177" /><testcase classname="backend.tests.test_pot_admin_refactor.TestPotRouter" name="test_join_pot_validates_positive_bet" time="0.136" /><testcase classname="backend.tests.test_pot_admin_refactor.TestPotRouter" name="test_join_pot_success" time="0.109" /><testcase classname="backend.tests.test_pot_admin_refactor.TestPotRouter" name="test_join_pot_second_player_triggers_countdown" time="0.273" /><testcase classname="backend.tests.test_pot_admin_refactor.TestAdminRouter" name="test_admin_check_valid_admin" time="0.158" /><testcase classname="backend.tests.test_pot_admin_refactor.TestAdminRouter" name="test_admin_check_non_admin" time="0.164" /><testcase classname="backend.tests.test_pot_admin_refactor.TestAdminRouter" name="test_admin_dashboard_authorized" time="0.181" /><testcase classname="backend.tests.test_pot_admin_refactor.TestAdminRouter" name="test_admin_dashboard_unauthorized" time="0.209" /><testcase classname="backend.tests.test_pot_admin_refactor.TestAdminRouter" name="test_admin_get_challenges_authorized" time="0.108" /><testcase classname="backend.tests.test_pot_admin_refactor.TestAdminRouter" name="test_admin_get_challenges_unauthorized" time="0.117" /><testcase classname="backend.tests.test_pot_admin_refactor.TestAdminRouter" name="test_admin_force_draw_needs_entries" time="0.115" /><testcase classname="backend.tests.test_pot_admin_refactor.TestAdminRouter" name="test_admin_force_draw_unauthorized" time="0.106" /><testcase classname="backend.tests.test_pot_admin_refactor.TestSharedState" name="test_pot_state_consistent_across_routers" time="0.272" /><testcase classname="backend.tests.test_pot_admin_refactor.TestBettingConfig" name="test_get_betting_config" time="0.113" /><testcase classname="backend.tests.test_pot_admin_refactor.TestAdminForceDraw" name="test_admin_force_draw_with_entries" time="0.393" /></testsuite></testsuites>