<?xml version="1.0" encoding="utf-8"?><testsuites name="pytest tests"><testsuite name="pytest" errors="0" failures="0" skipped="0" tests="21" time="2.370" timestamp="2026-03-25T02:41:32.125524+00:00" hostname="agent-env-c7bc084c-e984-47b3-8d93-29f87fde0fbe"><testcase classname="backend.tests.test_iteration83_rake.TestRakeSystemBasics" name="test_api_root_accessible" time="0.220" /><testcase classname="backend.tests.test_iteration83_rake.TestRakeSystemBasics" name="test_platform_stats_accessible" time="0.056" /><testcase classname="backend.tests.test_iteration83_rake.TestRakeSystemBasics" name="test_ai_trader_settings_accessible" time="0.057" /><testcase classname="backend.tests.test_iteration83_rake.TestRakeOnProfitableTrade" name="test_create_test_position_for_profit" time="0.063" /><testcase classname="backend.tests.test_iteration83_rake.TestRakeOnProfitableTrade" name="test_close_position_with_profit_returns_rake" time="0.067" /><testcase classname="backend.tests.test_iteration83_rake.TestRakeOnLosingTrade" name="test_create_test_position_for_loss" time="0.064" /><testcase classname="backend.tests.test_iteration83_rake.TestRakeOnLosingTrade" name="test_close_position_with_loss_no_rake" time="0.055" /><testcase classname="backend.tests.test_iteration83_rake.TestRakeStatsEndpoint" name="test_rake_stats_returns_correct_structure" time="0.054" /><testcase classname="backend.tests.test_iteration83_rake.TestRakeStatsEndpoint" name="test_rake_stats_has_data_after_profitable_trade" time="0.053" /><testcase classname="backend.tests.test_iteration83_rake.TestLedgerFeeEntries" name="test_ledger_history_fee_filter" time="0.060" /><testcase classname="backend.tests.test_iteration83_rake.TestLedgerFeeEntries" name="test_fee_entries_have_rake_metadata" time="0.058" /><testcase classname="backend.tests.test_iteration83_rake.TestLedgerBalanceIncludesFees" name="test_balance_has_total_fees_field" time="0.061" /><testcase classname="backend.tests.test_iteration83_rake.TestPreviousLedgerEndpoints" name="test_ledger_balance_endpoint" time="0.058" /><testcase classname="backend.tests.test_iteration83_rake.TestPreviousLedgerEndpoints" name="test_ledger_history_endpoint" time="0.066" /><testcase classname="backend.tests.test_iteration83_rake.TestPreviousLedgerEndpoints" name="test_ledger_reconciliation_endpoint" time="0.071" /><testcase classname="backend.tests.test_iteration83_rake.TestRakeCalculationAccuracy" name="test_rake_calculation_example" time="0.128" /><testcase classname="backend.tests.test_iteration83_rake.TestOtherEndpointsStillWork" name="test_api_root" time="0.067" /><testcase classname="backend.tests.test_iteration83_rake.TestOtherEndpointsStillWork" name="test_platform_stats" time="0.067" /><testcase classname="backend.tests.test_iteration83_rake.TestOtherEndpointsStillWork" name="test_ai_trader_settings" time="0.062" /><testcase classname="backend.tests.test_iteration83_rake.TestOtherEndpointsStillWork" name="test_positions_endpoint" time="0.798" /><testcase classname="backend.tests.test_iteration83_rake.TestOtherEndpointsStillWork" name="test_history_endpoint" time="0.065" /></testsuite></testsuites>