<?xml version="1.0" encoding="utf-8"?><testsuites name="pytest tests"><testsuite name="pytest" errors="0" failures="0" skipped="0" tests="23" time="3.949" timestamp="2026-03-24T03:51:00.903477+00:00" hostname="agent-env-ef2a32b3-2def-4350-a3a2-e242aa1fdd4d"><testcase classname="backend.tests.test_iteration76_atier_upgrades.TestIntelligenceDashboard" name="test_intelligence_dashboard_returns_200" time="0.189" /><testcase classname="backend.tests.test_iteration76_atier_upgrades.TestIntelligenceDashboard" name="test_smart_money_wallets_tracked_50_plus" time="0.117" /><testcase classname="backend.tests.test_iteration76_atier_upgrades.TestIntelligenceDashboard" name="test_price_collector_status" time="0.129" /><testcase classname="backend.tests.test_iteration76_atier_upgrades.TestIntelligenceDashboard" name="test_sentiment_status" time="0.122" /><testcase classname="backend.tests.test_iteration76_atier_upgrades.TestIntelligenceDashboard" name="test_jito_status" time="0.141" /><testcase classname="backend.tests.test_iteration76_atier_upgrades.TestTokenIntelligenceWithGPT" name="test_jup_intelligence_returns_200" time="0.137" /><testcase classname="backend.tests.test_iteration76_atier_upgrades.TestTokenIntelligenceWithGPT" name="test_bonk_intelligence_returns_200" time="0.107" /><testcase classname="backend.tests.test_iteration76_atier_upgrades.TestTokenIntelligenceWithGPT" name="test_jup_sentiment_has_ai_analysis" time="0.110" /><testcase classname="backend.tests.test_iteration76_atier_upgrades.TestTokenIntelligenceWithGPT" name="test_bonk_sentiment_has_ai_analysis" time="0.104" /><testcase classname="backend.tests.test_iteration76_atier_upgrades.TestTokenIntelligenceWithGPT" name="test_sentiment_factors_include_ai_analysis" time="0.146" /><testcase classname="backend.tests.test_iteration76_atier_upgrades.TestTokenIntelligenceWithGPT" name="test_smart_money_has_tier1_whales_field" time="0.109" /><testcase classname="backend.tests.test_iteration76_atier_upgrades.TestTokenIntelligenceWithGPT" name="test_smart_money_has_weighted_buy_ratio" time="0.320" /><testcase classname="backend.tests.test_iteration76_atier_upgrades.TestTokenIntelligenceWithGPT" name="test_data_quality_has_candles" time="0.118" /><testcase classname="backend.tests.test_iteration76_atier_upgrades.TestTrailingStopSettings" name="test_settings_returns_200" time="0.109" /><testcase classname="backend.tests.test_iteration76_atier_upgrades.TestTrailingStopSettings" name="test_settings_has_trailing_stop_fields" time="0.096" /><testcase classname="backend.tests.test_iteration76_atier_upgrades.TestTrailingStopSettings" name="test_update_trailing_stop_settings" time="0.324" /><testcase classname="backend.tests.test_iteration76_atier_upgrades.TestPositionsEndpoint" name="test_positions_returns_200" time="0.500" /><testcase classname="backend.tests.test_iteration76_atier_upgrades.TestPositionsEndpoint" name="test_positions_structure" time="0.505" /><testcase classname="backend.tests.test_iteration76_atier_upgrades.TestRegressionEndpoints" name="test_root_health_check" time="0.101" /><testcase classname="backend.tests.test_iteration76_atier_upgrades.TestRegressionEndpoints" name="test_platform_stats" time="0.100" /><testcase classname="backend.tests.test_iteration76_atier_upgrades.TestRegressionEndpoints" name="test_competitions_active" time="0.102" /><testcase classname="backend.tests.test_iteration76_atier_upgrades.TestRegressionEndpoints" name="test_leaderboard" time="0.101" /><testcase classname="backend.tests.test_iteration76_atier_upgrades.TestRegressionEndpoints" name="test_journal_dashboard" time="0.101" /></testsuite></testsuites>