<?xml version="1.0" encoding="utf-8"?><testsuites name="pytest tests"><testsuite name="pytest" errors="0" failures="0" skipped="0" tests="13" time="119.427" timestamp="2026-05-06T00:50:52.313119+00:00" hostname="agent-env-c7bc084c-e984-47b3-8d93-29f87fde0fbe"><testcase classname="backend.tests.test_arena_iteration98.TestPotSchema" name="test_get_pot_has_total_lamports" time="5.302" /><testcase classname="backend.tests.test_arena_iteration98.TestPotLamportMath" name="test_01_min_boundary_success" time="5.094" /><testcase classname="backend.tests.test_arena_iteration98.TestPotLamportMath" name="test_02_below_min_rejected_lamports" time="0.139" /><testcase classname="backend.tests.test_arena_iteration98.TestPotLamportMath" name="test_03_db_doc_persisted" time="0.001" /><testcase classname="backend.tests.test_arena_iteration98.TestFloatDriftSafety" name="test_three_joins_of_0_1_sol_exact_300_000_000_lamports" time="6.215" /><testcase classname="backend.tests.test_arena_iteration98.TestStackingCap" name="test_01_stacking_over_cap_rejected_with_exact_message" time="5.713" /><testcase classname="backend.tests.test_arena_iteration98.TestStackingCap" name="test_02_stacking_exact_cap_succeeds_then_zero_remaining" time="0.423" /><testcase classname="backend.tests.test_arena_iteration98.TestPotPersistenceAcrossRestart" name="test_entry_survives_backend_restart" time="15.262" /><testcase classname="backend.tests.test_arena_iteration98.TestCoinflipLamportMath" name="test_rake_payout_lamport_math_0_123_sol" time="0.248" /><testcase classname="backend.tests.test_arena_iteration98.TestCoinflipLamportMath" name="test_coinflip_min_boundary" time="0.253" /><testcase classname="backend.tests.test_arena_iteration98.TestPrizePoolStatus" name="test_status_has_required_fields" time="0.149" /><testcase classname="backend.tests.test_arena_iteration98.TestAutoDrawE2E" name="test_auto_draw_and_prize_pool_growth" time="74.876" /><testcase classname="backend.tests.test_arena_iteration98.TestCleanup" name="test_zz_cleanup_pot" time="5.615" /></testsuite></testsuites>