<?xml version="1.0" encoding="utf-8"?><testsuites name="pytest tests"><testsuite name="pytest" errors="0" failures="0" skipped="0" tests="17" time="3.889" timestamp="2026-03-25T01:13:48.503922+00:00" hostname="agent-env-c7bc084c-e984-47b3-8d93-29f87fde0fbe"><testcase classname="tests.test_iteration79_gallery_fixes.TestAPIEndpoints" name="test_api_root_endpoint" time="0.129" /><testcase classname="tests.test_iteration79_gallery_fixes.TestAPIEndpoints" name="test_ai_trader_platform_stats" time="0.114" /><testcase classname="tests.test_iteration79_gallery_fixes.TestAPIEndpoints" name="test_ai_trader_settings_get" time="0.120" /><testcase classname="tests.test_iteration79_gallery_fixes.TestAPIEndpoints" name="test_tokenomics_stats" time="0.107" /><testcase classname="tests.test_iteration79_gallery_fixes.TestAPIEndpoints" name="test_newsletter_subscribe" time="0.106" /><testcase classname="tests.test_iteration79_gallery_fixes.TestRouterRegistration" name="test_leaderboard_router" time="0.129" /><testcase classname="tests.test_iteration79_gallery_fixes.TestRouterRegistration" name="test_skins_router" time="0.109" /><testcase classname="tests.test_iteration79_gallery_fixes.TestRouterRegistration" name="test_forum_router" time="0.175" /><testcase classname="tests.test_iteration79_gallery_fixes.TestRouterRegistration" name="test_journal_router" time="0.130" /><testcase classname="tests.test_iteration79_gallery_fixes.TestRouterRegistration" name="test_profile_router" time="0.167" /><testcase classname="tests.test_iteration79_gallery_fixes.TestRouterRegistration" name="test_pugburn_router" time="0.513" /><testcase classname="tests.test_iteration79_gallery_fixes.TestRouterRegistration" name="test_watchlist_router" time="0.117" /><testcase classname="tests.test_iteration79_gallery_fixes.TestRouterRegistration" name="test_ai_trader_router" time="1.032" /><testcase classname="tests.test_iteration79_gallery_fixes.TestRouterRegistration" name="test_achievements_router" time="0.111" /><testcase classname="tests.test_iteration79_gallery_fixes.TestServerRefactoring" name="test_all_routers_count" time="0.584" /><testcase classname="tests.test_iteration79_gallery_fixes.TestServerRefactoring" name="test_cors_middleware" time="0.068" /><testcase classname="tests.test_iteration79_gallery_fixes.TestServerRefactoring" name="test_rate_limiter_configured" time="0.105" /></testsuite></testsuites>