<?xml version="1.0" encoding="utf-8"?><testsuites name="pytest tests"><testsuite name="pytest" errors="0" failures="0" skipped="0" tests="12" time="3.720" timestamp="2026-02-22T04:07:42.091398+00:00" hostname="agent-env-f9cbfc37-eb9d-4587-9ba5-23449865fdae"><testcase classname="backend.tests.test_top_picks_portfolio.TestCoinRecommendations" name="test_recommendations_returns_200" time="0.529" /><testcase classname="backend.tests.test_top_picks_portfolio.TestCoinRecommendations" name="test_recommendations_has_safe_picks" time="0.290" /><testcase classname="backend.tests.test_top_picks_portfolio.TestCoinRecommendations" name="test_recommendations_has_volatile_picks" time="0.321" /><testcase classname="backend.tests.test_top_picks_portfolio.TestCoinRecommendations" name="test_safe_picks_structure" time="0.289" /><testcase classname="backend.tests.test_top_picks_portfolio.TestCoinRecommendations" name="test_volatile_picks_structure" time="0.332" /><testcase classname="backend.tests.test_top_picks_portfolio.TestCoinRecommendations" name="test_recommendations_has_metadata" time="0.335" /><testcase classname="backend.tests.test_top_picks_portfolio.TestPortfolioCombined" name="test_combined_requires_address" time="0.117" /><testcase classname="backend.tests.test_top_picks_portfolio.TestPortfolioCombined" name="test_combined_with_evm_address" time="0.470" /><testcase classname="backend.tests.test_top_picks_portfolio.TestPortfolioCombined" name="test_combined_with_solana_address" time="0.328" /><testcase classname="backend.tests.test_top_picks_portfolio.TestPortfolioCombined" name="test_combined_chain_structure" time="0.410" /><testcase classname="backend.tests.test_top_picks_portfolio.TestPortfolioPrices" name="test_prices_endpoint" time="0.114" /><testcase classname="backend.tests.test_top_picks_portfolio.TestJournalHoldings" name="test_journal_holdings_endpoint" time="0.123" /></testsuite></testsuites>