<?xml version="1.0" encoding="utf-8"?><testsuites name="pytest tests"><testsuite name="pytest" errors="0" failures="0" skipped="0" tests="25" time="9.498" timestamp="2026-03-20T19:59:23.281457+00:00" hostname="agent-env-a99f39a8-53bd-4b73-899f-dd2ec37e6676"><testcase classname="backend.tests.test_signal_analytics_backtest_iteration59.TestTrackPricesEndpoint" name="test_track_prices_success" time="4.534" /><testcase classname="backend.tests.test_signal_analytics_backtest_iteration59.TestBacktestEndpoint" name="test_backtest_default_params" time="0.214" /><testcase classname="backend.tests.test_signal_analytics_backtest_iteration59.TestBacktestEndpoint" name="test_backtest_confidence_045" time="0.129" /><testcase classname="backend.tests.test_signal_analytics_backtest_iteration59.TestBacktestEndpoint" name="test_backtest_confidence_055" time="0.184" /><testcase classname="backend.tests.test_signal_analytics_backtest_iteration59.TestBacktestEndpoint" name="test_backtest_confidence_060" time="0.167" /><testcase classname="backend.tests.test_signal_analytics_backtest_iteration59.TestBacktestEndpoint" name="test_backtest_strategy_filter_combined" time="0.159" /><testcase classname="backend.tests.test_signal_analytics_backtest_iteration59.TestBacktestEndpoint" name="test_backtest_strategy_filter_momentum" time="0.118" /><testcase classname="backend.tests.test_signal_analytics_backtest_iteration59.TestBacktestEndpoint" name="test_backtest_time_horizon_1h" time="0.109" /><testcase classname="backend.tests.test_signal_analytics_backtest_iteration59.TestBacktestEndpoint" name="test_backtest_time_horizon_4h" time="0.115" /><testcase classname="backend.tests.test_signal_analytics_backtest_iteration59.TestBacktestEndpoint" name="test_backtest_require_multi_strategy" time="0.129" /><testcase classname="backend.tests.test_signal_analytics_backtest_iteration59.TestBacktestEndpoint" name="test_backtest_invalid_strategy_filter" time="0.114" /><testcase classname="backend.tests.test_signal_analytics_backtest_iteration59.TestBacktestEndpoint" name="test_backtest_invalid_time_horizon" time="0.109" /><testcase classname="backend.tests.test_signal_analytics_backtest_iteration59.TestBacktestEndpoint" name="test_backtest_confidence_out_of_range" time="0.297" /><testcase classname="backend.tests.test_signal_analytics_backtest_iteration59.TestBacktestOptimalEndpoint" name="test_find_optimal_settings" time="0.188" /><testcase classname="backend.tests.test_signal_analytics_backtest_iteration59.TestBacktestOptimalEndpoint" name="test_find_optimal_settings_custom_period" time="0.154" /><testcase classname="backend.tests.test_signal_analytics_backtest_iteration59.TestBacktestOptimalEndpoint" name="test_find_optimal_settings_1h_horizon" time="0.176" /><testcase classname="backend.tests.test_signal_analytics_backtest_iteration59.TestApplyImprovementsEndpoint" name="test_apply_improvements" time="0.302" /><testcase classname="backend.tests.test_signal_analytics_backtest_iteration59.TestExistingAnalyticsEndpoints" name="test_performance_summary" time="0.122" /><testcase classname="backend.tests.test_signal_analytics_backtest_iteration59.TestExistingAnalyticsEndpoints" name="test_confidence_analysis" time="0.111" /><testcase classname="backend.tests.test_signal_analytics_backtest_iteration59.TestExistingAnalyticsEndpoints" name="test_strategy_comparison" time="0.111" /><testcase classname="backend.tests.test_signal_analytics_backtest_iteration59.TestExistingAnalyticsEndpoints" name="test_optimal_settings" time="0.154" /><testcase classname="backend.tests.test_signal_analytics_backtest_iteration59.TestStrategyEngineConstants" name="test_analyze_token_uses_correct_threshold" time="1.384" /><testcase classname="backend.tests.test_signal_analytics_backtest_iteration59.TestBacktestResultsStructure" name="test_backtest_by_strategy_breakdown" time="0.114" /><testcase classname="backend.tests.test_signal_analytics_backtest_iteration59.TestBacktestResultsStructure" name="test_backtest_by_confidence_breakdown" time="0.115" /><testcase classname="backend.tests.test_signal_analytics_backtest_iteration59.TestBacktestResultsStructure" name="test_backtest_recommendations" time="0.123" /></testsuite></testsuites>