<?xml version="1.0" encoding="utf-8"?><testsuites name="pytest tests"><testsuite name="pytest" errors="0" failures="0" skipped="0" tests="22" time="5.252" timestamp="2026-02-16T21:35:42.762350+00:00" hostname="agent-env-a33c3108-b913-40ac-af9c-e21ac3d8d572"><testcase classname="backend.tests.test_bullpug_api.TestHealthAndRoot" name="test_api_root" time="0.359" /><testcase classname="backend.tests.test_bullpug_api.TestBettingCoinToss" name="test_coin_toss_heads" time="0.202" /><testcase classname="backend.tests.test_bullpug_api.TestBettingCoinToss" name="test_coin_toss_tails" time="0.204" /><testcase classname="backend.tests.test_bullpug_api.TestBettingCoinToss" name="test_coin_toss_payout_calculation" time="0.223" /><testcase classname="backend.tests.test_bullpug_api.TestBettingCoinToss" name="test_betting_history" time="0.171" /><testcase classname="backend.tests.test_bullpug_api.TestBettingPotSystem" name="test_get_pot_status" time="0.206" /><testcase classname="backend.tests.test_bullpug_api.TestBettingPotSystem" name="test_join_pot" time="0.250" /><testcase classname="backend.tests.test_bullpug_api.TestBettingPotSystem" name="test_join_pot_second_entry" time="0.135" /><testcase classname="backend.tests.test_bullpug_api.TestBettingPotSystem" name="test_join_pot_invalid_amount" time="0.313" /><testcase classname="backend.tests.test_bullpug_api.TestBettingPotSystem" name="test_pot_entries_probability" time="0.159" /><testcase classname="backend.tests.test_bullpug_api.TestBettingPotSystem" name="test_draw_winner_requires_min_entries" time="0.331" /><testcase classname="backend.tests.test_bullpug_api.TestExitSimulatorMonteCarlo" name="test_monte_carlo_basic" time="0.216" /><testcase classname="backend.tests.test_bullpug_api.TestExitSimulatorMonteCarlo" name="test_monte_carlo_high_volatility" time="0.172" /><testcase classname="backend.tests.test_bullpug_api.TestExitSimulatorMonteCarlo" name="test_monte_carlo_chart_data_structure" time="0.204" /><testcase classname="backend.tests.test_bullpug_api.TestSimpleExitSimulator" name="test_exit_price_simulation" time="0.137" /><testcase classname="backend.tests.test_bullpug_api.TestTokenomicsAndWallet" name="test_tokenomics_stats" time="0.168" /><testcase classname="backend.tests.test_bullpug_api.TestTokenomicsAndWallet" name="test_wallet_balance_invalid_address" time="0.343" /><testcase classname="backend.tests.test_bullpug_api.TestNewsletter" name="test_newsletter_subscribe" time="0.218" /><testcase classname="backend.tests.test_bullpug_api.TestNewsletter" name="test_newsletter_duplicate_subscribe" time="0.370" /><testcase classname="backend.tests.test_bullpug_api.TestGovernance" name="test_get_proposals" time="0.182" /><testcase classname="backend.tests.test_bullpug_api.TestGovernance" name="test_cast_vote" time="0.315" /><testcase classname="backend.tests.test_bullpug_api.TestProducts" name="test_get_products" time="0.142" /></testsuite></testsuites>