<?xml version="1.0" encoding="utf-8"?><testsuites name="pytest tests"><testsuite name="pytest" errors="0" failures="0" skipped="0" tests="10" time="3.079" timestamp="2026-02-27T22:34:57.703464+00:00" hostname="agent-env-f4ecfb3d-aedc-4c6d-82c6-4633a3861e33"><testcase classname="backend.tests.test_chat_history_api.TestTradeableAssetsAPI" name="test_tradeable_assets_returns_200" time="0.487" /><testcase classname="backend.tests.test_chat_history_api.TestTradeableAssetsAPI" name="test_tradeable_assets_has_assets_array" time="0.585" /><testcase classname="backend.tests.test_chat_history_api.TestTradeableAssetsAPI" name="test_tradeable_assets_has_required_fields" time="0.253" /><testcase classname="backend.tests.test_chat_history_api.TestTradeableAssetsAPI" name="test_tradeable_assets_has_timestamp" time="0.256" /><testcase classname="backend.tests.test_chat_history_api.TestChatHistorySave" name="test_save_chat_history_returns_200" time="0.126" /><testcase classname="backend.tests.test_chat_history_api.TestChatHistorySave" name="test_save_chat_history_returns_success" time="0.116" /><testcase classname="backend.tests.test_chat_history_api.TestChatHistoryGet" name="test_get_empty_history_returns_200" time="0.106" /><testcase classname="backend.tests.test_chat_history_api.TestChatHistoryGet" name="test_get_saved_history" time="0.398" /><testcase classname="backend.tests.test_chat_history_api.TestChatHistoryDelete" name="test_delete_history_returns_200" time="0.245" /><testcase classname="backend.tests.test_chat_history_api.TestChatHistoryDelete" name="test_delete_clears_messages" time="0.396" /></testsuite></testsuites>