<?xml version="1.0" encoding="utf-8"?><testsuites name="pytest tests"><testsuite name="pytest" errors="0" failures="0" skipped="0" tests="12" time="3.565" timestamp="2026-03-22T23:15:36.254778+00:00" hostname="agent-env-9808857b-c413-498e-b8ee-1c7dd637295d"><testcase classname="backend.tests.test_iteration67_features.TestAutoTradeStatusTodayStats" name="test_status_endpoint_returns_today_stats" time="0.248" /><testcase classname="backend.tests.test_iteration67_features.TestAutoTradeStatusTodayStats" name="test_today_stats_includes_open_positions_count" time="0.533" /><testcase classname="backend.tests.test_iteration67_features.TestAutoTradeStatusTodayStats" name="test_today_stats_includes_position_sol" time="0.451" /><testcase classname="backend.tests.test_iteration67_features.TestAutoTradeStatusTodayStats" name="test_today_stats_has_open_positions_field" time="0.110" /><testcase classname="backend.tests.test_iteration67_features.TestAutoTradeSettingsExitTrigger" name="test_settings_update_returns_exits_triggered" time="0.394" /><testcase classname="backend.tests.test_iteration67_features.TestAutoTradeSettingsExitTrigger" name="test_settings_update_without_tp_sl_no_exit_check" time="0.104" /><testcase classname="backend.tests.test_iteration67_features.TestAutoTradeSettingsExitTrigger" name="test_settings_update_with_tp_change_triggers_check" time="0.390" /><testcase classname="backend.tests.test_iteration67_features.TestAutoTradeSettingsExitTrigger" name="test_settings_update_with_sl_change_triggers_check" time="0.302" /><testcase classname="backend.tests.test_iteration67_features.TestCheckExitsEndpoint" name="test_check_exits_endpoint_exists" time="0.201" /><testcase classname="backend.tests.test_iteration67_features.TestCheckExitsEndpoint" name="test_check_exits_returns_exits_array" time="0.187" /><testcase classname="backend.tests.test_iteration67_features.TestPositionsEndpoint" name="test_positions_endpoint_works" time="0.284" /><testcase classname="backend.tests.test_iteration67_features.TestPositionsEndpoint" name="test_testdel_position_exists" time="0.282" /></testsuite></testsuites>