<?xml version="1.0" encoding="utf-8"?><testsuites name="pytest tests"><testsuite name="pytest" errors="0" failures="0" skipped="0" tests="19" time="3.700" timestamp="2026-02-22T02:18:55.314109+00:00" hostname="agent-env-8ae18374-16ec-48f6-929a-ddcf2caf5d39"><testcase classname="tests.test_wallet_trades_api.TestSupportedChains" name="test_supported_chains_returns_200" time="0.168" /><testcase classname="tests.test_wallet_trades_api.TestSupportedChains" name="test_supported_chains_has_required_fields" time="0.135" /><testcase classname="tests.test_wallet_trades_api.TestSupportedChains" name="test_evm_chains_content" time="0.142" /><testcase classname="tests.test_wallet_trades_api.TestSupportedChains" name="test_evm_chains_have_required_properties" time="0.116" /><testcase classname="tests.test_wallet_trades_api.TestSupportedChains" name="test_other_chains_includes_solana" time="0.145" /><testcase classname="tests.test_wallet_trades_api.TestSupportedChains" name="test_alchemy_configured_is_boolean" time="0.155" /><testcase classname="tests.test_wallet_trades_api.TestEVMWalletTrades" name="test_evm_trades_returns_200" time="0.130" /><testcase classname="tests.test_wallet_trades_api.TestEVMWalletTrades" name="test_evm_trades_response_structure" time="0.110" /><testcase classname="tests.test_wallet_trades_api.TestEVMWalletTrades" name="test_evm_trades_echoes_address" time="0.112" /><testcase classname="tests.test_wallet_trades_api.TestEVMWalletTrades" name="test_evm_trades_trades_is_list" time="0.178" /><testcase classname="tests.test_wallet_trades_api.TestEVMWalletTrades" name="test_evm_trades_different_chains" time="0.391" /><testcase classname="tests.test_wallet_trades_api.TestEVMWalletTrades" name="test_evm_trades_invalid_chain" time="0.126" /><testcase classname="tests.test_wallet_trades_api.TestEVMWalletTrades" name="test_evm_trades_limit_param" time="0.109" /><testcase classname="tests.test_wallet_trades_api.TestSolanaWalletTrades" name="test_solana_trades_returns_200" time="0.531" /><testcase classname="tests.test_wallet_trades_api.TestSolanaWalletTrades" name="test_solana_trades_response_structure" time="0.205" /><testcase classname="tests.test_wallet_trades_api.TestSolanaWalletTrades" name="test_solana_trades_chain_is_solana" time="0.218" /><testcase classname="tests.test_wallet_trades_api.TestSolanaWalletTrades" name="test_solana_trades_echoes_address" time="0.205" /><testcase classname="tests.test_wallet_trades_api.TestSolanaWalletTrades" name="test_solana_trades_trades_is_list" time="0.214" /><testcase classname="tests.test_wallet_trades_api.TestSolanaWalletTrades" name="test_solana_trades_limit_param" time="0.204" /></testsuite></testsuites>