<?xml version="1.0" encoding="utf-8"?><testsuites name="pytest tests"><testsuite name="pytest" errors="0" failures="0" skipped="0" tests="18" time="6.941" timestamp="2026-03-31T21:10:18.501106+00:00" hostname="agent-env-c7bc084c-e984-47b3-8d93-29f87fde0fbe"><testcase classname="backend.tests.test_iteration93_bot_health.TestBotHealthEndpoint" name="test_bot_health_returns_200_for_admin" time="0.647" /><testcase classname="backend.tests.test_iteration93_bot_health.TestBotHealthEndpoint" name="test_bot_health_returns_403_for_non_admin" time="0.159" /><testcase classname="backend.tests.test_iteration93_bot_health.TestBotHealthEndpoint" name="test_bot_health_response_structure" time="0.376" /><testcase classname="backend.tests.test_iteration93_bot_health.TestBotHealthEndpoint" name="test_funding_structure" time="0.440" /><testcase classname="backend.tests.test_iteration93_bot_health.TestBotHealthEndpoint" name="test_funding_overall_status_values" time="0.391" /><testcase classname="backend.tests.test_iteration93_bot_health.TestBotHealthEndpoint" name="test_activity_structure" time="0.361" /><testcase classname="backend.tests.test_iteration93_bot_health.TestBotHealthEndpoint" name="test_open_positions_is_list" time="0.425" /><testcase classname="backend.tests.test_iteration93_bot_health.TestBotHealthEndpoint" name="test_recent_scans_is_list" time="0.388" /><testcase classname="backend.tests.test_iteration93_bot_health.TestBotHealthEndpoint" name="test_sniper_history_is_list" time="0.373" /><testcase classname="backend.tests.test_iteration93_bot_health.TestBotHealthEndpoint" name="test_burn_logs_is_list" time="0.465" /><testcase classname="backend.tests.test_iteration93_bot_health.TestBotHealthEndpoint" name="test_bot_configs_is_list" time="0.375" /><testcase classname="backend.tests.test_iteration93_bot_health.TestBotHealthEndpoint" name="test_bot_configs_no_test_wallets" time="0.477" /><testcase classname="backend.tests.test_iteration93_bot_health.TestBotHealthEndpoint" name="test_checked_at_is_iso_timestamp" time="0.400" /><testcase classname="backend.tests.test_iteration93_bot_health.TestBotHealthEndpoint" name="test_wallet_health_structure" time="0.467" /><testcase classname="backend.tests.test_iteration93_bot_health.TestAdminCheckEndpoint" name="test_admin_check_returns_true_for_admin" time="0.165" /><testcase classname="backend.tests.test_iteration93_bot_health.TestAdminCheckEndpoint" name="test_admin_check_returns_false_for_non_admin" time="0.128" /><testcase classname="backend.tests.test_iteration93_bot_health.TestBotConfigsFiltering" name="test_bot_configs_have_required_fields" time="0.426" /><testcase classname="backend.tests.test_iteration93_bot_health.TestBotConfigsFiltering" name="test_bot_configs_enabled_is_boolean" time="0.397" /></testsuite></testsuites>