<?xml version="1.0" encoding="utf-8"?><testsuites name="pytest tests"><testsuite name="pytest" errors="0" failures="0" skipped="0" tests="16" time="10.072" timestamp="2026-05-06T00:12:10.013046+00:00" hostname="agent-env-c7bc084c-e984-47b3-8d93-29f87fde0fbe"><testcase classname="backend.tests.test_arena_iteration97.TestBettingConfig" name="test_config_values" time="0.322" /><testcase classname="backend.tests.test_arena_iteration97.TestPotSuite" name="test_01_empty_pot" time="5.801" /><testcase classname="backend.tests.test_arena_iteration97.TestPotSuite" name="test_02_join_below_min_rejected" time="0.191" /><testcase classname="backend.tests.test_arena_iteration97.TestPotSuite" name="test_03_join_above_max_rejected" time="0.141" /><testcase classname="backend.tests.test_arena_iteration97.TestPotSuite" name="test_04_join_min_boundary_success" time="0.133" /><testcase classname="backend.tests.test_arena_iteration97.TestPotSuite" name="test_05_countdown_not_started_on_stacking" time="0.150" /><testcase classname="backend.tests.test_arena_iteration97.TestPotSuite" name="test_06_cumulative_cap_rejected" time="0.140" /><testcase classname="backend.tests.test_arena_iteration97.TestPotSuite" name="test_07_second_unique_player_starts_countdown" time="0.254" /><testcase classname="backend.tests.test_arena_iteration97.TestPotSuite" name="test_08_entries_display_aggregated" time="0.140" /><testcase classname="backend.tests.test_arena_iteration97.TestCoinflip" name="test_01_create_min_boundary" time="0.170" /><testcase classname="backend.tests.test_arena_iteration97.TestCoinflip" name="test_02_create_below_min_rejected" time="0.130" /><testcase classname="backend.tests.test_arena_iteration97.TestCoinflip" name="test_03_create_max_boundary" time="0.108" /><testcase classname="backend.tests.test_arena_iteration97.TestCoinflip" name="test_04_create_above_max_rejected" time="0.128" /><testcase classname="backend.tests.test_arena_iteration97.TestCoinflip" name="test_05_list_challenges_includes_created" time="0.108" /><testcase classname="backend.tests.test_arena_iteration97.TestCoinflip" name="test_06_cancel_challenge_creator_only" time="0.299" /><testcase classname="backend.tests.test_arena_iteration97.TestCoinflip" name="test_07_full_coinflip_e2e" time="1.776" /></testsuite></testsuites>