<?xml version="1.0" encoding="utf-8"?><testsuites name="pytest tests"><testsuite name="pytest" errors="0" failures="0" skipped="0" tests="9" time="2.560" timestamp="2026-02-23T01:10:09.202338+00:00" hostname="agent-env-21eee0dd-b308-4a3e-9ca7-d6dad778ec4e"><testcase classname="tests.test_watchlist_and_trades.TestWatchlistAPI" name="test_get_watchlist_empty" time="0.219" /><testcase classname="tests.test_watchlist_and_trades.TestWatchlistAPI" name="test_add_coin_to_watchlist" time="0.151" /><testcase classname="tests.test_watchlist_and_trades.TestWatchlistAPI" name="test_verify_coin_added" time="0.478" /><testcase classname="tests.test_watchlist_and_trades.TestWatchlistAPI" name="test_remove_from_watchlist" time="0.241" /><testcase classname="tests.test_watchlist_and_trades.TestWatchlistAPI" name="test_clear_watchlist" time="0.410" /><testcase classname="tests.test_watchlist_and_trades.TestWalletTradesAPI" name="test_supported_chains" time="0.141" /><testcase classname="tests.test_watchlist_and_trades.TestWalletTradesAPI" name="test_alchemy_configured" time="0.143" /><testcase classname="tests.test_watchlist_and_trades.TestWalletTradesAPI" name="test_evm_trades_endpoint" time="0.555" /><testcase classname="tests.test_watchlist_and_trades.TestWalletTradesAPI" name="test_invalid_chain_returns_400" time="0.111" /></testsuite></testsuites>