<?xml version="1.0" encoding="utf-8"?><testsuites name="pytest tests"><testsuite name="pytest" errors="0" failures="1" skipped="0" tests="25" time="13.309" timestamp="2026-03-24T02:59:22.709668+00:00" hostname="agent-env-ef2a32b3-2def-4350-a3a2-e242aa1fdd4d"><testcase classname="backend.tests.test_iteration74_comprehensive.TestAPIHealth" name="test_api_root" time="0.271" /><testcase classname="backend.tests.test_iteration74_comprehensive.TestLeaderboard" name="test_get_leaderboard" time="0.147" /><testcase classname="backend.tests.test_iteration74_comprehensive.TestLeaderboard" name="test_submit_score" time="0.140" /><testcase classname="backend.tests.test_iteration74_comprehensive.TestTradingJournal" name="test_get_dashboard" time="0.112" /><testcase classname="backend.tests.test_iteration74_comprehensive.TestTradingJournal" name="test_get_trades" time="0.140" /><testcase classname="backend.tests.test_iteration74_comprehensive.TestTradingJournal" name="test_create_trade" time="0.133" /><testcase classname="backend.tests.test_iteration74_comprehensive.TestAITrader" name="test_get_settings" time="0.109" /><testcase classname="backend.tests.test_iteration74_comprehensive.TestAITrader" name="test_get_positions" time="0.584" /><testcase classname="backend.tests.test_iteration74_comprehensive.TestAITrader" name="test_get_signals" time="0.118" /><testcase classname="backend.tests.test_iteration74_comprehensive.TestAITrader" name="test_get_platform_stats" time="0.112" /><testcase classname="backend.tests.test_iteration74_comprehensive.TestAITrader" name="test_get_tokens" time="0.934" /><testcase classname="backend.tests.test_iteration74_comprehensive.TestAITrader" name="test_get_runners" time="0.641" /><testcase classname="backend.tests.test_iteration74_comprehensive.TestCompetitions" name="test_get_active_competitions" time="0.105" /><testcase classname="backend.tests.test_iteration74_comprehensive.TestProfile" name="test_get_profile" time="0.169" /><testcase classname="backend.tests.test_iteration74_comprehensive.TestSocialTrading" name="test_get_leaderboard" time="0.115" /><testcase classname="backend.tests.test_iteration74_comprehensive.TestForum" name="test_get_posts" time="0.107" /><testcase classname="backend.tests.test_iteration74_comprehensive.TestCustodialWallet" name="test_get_wallet_info" time="0.353" /><testcase classname="backend.tests.test_iteration74_comprehensive.TestAISuggestions" name="test_get_coin_recommendations" time="8.091" /><testcase classname="backend.tests.test_iteration74_comprehensive.TestRunnerAlerts" name="test_get_status" time="0.138" /><testcase classname="backend.tests.test_iteration74_comprehensive.TestRunnerAlerts" name="test_get_preferences" time="0.114" /><testcase classname="backend.tests.test_iteration74_comprehensive.TestAutoTrade" name="test_get_auto_trade_status" time="0.104" /><testcase classname="backend.tests.test_iteration74_comprehensive.TestAutoTrade" name="test_check_exits" time="0.106" /><testcase classname="backend.tests.test_iteration74_comprehensive.TestTokenomics" name="test_get_stats" time="0.101" /><testcase classname="backend.tests.test_iteration74_comprehensive.TestPrizePool" name="test_get_prize_pool" time="0.127"><failure message="assert 404 == 200&#10; +  where 404 = &lt;Response [404]&gt;.status_code">backend/tests/test_iteration74_comprehensive.py:280: in test_get_prize_pool
    assert response.status_code == 200
E   assert 404 == 200
E    +  where 404 = &lt;Response [404]&gt;.status_code</failure></testcase><testcase classname="backend.tests.test_iteration74_comprehensive.TestNewsletter" name="test_subscribe" time="0.106" /></testsuite></testsuites>