<?xml version="1.0" encoding="utf-8"?><testsuites name="pytest tests"><testsuite name="pytest" errors="0" failures="0" skipped="0" tests="10" time="2.612" timestamp="2026-02-17T01:35:26.927885+00:00" hostname="agent-env-23682343-d3af-49f9-a480-6c689be951ca"><testcase classname="backend.tests.test_share_text.TestShareTextEndpoint" name="test_share_text_returns_200" time="0.425" /><testcase classname="backend.tests.test_share_text.TestShareTextEndpoint" name="test_share_text_has_required_fields" time="0.151" /><testcase classname="backend.tests.test_share_text.TestShareTextEndpoint" name="test_share_text_stats_structure" time="0.118" /><testcase classname="backend.tests.test_share_text.TestShareTextEndpoint" name="test_share_text_contains_collection_info" time="0.249" /><testcase classname="backend.tests.test_share_text.TestShareTextEndpoint" name="test_share_text_has_bullpug_mention" time="0.158" /><testcase classname="backend.tests.test_share_text.TestShareTextEndpoint" name="test_share_text_has_hashtags" time="0.169" /><testcase classname="backend.tests.test_share_text.TestShareTextEndpoint" name="test_share_text_for_new_collector" time="0.562" /><testcase classname="backend.tests.test_share_text.TestShareTextEndpoint" name="test_share_text_total_skins_matches" time="0.274" /><testcase classname="backend.tests.test_share_text.TestWebSocketManagersImport" name="test_server_running" time="0.201" /><testcase classname="backend.tests.test_share_text.TestWebSocketManagersImport" name="test_pot_endpoint_works" time="0.244" /></testsuite></testsuites>