<?xml version="1.0" encoding="utf-8"?><testsuites name="pytest tests"><testsuite name="pytest" errors="0" failures="0" skipped="0" tests="37" time="7.389" timestamp="2026-03-20T20:14:02.927408+00:00" hostname="agent-env-a99f39a8-53bd-4b73-899f-dd2ec37e6676"><testcase classname="backend.tests.test_adaptive_learning_ab_testing_iteration60.TestAutoTrackingStatus" name="test_get_auto_tracking_status" time="0.170" /><testcase classname="backend.tests.test_adaptive_learning_ab_testing_iteration60.TestAutoTrackingConfigUpdate" name="test_update_tracking_config_enabled" time="0.059" /><testcase classname="backend.tests.test_adaptive_learning_ab_testing_iteration60.TestAutoTrackingConfigUpdate" name="test_update_tracking_config_interval" time="0.053" /><testcase classname="backend.tests.test_adaptive_learning_ab_testing_iteration60.TestAutoTrackingConfigUpdate" name="test_update_tracking_config_time_buckets" time="0.052" /><testcase classname="backend.tests.test_adaptive_learning_ab_testing_iteration60.TestAutoTrackingConfigUpdate" name="test_update_tracking_config_no_params" time="0.050" /><testcase classname="backend.tests.test_adaptive_learning_ab_testing_iteration60.TestAutoTrackingConfigUpdate" name="test_update_tracking_config_invalid_interval" time="0.047" /><testcase classname="backend.tests.test_adaptive_learning_ab_testing_iteration60.TestAutoTrackingRun" name="test_run_automated_tracking" time="4.151" /><testcase classname="backend.tests.test_adaptive_learning_ab_testing_iteration60.TestABTestCreate" name="test_create_ab_test_basic" time="0.058" /><testcase classname="backend.tests.test_adaptive_learning_ab_testing_iteration60.TestABTestCreate" name="test_create_ab_test_with_strategy_filter" time="0.049" /><testcase classname="backend.tests.test_adaptive_learning_ab_testing_iteration60.TestABTestCreate" name="test_create_ab_test_invalid_confidence" time="0.053" /><testcase classname="backend.tests.test_adaptive_learning_ab_testing_iteration60.TestABTestCreate" name="test_create_ab_test_invalid_strategy" time="0.047" /><testcase classname="backend.tests.test_adaptive_learning_ab_testing_iteration60.TestABTestList" name="test_list_all_ab_tests" time="0.053" /><testcase classname="backend.tests.test_adaptive_learning_ab_testing_iteration60.TestABTestList" name="test_list_active_ab_tests" time="0.049" /><testcase classname="backend.tests.test_adaptive_learning_ab_testing_iteration60.TestABTestList" name="test_list_invalid_status_filter" time="0.046" /><testcase classname="backend.tests.test_adaptive_learning_ab_testing_iteration60.TestABTestGetDetails" name="test_get_ab_test_details" time="0.101" /><testcase classname="backend.tests.test_adaptive_learning_ab_testing_iteration60.TestABTestGetDetails" name="test_get_nonexistent_ab_test" time="0.049" /><testcase classname="backend.tests.test_adaptive_learning_ab_testing_iteration60.TestABTestRecordOutcome" name="test_record_win_outcome_variant_a" time="0.094" /><testcase classname="backend.tests.test_adaptive_learning_ab_testing_iteration60.TestABTestRecordOutcome" name="test_record_loss_outcome_variant_b" time="0.048" /><testcase classname="backend.tests.test_adaptive_learning_ab_testing_iteration60.TestABTestRecordOutcome" name="test_record_neutral_outcome" time="0.048" /><testcase classname="backend.tests.test_adaptive_learning_ab_testing_iteration60.TestABTestRecordOutcome" name="test_record_outcome_invalid_variant" time="0.045" /><testcase classname="backend.tests.test_adaptive_learning_ab_testing_iteration60.TestABTestRecordOutcome" name="test_record_outcome_invalid_outcome" time="0.047" /><testcase classname="backend.tests.test_adaptive_learning_ab_testing_iteration60.TestABTestRecordOutcome" name="test_record_outcome_nonexistent_test" time="0.047" /><testcase classname="backend.tests.test_adaptive_learning_ab_testing_iteration60.TestABTestUpdateStatus" name="test_pause_ab_test" time="0.092" /><testcase classname="backend.tests.test_adaptive_learning_ab_testing_iteration60.TestABTestUpdateStatus" name="test_reactivate_ab_test" time="0.047" /><testcase classname="backend.tests.test_adaptive_learning_ab_testing_iteration60.TestABTestUpdateStatus" name="test_complete_ab_test" time="0.049" /><testcase classname="backend.tests.test_adaptive_learning_ab_testing_iteration60.TestABTestUpdateStatus" name="test_update_status_invalid" time="0.045" /><testcase classname="backend.tests.test_adaptive_learning_ab_testing_iteration60.TestABTestUpdateStatus" name="test_update_status_nonexistent_test" time="0.049" /><testcase classname="backend.tests.test_adaptive_learning_ab_testing_iteration60.TestAdaptiveCurrentSettings" name="test_get_adaptive_settings" time="0.046" /><testcase classname="backend.tests.test_adaptive_learning_ab_testing_iteration60.TestAdaptiveCurrentSettings" name="test_adaptive_settings_confidence_breakdown" time="0.047" /><testcase classname="backend.tests.test_adaptive_learning_ab_testing_iteration60.TestAdaptiveCurrentSettings" name="test_adaptive_settings_strategy_breakdown" time="0.048" /><testcase classname="backend.tests.test_adaptive_learning_ab_testing_iteration60.TestAdaptiveApply" name="test_apply_adaptive_settings" time="0.046" /><testcase classname="backend.tests.test_adaptive_learning_ab_testing_iteration60.TestAdaptiveHistory" name="test_get_adaptive_history" time="0.050" /><testcase classname="backend.tests.test_adaptive_learning_ab_testing_iteration60.TestABTestFullWorkflow" name="test_full_ab_test_workflow" time="1.113" /><testcase classname="backend.tests.test_adaptive_learning_ab_testing_iteration60.TestExistingEndpointsStillWork" name="test_performance_summary" time="0.052" /><testcase classname="backend.tests.test_adaptive_learning_ab_testing_iteration60.TestExistingEndpointsStillWork" name="test_confidence_analysis" time="0.058" /><testcase classname="backend.tests.test_adaptive_learning_ab_testing_iteration60.TestExistingEndpointsStillWork" name="test_strategy_comparison" time="0.060" /><testcase classname="backend.tests.test_adaptive_learning_ab_testing_iteration60.TestExistingEndpointsStillWork" name="test_backtest" time="0.050" /></testsuite></testsuites>