<?xml version="1.0" encoding="utf-8"?><testsuites name="pytest tests"><testsuite name="pytest" errors="0" failures="0" skipped="0" tests="9" time="3.531" timestamp="2026-03-23T01:10:04.285218+00:00" hostname="agent-env-9808857b-c413-498e-b8ee-1c7dd637295d"><testcase classname="backend.tests.test_iteration72_auto_optimization.TestAutoOptimizationToggle" name="test_put_settings_accepts_auto_optimization_enabled" time="0.279" /><testcase classname="backend.tests.test_iteration72_auto_optimization.TestAutoOptimizationToggle" name="test_get_status_returns_auto_optimization_enabled" time="0.277" /><testcase classname="backend.tests.test_iteration72_auto_optimization.TestAutoOptimizationToggle" name="test_toggle_auto_optimization_off" time="0.285" /><testcase classname="backend.tests.test_iteration72_auto_optimization.TestAutoOptimizationToggle" name="test_status_response_structure" time="0.138" /><testcase classname="backend.tests.test_iteration72_auto_optimization.TestOptimalSettingsEndpoint" name="test_optimal_settings_endpoint_exists" time="0.118" /><testcase classname="backend.tests.test_iteration72_auto_optimization.TestAutoTradeScanWithOptimization" name="test_scan_endpoint_exists" time="0.502" /><testcase classname="backend.tests.test_iteration72_auto_optimization.TestAutoTradeScanWithOptimization" name="test_scan_with_optimization_disabled" time="1.264" /><testcase classname="backend.tests.test_iteration72_auto_optimization.TestSettingsUpdateValidation" name="test_update_multiple_settings_including_optimization" time="0.156" /><testcase classname="backend.tests.test_iteration72_auto_optimization.TestSettingsUpdateValidation" name="test_settings_persist_after_update" time="0.329" /></testsuite></testsuites>