<?xml version="1.0" encoding="utf-8"?><testsuites name="pytest tests"><testsuite name="pytest" errors="0" failures="0" skipped="0" tests="27" time="3.076" timestamp="2026-03-31T20:47:30.227692+00:00" hostname="agent-env-c7bc084c-e984-47b3-8d93-29f87fde0fbe"><testcase classname="tests.test_iteration92_trading_fixes.TestBackendStartup" name="test_api_root_responds" time="0.194" /><testcase classname="tests.test_iteration92_trading_fixes.TestBackendStartup" name="test_auto_trader_engine_imports" time="0.194" /><testcase classname="tests.test_iteration92_trading_fixes.TestBackendStartup" name="test_token_sniper_imports" time="0.000" /><testcase classname="tests.test_iteration92_trading_fixes.TestBackendStartup" name="test_pugburn_imports" time="1.727" /><testcase classname="tests.test_iteration92_trading_fixes.TestHeliusRPCKey" name="test_helius_rpc_url_in_env" time="0.000" /><testcase classname="tests.test_iteration92_trading_fixes.TestHeliusRPCKey" name="test_helius_balance_fetch" time="0.150" /><testcase classname="tests.test_iteration92_trading_fixes.TestTokenSniperScan" name="test_scan_new_pairs_returns_results" time="0.200" /><testcase classname="tests.test_iteration92_trading_fixes.TestTokenSniperScan" name="test_dexscreener_token_profiles_endpoint" time="0.072" /><testcase classname="tests.test_iteration92_trading_fixes.TestTokenSniperScan" name="test_dexscreener_token_boosts_endpoint" time="0.073" /><testcase classname="tests.test_iteration92_trading_fixes.TestAutoCloseEmptyAccounts" name="test_auto_close_empty_accounts_exists" time="0.000" /><testcase classname="tests.test_iteration92_trading_fixes.TestAutoCloseEmptyAccounts" name="test_auto_close_imported_in_auto_trader_engine" time="0.001" /><testcase classname="tests.test_iteration92_trading_fixes.TestMinPositionSOL" name="test_min_position_sol_defined" time="0.000" /><testcase classname="tests.test_iteration92_trading_fixes.TestMinPositionSOL" name="test_min_position_sol_in_code" time="0.000" /><testcase classname="tests.test_iteration92_trading_fixes.TestFeeReserve" name="test_fee_reserve_is_0001" time="0.000" /><testcase classname="tests.test_iteration92_trading_fixes.TestFeeReserve" name="test_fee_reserve_at_correct_lines" time="0.000" /><testcase classname="tests.test_iteration92_trading_fixes.TestBalanceThreshold" name="test_balance_threshold_uses_min_position_sol" time="0.000" /><testcase classname="tests.test_iteration92_trading_fixes.TestBalanceThreshold" name="test_balance_check_at_line_314" time="0.000" /><testcase classname="tests.test_iteration92_trading_fixes.TestPreScanAutoBurn" name="test_auto_burn_before_balance_check" time="0.000" /><testcase classname="tests.test_iteration92_trading_fixes.TestPreScanAutoBurn" name="test_burn_order_in_code" time="0.001" /><testcase classname="tests.test_iteration92_trading_fixes.TestSniperOnChainExecution" name="test_sniper_calls_execute_auto_trade" time="0.000" /><testcase classname="tests.test_iteration92_trading_fixes.TestSniperOnChainExecution" name="test_sniper_execution_flow_structure" time="0.001" /><testcase classname="tests.test_iteration92_trading_fixes.TestSniperOnChainExecution" name="test_sniper_no_paper_trades" time="0.000" /><testcase classname="tests.test_iteration92_trading_fixes.TestAutoTradeSettingsEndpoint" name="test_settings_endpoint_put_only" time="0.194" /><testcase classname="tests.test_iteration92_trading_fixes.TestAutoTradeSettingsEndpoint" name="test_auto_trade_status_endpoint" time="0.138" /><testcase classname="tests.test_iteration92_trading_fixes.TestCodeStructureVerification" name="test_sniper_execution_lines_1103_1250" time="0.001" /><testcase classname="tests.test_iteration92_trading_fixes.TestCodeStructureVerification" name="test_token_sniper_2step_approach" time="0.000" /><testcase classname="tests.test_iteration92_trading_fixes.TestCodeStructureVerification" name="test_pugburn_auto_close_at_lines_320_335" time="0.000" /></testsuite></testsuites>