<?xml version="1.0" encoding="utf-8"?><testsuites name="pytest tests"><testsuite name="pytest" errors="0" failures="0" skipped="0" tests="24" time="4.259" timestamp="2026-03-20T19:43:59.589914+00:00" hostname="agent-env-a99f39a8-53bd-4b73-899f-dd2ec37e6676"><testcase classname="backend.tests.test_multichain_signal_analytics_iteration58.TestSupportedChains" name="test_get_supported_chains" time="1.746" /><testcase classname="backend.tests.test_multichain_signal_analytics_iteration58.TestWalletLinking" name="test_link_solana_wallet_only" time="0.127" /><testcase classname="backend.tests.test_multichain_signal_analytics_iteration58.TestWalletLinking" name="test_link_both_wallets" time="0.059" /><testcase classname="backend.tests.test_multichain_signal_analytics_iteration58.TestWalletLinking" name="test_link_no_wallet_fails" time="0.059" /><testcase classname="backend.tests.test_multichain_signal_analytics_iteration58.TestWalletLinking" name="test_get_linked_wallets_by_solana" time="0.066" /><testcase classname="backend.tests.test_multichain_signal_analytics_iteration58.TestWalletLinking" name="test_get_linked_wallets_nonexistent" time="0.071" /><testcase classname="backend.tests.test_multichain_signal_analytics_iteration58.TestMultiChainFollow" name="test_follow_trader_multichain" time="0.311" /><testcase classname="backend.tests.test_multichain_signal_analytics_iteration58.TestMultiChainFollow" name="test_follow_nonexistent_trader" time="0.213" /><testcase classname="backend.tests.test_multichain_signal_analytics_iteration58.TestFollowingList" name="test_get_following_list" time="0.065" /><testcase classname="backend.tests.test_multichain_signal_analytics_iteration58.TestChainSettings" name="test_update_chain_settings_no_follow" time="0.067" /><testcase classname="backend.tests.test_multichain_signal_analytics_iteration58.TestChainSettings" name="test_update_chain_settings_invalid_chain" time="0.063" /><testcase classname="backend.tests.test_multichain_signal_analytics_iteration58.TestMultiChainLeaderboard" name="test_get_leaderboard_all_chains" time="0.075" /><testcase classname="backend.tests.test_multichain_signal_analytics_iteration58.TestMultiChainLeaderboard" name="test_get_leaderboard_specific_chain" time="0.064" /><testcase classname="backend.tests.test_multichain_signal_analytics_iteration58.TestMultiChainLeaderboard" name="test_get_leaderboard_invalid_chain" time="0.071" /><testcase classname="backend.tests.test_multichain_signal_analytics_iteration58.TestCopiedTrades" name="test_get_copied_trades" time="0.062" /><testcase classname="backend.tests.test_multichain_signal_analytics_iteration58.TestCopiedTrades" name="test_get_copied_trades_with_chain_filter" time="0.058" /><testcase classname="backend.tests.test_multichain_signal_analytics_iteration58.TestMultiChainStats" name="test_get_multichain_stats" time="0.061" /><testcase classname="backend.tests.test_multichain_signal_analytics_iteration58.TestSignalAnalyticsPerformance" name="test_performance_summary_default" time="0.068" /><testcase classname="backend.tests.test_multichain_signal_analytics_iteration58.TestSignalAnalyticsPerformance" name="test_performance_summary_custom_period" time="0.066" /><testcase classname="backend.tests.test_multichain_signal_analytics_iteration58.TestSignalAnalyticsConfidence" name="test_confidence_analysis" time="0.066" /><testcase classname="backend.tests.test_multichain_signal_analytics_iteration58.TestSignalAnalyticsStrategy" name="test_strategy_comparison" time="0.066" /><testcase classname="backend.tests.test_multichain_signal_analytics_iteration58.TestSignalAnalyticsOptimal" name="test_optimal_settings" time="0.066" /><testcase classname="backend.tests.test_multichain_signal_analytics_iteration58.TestMultiChainIntegration" name="test_full_wallet_link_flow" time="0.244" /><testcase classname="backend.tests.test_multichain_signal_analytics_iteration58.TestMultiChainIntegration" name="test_analytics_endpoints_consistency" time="0.252" /></testsuite></testsuites>