<?xml version="1.0" encoding="utf-8"?><testsuites name="pytest tests"><testsuite name="pytest" errors="0" failures="0" skipped="0" tests="19" time="3.841" timestamp="2026-03-20T03:18:22.128720+00:00" hostname="agent-env-a64cdb88-8b60-4495-bcac-8664f88ee89e"><testcase classname="backend.tests.test_copy_trade_notifications_iteration55.TestNotificationsEndpoints" name="test_get_notifications_endpoint_exists" time="0.252" /><testcase classname="backend.tests.test_copy_trade_notifications_iteration55.TestNotificationsEndpoints" name="test_get_notifications_with_unread_filter" time="0.146" /><testcase classname="backend.tests.test_copy_trade_notifications_iteration55.TestNotificationsEndpoints" name="test_get_notifications_with_limit" time="0.105" /><testcase classname="backend.tests.test_copy_trade_notifications_iteration55.TestNotificationsEndpoints" name="test_mark_notifications_read_endpoint" time="0.099" /><testcase classname="backend.tests.test_copy_trade_notifications_iteration55.TestNotificationsEndpoints" name="test_delete_notification_not_found" time="0.158" /><testcase classname="backend.tests.test_copy_trade_notifications_iteration55.TestNotificationSettings" name="test_get_notification_settings_default" time="0.131" /><testcase classname="backend.tests.test_copy_trade_notifications_iteration55.TestNotificationSettings" name="test_update_notification_settings" time="0.263" /><testcase classname="backend.tests.test_copy_trade_notifications_iteration55.TestNotificationSettings" name="test_update_notification_settings_validation" time="0.160" /><testcase classname="backend.tests.test_copy_trade_notifications_iteration55.TestNotificationSettings" name="test_update_notification_settings_empty" time="0.108" /><testcase classname="backend.tests.test_copy_trade_notifications_iteration55.TestCopyTradingIntegration" name="test_add_position_endpoint_exists" time="0.230" /><testcase classname="backend.tests.test_copy_trade_notifications_iteration55.TestCopyTradingIntegration" name="test_copy_trade_to_followers_function_exists" time="0.240" /><testcase classname="backend.tests.test_copy_trade_notifications_iteration55.TestFollowAndNotificationFlow" name="test_follow_creates_new_follower_notification" time="0.698" /><testcase classname="backend.tests.test_copy_trade_notifications_iteration55.TestFollowAndNotificationFlow" name="test_copied_trades_endpoint_returns_list" time="0.422" /><testcase classname="backend.tests.test_copy_trade_notifications_iteration55.TestNotificationTypes" name="test_notification_types_in_api_response" time="0.105" /><testcase classname="backend.tests.test_copy_trade_notifications_iteration55.TestNotificationTypes" name="test_notification_structure" time="0.106" /><testcase classname="backend.tests.test_copy_trade_notifications_iteration55.TestLeaderboardAndProfileStillWork" name="test_leaderboard_endpoint" time="0.101" /><testcase classname="backend.tests.test_copy_trade_notifications_iteration55.TestLeaderboardAndProfileStillWork" name="test_profile_endpoint" time="0.102" /><testcase classname="backend.tests.test_copy_trade_notifications_iteration55.TestLeaderboardAndProfileStillWork" name="test_following_endpoint" time="0.166" /><testcase classname="backend.tests.test_copy_trade_notifications_iteration55.TestLeaderboardAndProfileStillWork" name="test_followers_endpoint" time="0.109" /></testsuite></testsuites>