<?xml version="1.0" encoding="utf-8"?><testsuites name="pytest tests"><testsuite name="pytest" errors="0" failures="0" skipped="0" tests="12" time="25.180" timestamp="2026-02-18T00:14:28.790528+00:00" hostname="agent-env-182f6f74-a316-4161-ad9a-a259626936ba"><testcase classname="tests.test_profile_ai_suggestions.TestProfileAPI" name="test_get_profile_creates_new_profile" time="0.184" /><testcase classname="tests.test_profile_ai_suggestions.TestProfileAPI" name="test_get_profile_returns_existing_profile" time="0.337" /><testcase classname="tests.test_profile_ai_suggestions.TestProfileAPI" name="test_update_profile_display_name" time="0.417" /><testcase classname="tests.test_profile_ai_suggestions.TestProfileAPI" name="test_update_profile_bio" time="0.441" /><testcase classname="tests.test_profile_ai_suggestions.TestProfileAPI" name="test_update_profile_social_links" time="0.400" /><testcase classname="tests.test_profile_ai_suggestions.TestProfileAPI" name="test_get_available_skins" time="0.123" /><testcase classname="tests.test_profile_ai_suggestions.TestAISuggestionsAPI" name="test_exit_simulator_suggestion" time="7.621" /><testcase classname="tests.test_profile_ai_suggestions.TestAISuggestionsAPI" name="test_exit_simulator_without_wallet" time="6.198" /><testcase classname="tests.test_profile_ai_suggestions.TestAISuggestionsAPI" name="test_journal_daily_insight" time="0.151" /><testcase classname="tests.test_profile_ai_suggestions.TestAISuggestionsAPI" name="test_journal_insight_for_user_with_trades" time="0.123" /><testcase classname="tests.test_profile_ai_suggestions.TestAPIIntegration" name="test_ai_suggestion_includes_journal_context" time="3.841" /><testcase classname="tests.test_profile_ai_suggestions.TestAPIIntegration" name="test_live_price_fetch_in_ai_suggestion" time="5.292" /></testsuite></testsuites>