<?xml version="1.0" encoding="utf-8"?><testsuites name="pytest tests"><testsuite name="pytest" errors="0" failures="0" skipped="0" tests="8" time="3.197" timestamp="2026-02-17T00:40:24.470687+00:00" hostname="agent-env-8385ca21-01f2-4c51-a7bb-36e3eb850f1a"><testcase classname="backend.tests.test_skin_gift.TestSkinGiftAPI" name="test_get_skin_catalog" time="0.330" /><testcase classname="backend.tests.test_skin_gift.TestSkinGiftAPI" name="test_gift_requires_ownership" time="0.239" /><testcase classname="backend.tests.test_skin_gift.TestSkinGiftAPI" name="test_gift_rejects_invalid_skin" time="0.134" /><testcase classname="backend.tests.test_skin_gift.TestSkinGiftAPI" name="test_gift_rejects_default_skin" time="0.297" /><testcase classname="backend.tests.test_skin_gift.TestSkinGiftAPI" name="test_gift_rejects_self_gifting" time="0.194" /><testcase classname="backend.tests.test_skin_gift.TestSkinGiftAPI" name="test_gift_history_empty_wallet" time="0.232" /><testcase classname="backend.tests.test_skin_gift.TestSkinGiftAPI" name="test_full_gift_flow" time="1.266" /><testcase classname="backend.tests.test_skin_gift.TestGiftValidation" name="test_gift_requires_all_fields" time="0.455" /></testsuite></testsuites>