<?xml version="1.0" encoding="utf-8"?><testsuites name="pytest tests"><testsuite name="pytest" errors="0" failures="0" skipped="0" tests="25" time="3.635" timestamp="2026-03-20T03:39:31.980782+00:00" hostname="agent-env-a64cdb88-8b60-4495-bcac-8664f88ee89e"><testcase classname="backend.tests.test_performance_fees_iteration56.TestSetPerformanceFeePercentage" name="test_set_fee_percentage_valid_10_percent" time="0.306" /><testcase classname="backend.tests.test_performance_fees_iteration56.TestSetPerformanceFeePercentage" name="test_set_fee_percentage_valid_5_percent_min" time="0.152" /><testcase classname="backend.tests.test_performance_fees_iteration56.TestSetPerformanceFeePercentage" name="test_set_fee_percentage_valid_15_percent_max" time="0.139" /><testcase classname="backend.tests.test_performance_fees_iteration56.TestSetPerformanceFeePercentage" name="test_set_fee_percentage_invalid_below_5" time="0.150" /><testcase classname="backend.tests.test_performance_fees_iteration56.TestSetPerformanceFeePercentage" name="test_set_fee_percentage_invalid_above_15" time="0.101" /><testcase classname="backend.tests.test_performance_fees_iteration56.TestSetPerformanceFeePercentage" name="test_set_fee_percentage_decimal_value" time="0.144" /><testcase classname="backend.tests.test_performance_fees_iteration56.TestFeeSummaryEndpoint" name="test_get_fee_summary_new_wallet" time="0.107" /><testcase classname="backend.tests.test_performance_fees_iteration56.TestFeeSummaryEndpoint" name="test_get_fee_summary_after_setting_fee" time="0.286" /><testcase classname="backend.tests.test_performance_fees_iteration56.TestFeesEarnedEndpoint" name="test_get_fees_earned_new_wallet" time="0.111" /><testcase classname="backend.tests.test_performance_fees_iteration56.TestFeesEarnedEndpoint" name="test_get_fees_earned_with_limit" time="0.184" /><testcase classname="backend.tests.test_performance_fees_iteration56.TestFeesPaidEndpoint" name="test_get_fees_paid_new_wallet" time="0.184" /><testcase classname="backend.tests.test_performance_fees_iteration56.TestFeesPaidEndpoint" name="test_get_fees_paid_with_limit" time="0.105" /><testcase classname="backend.tests.test_performance_fees_iteration56.TestFeeLeaderboard" name="test_get_fee_leaderboard_default" time="0.107" /><testcase classname="backend.tests.test_performance_fees_iteration56.TestFeeLeaderboard" name="test_get_fee_leaderboard_7d_period" time="0.117" /><testcase classname="backend.tests.test_performance_fees_iteration56.TestFeeLeaderboard" name="test_get_fee_leaderboard_all_time" time="0.098" /><testcase classname="backend.tests.test_performance_fees_iteration56.TestFeeLeaderboard" name="test_get_fee_leaderboard_with_limit" time="0.136" /><testcase classname="backend.tests.test_performance_fees_iteration56.TestTraderLeaderboardIncludesFees" name="test_leaderboard_has_performance_fee_percent" time="0.108" /><testcase classname="backend.tests.test_performance_fees_iteration56.TestTraderLeaderboardIncludesFees" name="test_leaderboard_structure" time="0.125" /><testcase classname="backend.tests.test_performance_fees_iteration56.TestPerformanceFeeCalculation" name="test_profile_tracks_total_fees_earned" time="0.219" /><testcase classname="backend.tests.test_performance_fees_iteration56.TestFeeRecordStructure" name="test_fee_earned_record_structure" time="0.109" /><testcase classname="backend.tests.test_performance_fees_iteration56.TestFeeRecordStructure" name="test_fee_paid_record_structure" time="0.104" /><testcase classname="backend.tests.test_performance_fees_iteration56.TestRegressionTests" name="test_social_trading_leaderboard_still_works" time="0.102" /><testcase classname="backend.tests.test_performance_fees_iteration56.TestRegressionTests" name="test_social_trading_profile_still_works" time="0.106" /><testcase classname="backend.tests.test_performance_fees_iteration56.TestRegressionTests" name="test_social_trading_following_still_works" time="0.105" /><testcase classname="backend.tests.test_performance_fees_iteration56.TestRegressionTests" name="test_social_trading_followers_still_works" time="0.103" /></testsuite></testsuites>