<?xml version="1.0" encoding="utf-8"?><testsuites name="pytest tests"><testsuite name="pytest" errors="0" failures="0" skipped="0" tests="14" time="6.517" timestamp="2026-03-20T20:22:59.726692+00:00" hostname="agent-env-a99f39a8-53bd-4b73-899f-dd2ec37e6676"><testcase classname="tests.test_iteration61_scheduler_bugfix.TestSignalAnalyticsPerformanceSummary" name="test_performance_summary_default" time="0.185" /><testcase classname="tests.test_iteration61_scheduler_bugfix.TestSignalAnalyticsPerformanceSummary" name="test_performance_summary_with_period" time="0.123" /><testcase classname="tests.test_iteration61_scheduler_bugfix.TestSignalAnalyticsPerformanceSummary" name="test_performance_summary_90_days" time="0.160" /><testcase classname="tests.test_iteration61_scheduler_bugfix.TestSignalAnalyticsConfidenceAnalysis" name="test_confidence_analysis_default" time="0.159" /><testcase classname="tests.test_iteration61_scheduler_bugfix.TestSignalAnalyticsConfidenceAnalysis" name="test_confidence_analysis_with_period" time="0.124" /><testcase classname="tests.test_iteration61_scheduler_bugfix.TestSignalAnalyticsBacktest" name="test_backtest_default_params" time="0.138" /><testcase classname="tests.test_iteration61_scheduler_bugfix.TestSignalAnalyticsBacktest" name="test_backtest_with_strategy_filter" time="0.177" /><testcase classname="tests.test_iteration61_scheduler_bugfix.TestSignalAnalyticsBacktest" name="test_backtest_with_require_multiple_strategies" time="0.115" /><testcase classname="tests.test_iteration61_scheduler_bugfix.TestAutoTrackingStatus" name="test_auto_tracking_status" time="0.335" /><testcase classname="tests.test_iteration61_scheduler_bugfix.TestAutoTrackingRun" name="test_auto_tracking_run" time="4.432" /><testcase classname="tests.test_iteration61_scheduler_bugfix.TestAdaptiveLearningCurrentSettings" name="test_adaptive_current_settings" time="0.133" /><testcase classname="tests.test_iteration61_scheduler_bugfix.TestSchedulerJobsRunning" name="test_scheduler_log_message" time="0.118" /><testcase classname="tests.test_iteration61_scheduler_bugfix.TestExistingEndpointsRegression" name="test_strategy_comparison" time="0.120" /><testcase classname="tests.test_iteration61_scheduler_bugfix.TestExistingEndpointsRegression" name="test_optimal_settings" time="0.115" /></testsuite></testsuites>