<?xml version="1.0" encoding="utf-8"?><testsuites name="pytest tests"><testsuite name="pytest" errors="0" failures="0" skipped="0" tests="17" time="3.036" timestamp="2026-03-25T03:07:36.234034+00:00" hostname="agent-env-c7bc084c-e984-47b3-8d93-29f87fde0fbe"><testcase classname="backend.tests.test_iteration84_layout_cleanup.TestAPIHealth" name="test_api_root_accessible" time="0.237" /><testcase classname="backend.tests.test_iteration84_layout_cleanup.TestDataCleanup" name="test_no_test_positions" time="0.529" /><testcase classname="backend.tests.test_iteration84_layout_cleanup.TestDataCleanup" name="test_no_test_history_entries" time="0.111" /><testcase classname="backend.tests.test_iteration84_layout_cleanup.TestDataCleanup" name="test_no_test_ledger_entries" time="0.110" /><testcase classname="backend.tests.test_iteration84_layout_cleanup.TestLedgerEndpoints" name="test_ledger_balance_endpoint" time="0.110" /><testcase classname="backend.tests.test_iteration84_layout_cleanup.TestLedgerEndpoints" name="test_ledger_history_endpoint" time="0.135" /><testcase classname="backend.tests.test_iteration84_layout_cleanup.TestLedgerEndpoints" name="test_ledger_rake_stats_endpoint" time="0.108" /><testcase classname="backend.tests.test_iteration84_layout_cleanup.TestAITraderEndpoints" name="test_settings_endpoint" time="0.117" /><testcase classname="backend.tests.test_iteration84_layout_cleanup.TestAITraderEndpoints" name="test_positions_endpoint" time="0.505" /><testcase classname="backend.tests.test_iteration84_layout_cleanup.TestAITraderEndpoints" name="test_history_endpoint" time="0.103" /><testcase classname="backend.tests.test_iteration84_layout_cleanup.TestAITraderEndpoints" name="test_platform_stats_endpoint" time="0.137" /><testcase classname="backend.tests.test_iteration84_layout_cleanup.TestPageLoads" name="test_homepage_loads" time="0.101" /><testcase classname="backend.tests.test_iteration84_layout_cleanup.TestPageLoads" name="test_origins_page_loads" time="0.118" /><testcase classname="backend.tests.test_iteration84_layout_cleanup.TestPageLoads" name="test_journal_page_loads" time="0.137" /><testcase classname="backend.tests.test_iteration84_layout_cleanup.TestPageLoads" name="test_ai_trader_page_loads" time="0.128" /><testcase classname="backend.tests.test_iteration84_layout_cleanup.TestPageLoads" name="test_pugburn_page_loads" time="0.122" /><testcase classname="backend.tests.test_iteration84_layout_cleanup.TestPageLoads" name="test_game_page_loads" time="0.139" /></testsuite></testsuites>