<?xml version="1.0" encoding="utf-8"?><testsuites name="pytest tests"><testsuite name="pytest" errors="0" failures="0" skipped="0" tests="10" time="6.110" timestamp="2026-03-22T23:36:59.496092+00:00" hostname="agent-env-9808857b-c413-498e-b8ee-1c7dd637295d"><testcase classname="backend.tests.test_iteration69_sol_price_fix.TestSOLPriceFix" name="test_positions_endpoint_returns_200" time="0.564" /><testcase classname="backend.tests.test_iteration69_sol_price_fix.TestSOLPriceFix" name="test_positions_count_is_4" time="0.583" /><testcase classname="backend.tests.test_iteration69_sol_price_fix.TestSOLPriceFix" name="test_synced_positions_have_correct_sol_amounts" time="0.581" /><testcase classname="backend.tests.test_iteration69_sol_price_fix.TestSOLPriceFix" name="test_total_invested_sol_is_reasonable" time="0.596" /><testcase classname="backend.tests.test_iteration69_sol_price_fix.TestSOLPriceFix" name="test_position_values_are_reasonable" time="0.595" /><testcase classname="backend.tests.test_iteration69_sol_price_fix.TestSOLPriceFix" name="test_sol_price_in_response_is_reasonable" time="0.513" /><testcase classname="backend.tests.test_iteration69_sol_price_fix.TestSyncPositionsSOLPrice" name="test_sync_positions_endpoint_returns_200" time="0.752" /><testcase classname="backend.tests.test_iteration69_sol_price_fix.TestSyncPositionsSOLPrice" name="test_sync_positions_returns_correct_structure" time="0.739" /><testcase classname="backend.tests.test_iteration69_sol_price_fix.TestAllTokensEndpoint" name="test_all_tokens_returns_4_tokens" time="0.538" /><testcase classname="backend.tests.test_iteration69_sol_price_fix.TestAllTokensEndpoint" name="test_all_tokens_total_value_is_reasonable" time="0.590" /></testsuite></testsuites>