<?xml version="1.0" encoding="utf-8"?><testsuites name="pytest tests"><testsuite name="pytest" errors="0" failures="0" skipped="0" tests="15" time="4.448" timestamp="2026-03-04T03:04:54.082243+00:00" hostname="agent-env-96532c98-81a9-4ec4-9923-ca59d82b342b"><testcase classname="backend.tests.test_pugburn_and_pl.TestPugBurnScanEndpoint" name="test_scan_endpoint_returns_200" time="0.693" /><testcase classname="backend.tests.test_pugburn_and_pl.TestPugBurnScanEndpoint" name="test_scan_returns_correct_structure" time="0.252" /><testcase classname="backend.tests.test_pugburn_and_pl.TestPugBurnScanEndpoint" name="test_scan_wallet_address_matches_request" time="0.252" /><testcase classname="backend.tests.test_pugburn_and_pl.TestPugBurnScanEndpoint" name="test_scan_handles_invalid_wallet" time="0.269" /><testcase classname="backend.tests.test_pugburn_and_pl.TestPugBurnStatsEndpoint" name="test_stats_endpoint_returns_200" time="0.235" /><testcase classname="backend.tests.test_pugburn_and_pl.TestPugBurnStatsEndpoint" name="test_stats_returns_correct_structure" time="0.260" /><testcase classname="backend.tests.test_pugburn_and_pl.TestPugBurnCloseInstruction" name="test_close_instruction_empty_list_returns_400" time="0.125" /><testcase classname="backend.tests.test_pugburn_and_pl.TestPugBurnCloseInstruction" name="test_close_instruction_exceeds_max_returns_400" time="0.117" /><testcase classname="backend.tests.test_pugburn_and_pl.TestPugBurnCloseInstruction" name="test_close_instruction_valid_request" time="0.148" /><testcase classname="backend.tests.test_pugburn_and_pl.TestTradingBotPositionsPL" name="test_positions_endpoint_returns_200" time="0.220" /><testcase classname="backend.tests.test_pugburn_and_pl.TestTradingBotPositionsPL" name="test_positions_returns_sol_price_usd" time="0.216" /><testcase classname="backend.tests.test_pugburn_and_pl.TestTradingBotPositionsPL" name="test_positions_count_field" time="0.252" /><testcase classname="backend.tests.test_pugburn_and_pl.TestTradingBotPositionsPL" name="test_positions_excludes_mongodb_id" time="0.198" /><testcase classname="backend.tests.test_pugburn_and_pl.TestTradingBotPLFields" name="test_pl_fields_defined_in_backend" time="0.491" /><testcase classname="backend.tests.test_pugburn_and_pl.TestAddAndClosePositionPL" name="test_add_position_and_get_pl" time="0.518" /></testsuite></testsuites>