<?xml version="1.0" encoding="utf-8"?><testsuites name="pytest tests"><testsuite name="pytest" errors="0" failures="0" skipped="0" tests="15" time="2.415" timestamp="2026-03-19T22:29:01.433724+00:00" hostname="agent-env-a64cdb88-8b60-4495-bcac-8664f88ee89e"><testcase classname="backend.tests.test_leaderboard_autotrade_iteration53.TestLeaderboardWalletLinking" name="test_leaderboard_returns_wallet_address_field" time="0.144" /><testcase classname="backend.tests.test_leaderboard_autotrade_iteration53.TestLeaderboardWalletLinking" name="test_wallet_link_status_endpoint" time="0.103" /><testcase classname="backend.tests.test_leaderboard_autotrade_iteration53.TestLeaderboardWalletLinking" name="test_wallet_link_status_for_unknown_player" time="0.114" /><testcase classname="backend.tests.test_leaderboard_autotrade_iteration53.TestLeaderboardWalletLinking" name="test_link_wallet_endpoint" time="0.208" /><testcase classname="backend.tests.test_leaderboard_autotrade_iteration53.TestLeaderboardWalletLinking" name="test_link_wallet_requires_player_name" time="0.104" /><testcase classname="backend.tests.test_leaderboard_autotrade_iteration53.TestLeaderboardWalletLinking" name="test_link_wallet_requires_wallet_address" time="0.105" /><testcase classname="backend.tests.test_leaderboard_autotrade_iteration53.TestLeaderboardWalletLinking" name="test_unlink_wallet_endpoint" time="0.325" /><testcase classname="backend.tests.test_leaderboard_autotrade_iteration53.TestAutoTradeAdvancedSettings" name="test_settings_include_advanced_fields" time="0.115" /><testcase classname="backend.tests.test_leaderboard_autotrade_iteration53.TestAutoTradeAdvancedSettings" name="test_save_advanced_settings" time="0.221" /><testcase classname="backend.tests.test_leaderboard_autotrade_iteration53.TestAutoTradeAdvancedSettings" name="test_update_trailing_stops_endpoint_exists" time="0.111" /><testcase classname="backend.tests.test_leaderboard_autotrade_iteration53.TestAutoTradeAdvancedSettings" name="test_update_trailing_stops_disabled_by_default" time="0.213" /><testcase classname="backend.tests.test_leaderboard_autotrade_iteration53.TestAutoTradeAdvancedSettings" name="test_check_scale_in_endpoint_exists" time="0.117" /><testcase classname="backend.tests.test_leaderboard_autotrade_iteration53.TestAutoTradeAdvancedSettings" name="test_check_scale_in_disabled_by_default" time="0.240" /><testcase classname="backend.tests.test_leaderboard_autotrade_iteration53.TestAutoTradeStatusAndLogs" name="test_auto_trade_status_endpoint" time="0.107" /><testcase classname="backend.tests.test_leaderboard_autotrade_iteration53.TestAutoTradeStatusAndLogs" name="test_auto_trade_logs_endpoint" time="0.103" /></testsuite></testsuites>