<?xml version="1.0" encoding="utf-8"?><testsuites name="pytest tests"><testsuite name="pytest" errors="0" failures="0" skipped="0" tests="6" time="3.215" timestamp="2026-03-03T23:52:58.154131+00:00" hostname="agent-env-58c4dc97-7025-43f5-8061-680457ad9759"><testcase classname="backend.tests.test_ai_trader.TestAITraderEndpoints" name="test_get_tokens_endpoint" time="2.347" /><testcase classname="backend.tests.test_ai_trader.TestAITraderEndpoints" name="test_get_disclaimer_endpoint" time="0.161" /><testcase classname="backend.tests.test_ai_trader.TestAITraderEndpoints" name="test_get_settings_default" time="0.139" /><testcase classname="backend.tests.test_ai_trader.TestAITraderEndpoints" name="test_get_pending_signals_empty" time="0.123" /><testcase classname="backend.tests.test_ai_trader.TestAITraderEndpoints" name="test_get_positions_empty" time="0.145" /><testcase classname="backend.tests.test_ai_trader.TestAITraderEndpoints" name="test_get_history_empty" time="0.111" /></testsuite></testsuites>