<?xml version="1.0" encoding="utf-8"?><testsuites name="pytest tests"><testsuite name="pytest" errors="0" failures="0" skipped="0" tests="15" time="1.726" timestamp="2026-03-31T22:36:15.328960+00:00" hostname="agent-env-c7bc084c-e984-47b3-8d93-29f87fde0fbe"><testcase classname="tests.test_iteration95_rake_withdrawal.TestRakeWithdrawalModule" name="test_01_rake_withdrawal_module_importable" time="0.268" /><testcase classname="tests.test_iteration95_rake_withdrawal.TestRakeWithdrawalModule" name="test_02_community_wallet_constant" time="0.000" /><testcase classname="tests.test_iteration95_rake_withdrawal.TestRakeWithdrawalModule" name="test_03_rake_threshold_constant" time="0.000" /><testcase classname="tests.test_iteration95_rake_withdrawal.TestRakeTrackingFunctions" name="test_04_track_rake_increments_pending_and_total" time="0.010" /><testcase classname="tests.test_iteration95_rake_withdrawal.TestRakeTrackingFunctions" name="test_05_track_rake_creates_rake_events" time="0.003" /><testcase classname="tests.test_iteration95_rake_withdrawal.TestRakeTrackingFunctions" name="test_06_track_rake_ignores_zero_or_negative" time="0.001" /><testcase classname="tests.test_iteration95_rake_withdrawal.TestGetRakeStatsStructure" name="test_07_get_rake_stats_returns_correct_structure" time="0.001" /><testcase classname="tests.test_iteration95_rake_withdrawal.TestBotHealthEndpoint" name="test_08_bot_health_endpoint_returns_200" time="0.526" /><testcase classname="tests.test_iteration95_rake_withdrawal.TestBotHealthEndpoint" name="test_09_bot_health_includes_rake_field" time="0.426" /><testcase classname="tests.test_iteration95_rake_withdrawal.TestBotHealthEndpoint" name="test_10_bot_health_rake_stats_structure" time="0.420" /><testcase classname="tests.test_iteration95_rake_withdrawal.TestApplyRakeIntegration" name="test_11_apply_rake_function_exists" time="0.002" /><testcase classname="tests.test_iteration95_rake_withdrawal.TestApplyRakeIntegration" name="test_12_apply_rake_imports_track_rake" time="0.003" /><testcase classname="tests.test_iteration95_rake_withdrawal.TestAdminRouterRakeIntegration" name="test_13_admin_router_imports_rake_stats" time="0.000" /><testcase classname="tests.test_iteration95_rake_withdrawal.TestAdminRouterRakeIntegration" name="test_14_bot_health_calls_get_rake_stats" time="0.000" /><testcase classname="tests.test_iteration95_rake_withdrawal.TestCleanup" name="test_99_cleanup_test_data" time="0.001" /></testsuite></testsuites>