<?xml version="1.0" encoding="utf-8"?><testsuites name="pytest tests"><testsuite name="pytest" errors="0" failures="0" skipped="0" tests="19" time="4.707" timestamp="2026-03-24T23:13:09.588703+00:00" hostname="agent-env-a7670a2f-2560-4bf0-9ca5-90d3a26677d8"><testcase classname="backend.tests.test_iteration78_layout_changes.TestPerformanceScorecard" name="test_performance_scorecard_returns_200" time="0.265" /><testcase classname="backend.tests.test_iteration78_layout_changes.TestPerformanceScorecard" name="test_performance_scorecard_has_all_time_stats" time="0.150" /><testcase classname="backend.tests.test_iteration78_layout_changes.TestPerformanceScorecard" name="test_performance_scorecard_has_this_week_stats" time="0.163" /><testcase classname="backend.tests.test_iteration78_layout_changes.TestPerformanceScorecard" name="test_performance_scorecard_has_current_streak" time="0.113" /><testcase classname="backend.tests.test_iteration78_layout_changes.TestPerformanceScorecard" name="test_performance_scorecard_has_active_positions" time="0.114" /><testcase classname="backend.tests.test_iteration78_layout_changes.TestPerformanceScorecard" name="test_performance_scorecard_has_best_trade_this_week" time="0.122" /><testcase classname="backend.tests.test_iteration78_layout_changes.TestRegressionEndpoints" name="test_platform_stats_returns_200" time="0.188" /><testcase classname="backend.tests.test_iteration78_layout_changes.TestRegressionEndpoints" name="test_platform_stats_has_correct_fields" time="0.121" /><testcase classname="backend.tests.test_iteration78_layout_changes.TestRegressionEndpoints" name="test_sniper_targets_returns_200" time="0.501" /><testcase classname="backend.tests.test_iteration78_layout_changes.TestRegressionEndpoints" name="test_sniper_targets_has_targets_array" time="0.189" /><testcase classname="backend.tests.test_iteration78_layout_changes.TestRegressionEndpoints" name="test_intelligence_dashboard_returns_200" time="0.111" /><testcase classname="backend.tests.test_iteration78_layout_changes.TestRegressionEndpoints" name="test_intelligence_dashboard_has_all_systems" time="0.120" /><testcase classname="backend.tests.test_iteration78_layout_changes.TestSettingsCRUD" name="test_get_settings_returns_200" time="0.160" /><testcase classname="backend.tests.test_iteration78_layout_changes.TestSettingsCRUD" name="test_settings_has_trading_mode" time="0.097" /><testcase classname="backend.tests.test_iteration78_layout_changes.TestSettingsCRUD" name="test_save_settings_with_trading_mode" time="0.526" /><testcase classname="backend.tests.test_iteration78_layout_changes.TestHealthAndBasicEndpoints" name="test_api_root_health" time="0.111" /><testcase classname="backend.tests.test_iteration78_layout_changes.TestHealthAndBasicEndpoints" name="test_tokens_endpoint" time="0.941" /><testcase classname="backend.tests.test_iteration78_layout_changes.TestHealthAndBasicEndpoints" name="test_positions_endpoint" time="0.508" /><testcase classname="backend.tests.test_iteration78_layout_changes.TestHealthAndBasicEndpoints" name="test_signals_endpoint" time="0.125" /></testsuite></testsuites>