<?xml version="1.0" encoding="utf-8"?><testsuites name="pytest tests"><testsuite name="pytest" errors="0" failures="0" skipped="0" tests="11" time="2.651" timestamp="2026-03-04T01:59:16.843070+00:00" hostname="agent-env-58c4dc97-7025-43f5-8061-680457ad9759"><testcase classname="backend.tests.test_ai_trader_new_features.TestAddPositionEndpoint" name="test_add_position_success" time="0.149" /><testcase classname="backend.tests.test_ai_trader_new_features.TestAddPositionEndpoint" name="test_add_position_validates_input" time="0.155" /><testcase classname="backend.tests.test_ai_trader_new_features.TestClosePositionEndpoint" name="test_close_position_success" time="0.289" /><testcase classname="backend.tests.test_ai_trader_new_features.TestClosePositionEndpoint" name="test_close_position_not_found" time="0.114" /><testcase classname="backend.tests.test_ai_trader_new_features.TestPositionsEndpoint" name="test_positions_returns_from_both_collections" time="0.245" /><testcase classname="backend.tests.test_ai_trader_new_features.TestPositionsEndpoint" name="test_positions_excludes_mongodb_id" time="0.110" /><testcase classname="backend.tests.test_ai_trader_new_features.TestExistingEndpoints" name="test_tokens_endpoint" time="1.039" /><testcase classname="backend.tests.test_ai_trader_new_features.TestExistingEndpoints" name="test_settings_endpoint" time="0.115" /><testcase classname="backend.tests.test_ai_trader_new_features.TestExistingEndpoints" name="test_history_endpoint" time="0.114" /><testcase classname="backend.tests.test_ai_trader_new_features.TestExistingEndpoints" name="test_signals_endpoint" time="0.134" /><testcase classname="backend.tests.test_ai_trader_new_features.TestCleanup" name="test_cleanup_test_positions" time="0.124" /></testsuite></testsuites>