<?xml version="1.0" encoding="utf-8"?><testsuites name="pytest tests"><testsuite name="pytest" errors="0" failures="0" skipped="0" tests="31" time="7.775" timestamp="2026-03-24T22:55:06.894780+00:00" hostname="agent-env-a7670a2f-2560-4bf0-9ca5-90d3a26677d8"><testcase classname="backend.tests.test_iteration77_atier_features.TestPlatformStatsEndpoint" name="test_platform_stats_returns_200" time="0.187" /><testcase classname="backend.tests.test_iteration77_atier_features.TestPlatformStatsEndpoint" name="test_platform_stats_has_correct_structure" time="0.129" /><testcase classname="backend.tests.test_iteration77_atier_features.TestPlatformStatsEndpoint" name="test_platform_stats_values_are_valid" time="0.127" /><testcase classname="backend.tests.test_iteration77_atier_features.TestSniperTargetsEndpoint" name="test_sniper_targets_returns_200" time="0.495" /><testcase classname="backend.tests.test_iteration77_atier_features.TestSniperTargetsEndpoint" name="test_sniper_targets_has_correct_structure" time="0.224" /><testcase classname="backend.tests.test_iteration77_atier_features.TestIntelligenceDashboard" name="test_intelligence_dashboard_returns_200" time="0.202" /><testcase classname="backend.tests.test_iteration77_atier_features.TestIntelligenceDashboard" name="test_intelligence_dashboard_has_all_systems" time="0.111" /><testcase classname="backend.tests.test_iteration77_atier_features.TestIntelligenceDashboard" name="test_price_collector_status" time="0.139" /><testcase classname="backend.tests.test_iteration77_atier_features.TestIntelligenceDashboard" name="test_smart_money_status" time="0.111" /><testcase classname="backend.tests.test_iteration77_atier_features.TestIntelligenceDashboard" name="test_sentiment_status" time="0.111" /><testcase classname="backend.tests.test_iteration77_atier_features.TestIntelligenceDashboard" name="test_jito_status" time="0.124" /><testcase classname="backend.tests.test_iteration77_atier_features.TestTokenIntelligence" name="test_jup_intelligence_returns_200" time="0.136" /><testcase classname="backend.tests.test_iteration77_atier_features.TestTokenIntelligence" name="test_bonk_intelligence_returns_200" time="0.128" /><testcase classname="backend.tests.test_iteration77_atier_features.TestTokenIntelligence" name="test_token_intelligence_has_all_fields" time="0.146" /><testcase classname="backend.tests.test_iteration77_atier_features.TestTokenIntelligence" name="test_sentiment_has_required_fields" time="0.143" /><testcase classname="backend.tests.test_iteration77_atier_features.TestTokenIntelligence" name="test_smart_money_has_required_fields" time="0.148" /><testcase classname="backend.tests.test_iteration77_atier_features.TestTokenIntelligence" name="test_data_quality_has_required_fields" time="0.115" /><testcase classname="backend.tests.test_iteration77_atier_features.TestSettingsWithTradingMode" name="test_get_settings_returns_200" time="0.106" /><testcase classname="backend.tests.test_iteration77_atier_features.TestSettingsWithTradingMode" name="test_settings_has_trading_mode_field" time="0.096" /><testcase classname="backend.tests.test_iteration77_atier_features.TestSettingsWithTradingMode" name="test_settings_has_atier_fields" time="0.114" /><testcase classname="backend.tests.test_iteration77_atier_features.TestSettingsWithTradingMode" name="test_post_settings_with_trading_mode" time="0.489" /><testcase classname="backend.tests.test_iteration77_atier_features.TestSettingsWithTradingMode" name="test_post_settings_with_sniper_mode" time="0.458" /><testcase classname="backend.tests.test_iteration77_atier_features.TestScanAllEndpoint" name="test_scan_all_returns_200" time="0.656" /><testcase classname="backend.tests.test_iteration77_atier_features.TestScanAllEndpoint" name="test_scan_all_has_correct_structure" time="0.582" /><testcase classname="backend.tests.test_iteration77_atier_features.TestCheckExitsEndpoint" name="test_check_exits_returns_200" time="0.282" /><testcase classname="backend.tests.test_iteration77_atier_features.TestCheckExitsEndpoint" name="test_check_exits_has_correct_structure" time="0.286" /><testcase classname="backend.tests.test_iteration77_atier_features.TestRegressionEndpoints" name="test_root_health" time="0.112" /><testcase classname="backend.tests.test_iteration77_atier_features.TestRegressionEndpoints" name="test_tokens_endpoint" time="0.973" /><testcase classname="backend.tests.test_iteration77_atier_features.TestRegressionEndpoints" name="test_positions_endpoint" time="0.553" /><testcase classname="backend.tests.test_iteration77_atier_features.TestRegressionEndpoints" name="test_signals_endpoint" time="0.123" /><testcase classname="backend.tests.test_iteration77_atier_features.TestRegressionEndpoints" name="test_auto_trade_status" time="0.106" /></testsuite></testsuites>