<?xml version="1.0" encoding="utf-8"?><testsuites name="pytest tests"><testsuite name="pytest" errors="0" failures="0" skipped="1" tests="8" time="163.247" timestamp="2026-03-23T00:06:11.533904+00:00" hostname="agent-env-9808857b-c413-498e-b8ee-1c7dd637295d"><testcase classname="backend.tests.test_iteration70_execute_sell.TestExecuteSellEndpoint" name="test_custodial_wallet_info" time="0.464" /><testcase classname="backend.tests.test_iteration70_execute_sell.TestExecuteSellEndpoint" name="test_token_balance_before_sell" time="0.373" /><testcase classname="backend.tests.test_iteration70_execute_sell.TestExecuteSellEndpoint" name="test_execute_sell_small_amount" time="32.104" /><testcase classname="backend.tests.test_iteration70_execute_sell.TestExecuteSellEndpoint" name="test_token_balance_decreased_after_sell" time="38.669" /><testcase classname="backend.tests.test_iteration70_execute_sell.TestExecuteSellEndpoint" name="test_sol_balance_increased_after_sell" time="60.434"><skipped type="pytest.skip" message="Sell failed, skipping balance check: The preview environment is not responding. It may be starting up.">/app/backend/tests/test_iteration70_execute_sell.py:177: Sell failed, skipping balance check: The preview environment is not responding. It may be starting up.</skipped></testcase><testcase classname="backend.tests.test_iteration70_execute_sell.TestExecuteSellErrorHandling" name="test_execute_sell_invalid_wallet" time="0.242" /><testcase classname="backend.tests.test_iteration70_execute_sell.TestExecuteSellErrorHandling" name="test_execute_sell_zero_amount" time="4.801" /><testcase classname="backend.tests.test_iteration70_execute_sell.TestSwapRetryLogic" name="test_multi_rpc_fallback_works" time="26.096" /></testsuite></testsuites>