<?xml version="1.0" encoding="utf-8"?><testsuites name="pytest tests"><testsuite name="pytest" errors="0" failures="0" skipped="0" tests="19" time="4.266" timestamp="2026-03-24T03:21:47.639548+00:00" hostname="agent-env-ef2a32b3-2def-4350-a3a2-e242aa1fdd4d"><testcase classname="backend.tests.test_iteration75_intelligence_systems.TestIntelligenceDashboard" name="test_intelligence_dashboard_returns_200" time="0.298" /><testcase classname="backend.tests.test_iteration75_intelligence_systems.TestIntelligenceDashboard" name="test_intelligence_dashboard_has_price_collector" time="0.116" /><testcase classname="backend.tests.test_iteration75_intelligence_systems.TestIntelligenceDashboard" name="test_intelligence_dashboard_has_smart_money" time="0.151" /><testcase classname="backend.tests.test_iteration75_intelligence_systems.TestIntelligenceDashboard" name="test_intelligence_dashboard_has_sentiment" time="0.144" /><testcase classname="backend.tests.test_iteration75_intelligence_systems.TestIntelligenceDashboard" name="test_intelligence_dashboard_has_jito" time="0.113" /><testcase classname="backend.tests.test_iteration75_intelligence_systems.TestTokenIntelligence" name="test_jup_intelligence_returns_200" time="0.111" /><testcase classname="backend.tests.test_iteration75_intelligence_systems.TestTokenIntelligence" name="test_bonk_intelligence_returns_200" time="0.241" /><testcase classname="backend.tests.test_iteration75_intelligence_systems.TestTokenIntelligence" name="test_wif_intelligence_returns_200" time="0.209" /><testcase classname="backend.tests.test_iteration75_intelligence_systems.TestTokenIntelligence" name="test_token_intelligence_has_sentiment" time="0.139" /><testcase classname="backend.tests.test_iteration75_intelligence_systems.TestTokenIntelligence" name="test_token_intelligence_has_smart_money" time="0.114" /><testcase classname="backend.tests.test_iteration75_intelligence_systems.TestTokenIntelligence" name="test_token_intelligence_has_data_quality" time="0.191" /><testcase classname="backend.tests.test_iteration75_intelligence_systems.TestExistingEndpointsRegression" name="test_settings_endpoint" time="0.101" /><testcase classname="backend.tests.test_iteration75_intelligence_systems.TestExistingEndpointsRegression" name="test_positions_endpoint" time="0.566" /><testcase classname="backend.tests.test_iteration75_intelligence_systems.TestExistingEndpointsRegression" name="test_signals_endpoint" time="0.110" /><testcase classname="backend.tests.test_iteration75_intelligence_systems.TestExistingEndpointsRegression" name="test_platform_stats_endpoint" time="0.099" /><testcase classname="backend.tests.test_iteration75_intelligence_systems.TestExistingEndpointsRegression" name="test_competitions_active_endpoint" time="0.117" /><testcase classname="backend.tests.test_iteration75_intelligence_systems.TestExistingEndpointsRegression" name="test_leaderboard_endpoint" time="0.113" /><testcase classname="backend.tests.test_iteration75_intelligence_systems.TestExistingEndpointsRegression" name="test_journal_dashboard_endpoint" time="0.111" /><testcase classname="backend.tests.test_iteration75_intelligence_systems.TestTokensEndpoint" name="test_tokens_endpoint" time="1.146" /></testsuite></testsuites>