<?xml version="1.0" encoding="utf-8"?><testsuites name="pytest tests"><testsuite name="pytest" errors="0" failures="0" skipped="0" tests="20" time="6.048" timestamp="2026-02-17T03:22:41.810030+00:00" hostname="agent-env-70131ea0-8190-465b-a1ca-e251741c16b1"><testcase classname="backend.tests.test_refactored_routers.TestReflectionsRouter" name="test_calculate_reflections_basic" time="0.210" /><testcase classname="backend.tests.test_refactored_routers.TestReflectionsRouter" name="test_calculate_reflections_with_blowfish_rate" time="0.123" /><testcase classname="backend.tests.test_refactored_routers.TestReflectionsRouter" name="test_calculate_reflections_zero_holdings" time="0.273" /><testcase classname="backend.tests.test_refactored_routers.TestReflectionsRouter" name="test_calculate_reflections_large_holdings" time="0.438" /><testcase classname="backend.tests.test_refactored_routers.TestReflectionsRouter" name="test_calculate_reflections_custom_volume" time="0.146" /><testcase classname="backend.tests.test_refactored_routers.TestNotificationsRouter" name="test_get_notifications_empty" time="0.218" /><testcase classname="backend.tests.test_refactored_routers.TestNotificationsRouter" name="test_subscribe_push_notifications" time="0.227" /><testcase classname="backend.tests.test_refactored_routers.TestNotificationsRouter" name="test_mark_notification_read" time="0.108" /><testcase classname="backend.tests.test_refactored_routers.TestNotificationsRouter" name="test_mark_all_notifications_read" time="0.156" /><testcase classname="backend.tests.test_refactored_routers.TestNotificationsRouter" name="test_get_notifications_with_limit" time="0.218" /><testcase classname="backend.tests.test_refactored_routers.TestPotGame" name="test_get_pot_status" time="0.148" /><testcase classname="backend.tests.test_refactored_routers.TestPotGame" name="test_pot_has_remaining_seconds_field" time="0.110" /><testcase classname="backend.tests.test_refactored_routers.TestPotGame" name="test_join_pot_requires_wallet" time="0.258" /><testcase classname="backend.tests.test_refactored_routers.TestPotGame" name="test_join_pot_minimum_bet" time="0.135" /><testcase classname="backend.tests.test_refactored_routers.TestPotGame" name="test_join_pot_success" time="0.140" /><testcase classname="backend.tests.test_refactored_routers.TestAdminDashboard" name="test_admin_check" time="0.273" /><testcase classname="backend.tests.test_refactored_routers.TestAdminDashboard" name="test_admin_check_non_admin" time="0.132" /><testcase classname="backend.tests.test_refactored_routers.TestAdminDashboard" name="test_admin_dashboard_authorized" time="2.298" /><testcase classname="backend.tests.test_refactored_routers.TestAdminDashboard" name="test_admin_dashboard_unauthorized" time="0.131" /><testcase classname="backend.tests.test_refactored_routers.TestBettingConfig" name="test_get_betting_config" time="0.114" /></testsuite></testsuites>