<?xml version="1.0" encoding="utf-8"?><testsuites name="pytest tests"><testsuite name="pytest" errors="0" failures="0" skipped="0" tests="7" time="1.902" timestamp="2026-03-19T22:14:00.374182+00:00" hostname="agent-env-a64cdb88-8b60-4495-bcac-8664f88ee89e"><testcase classname="backend.tests.test_wallet_trades_import_iteration52.TestImportToJournalEndpoint" name="test_import_requires_wallet_address" time="0.411" /><testcase classname="backend.tests.test_wallet_trades_import_iteration52.TestImportToJournalEndpoint" name="test_import_accepts_trades_array" time="0.123" /><testcase classname="backend.tests.test_wallet_trades_import_iteration52.TestImportToJournalEndpoint" name="test_import_handles_duplicates" time="0.330" /><testcase classname="backend.tests.test_wallet_trades_import_iteration52.TestImportToJournalEndpoint" name="test_import_empty_array" time="0.169" /><testcase classname="backend.tests.test_wallet_trades_import_iteration52.TestImportToJournalEndpoint" name="test_import_multiple_chains" time="0.176" /><testcase classname="backend.tests.test_wallet_trades_import_iteration52.TestExistingEndpointsStillWork" name="test_supported_chains_endpoint" time="0.118" /><testcase classname="backend.tests.test_wallet_trades_import_iteration52.TestExistingEndpointsStillWork" name="test_multi_chain_endpoint_with_addresses" time="0.445" /></testsuite></testsuites>