<?xml version="1.0" encoding="utf-8"?><testsuites name="pytest tests"><testsuite name="pytest" errors="0" failures="0" skipped="0" tests="23" time="33.533" timestamp="2026-03-13T22:55:22.628632+00:00" hostname="agent-env-1c30f61c-8b67-4c40-8d2b-7f873acd9c98"><testcase classname="tests.test_telegram_trading_commands.TestTelegramHelpCommand" name="test_help_command_returns_ok" time="2.082" /><testcase classname="tests.test_telegram_trading_commands.TestTelegramHelpCommand" name="test_help_command_endpoint_works" time="0.953" /><testcase classname="tests.test_telegram_trading_commands.TestTelegramTradeCommand" name="test_trade_command_returns_ok" time="1.011" /><testcase classname="tests.test_telegram_trading_commands.TestTelegramTradeCommand" name="test_trade_command_for_unlinked_user" time="0.965" /><testcase classname="tests.test_telegram_trading_commands.TestTelegramPriceCommand" name="test_price_command_with_symbol" time="2.364" /><testcase classname="tests.test_telegram_trading_commands.TestTelegramPriceCommand" name="test_price_command_with_bonk" time="2.012" /><testcase classname="tests.test_telegram_trading_commands.TestTelegramPriceCommand" name="test_price_command_without_symbol" time="0.974" /><testcase classname="tests.test_telegram_trading_commands.TestTelegramTrendingCommand" name="test_trending_command_returns_ok" time="2.064" /><testcase classname="tests.test_telegram_trading_commands.TestTelegramBuyCommand" name="test_buy_command_valid_format" time="2.169" /><testcase classname="tests.test_telegram_trading_commands.TestTelegramBuyCommand" name="test_buy_command_invalid_format" time="0.985" /><testcase classname="tests.test_telegram_trading_commands.TestTelegramBuyCommand" name="test_buy_command_only_symbol" time="0.970" /><testcase classname="tests.test_telegram_trading_commands.TestTelegramBuyCommand" name="test_buy_for_unlinked_user" time="1.046" /><testcase classname="tests.test_telegram_trading_commands.TestTelegramSellCommand" name="test_sell_command_valid_format" time="0.963" /><testcase classname="tests.test_telegram_trading_commands.TestTelegramSellCommand" name="test_sell_command_without_percentage" time="0.973" /><testcase classname="tests.test_telegram_trading_commands.TestTelegramSellCommand" name="test_sell_command_invalid_format" time="0.967" /><testcase classname="tests.test_telegram_trading_commands.TestTelegramPositionsCommand" name="test_positions_command_returns_ok" time="1.043" /><testcase classname="tests.test_telegram_trading_commands.TestTelegramPositionsCommand" name="test_positions_for_unlinked_user" time="0.989" /><testcase classname="tests.test_telegram_trading_commands.TestTelegramPendingOrdersDatabase" name="test_buy_command_creates_pending_order" time="3.005" /><testcase classname="tests.test_telegram_trading_commands.TestTelegramCommandVariations" name="test_uppercase_command" time="1.960" /><testcase classname="tests.test_telegram_trading_commands.TestTelegramCommandVariations" name="test_lowercase_symbol" time="1.957" /><testcase classname="tests.test_telegram_trading_commands.TestTelegramCommandVariations" name="test_buy_with_decimal_amount" time="1.976" /><testcase classname="tests.test_telegram_trading_commands.TestTelegramCommandVariations" name="test_buy_with_large_amount" time="0.965" /><testcase classname="tests.test_telegram_trading_commands.TestTelegramStatusAfterLinking" name="test_status_shows_linked" time="1.078" /></testsuite></testsuites>