<?xml version="1.0" encoding="utf-8"?><testsuites name="pytest tests"><testsuite name="pytest" errors="0" failures="0" skipped="0" tests="16" time="78.509" timestamp="2026-03-04T22:23:26.892689+00:00" hostname="agent-env-1c30f61c-8b67-4c40-8d2b-7f873acd9c98"><testcase classname="backend.tests.test_tokens_tab_features.TestNewPairsEndpoint" name="test_new_pairs_endpoint_returns_200" time="2.187" /><testcase classname="backend.tests.test_tokens_tab_features.TestNewPairsEndpoint" name="test_new_pairs_returns_up_to_5_pairs" time="0.501" /><testcase classname="backend.tests.test_tokens_tab_features.TestNewPairsEndpoint" name="test_new_pairs_all_are_bonded" time="0.518" /><testcase classname="backend.tests.test_tokens_tab_features.TestNewPairsEndpoint" name="test_new_pairs_from_major_dexes_only" time="0.479" /><testcase classname="backend.tests.test_tokens_tab_features.TestNewPairsEndpoint" name="test_new_pairs_structure" time="0.572" /><testcase classname="backend.tests.test_tokens_tab_features.TestNewPairsEndpoint" name="test_new_pairs_has_disclaimer" time="0.557" /><testcase classname="backend.tests.test_tokens_tab_features.TestCoinRecommendationsEndpoint" name="test_coin_recommendations_returns_200" time="8.662" /><testcase classname="backend.tests.test_tokens_tab_features.TestCoinRecommendationsEndpoint" name="test_coin_recommendations_returns_5_safe_picks" time="9.150" /><testcase classname="backend.tests.test_tokens_tab_features.TestCoinRecommendationsEndpoint" name="test_coin_recommendations_returns_5_volatile_picks" time="9.525" /><testcase classname="backend.tests.test_tokens_tab_features.TestCoinRecommendationsEndpoint" name="test_coin_recommendations_total_is_10" time="10.516" /><testcase classname="backend.tests.test_tokens_tab_features.TestCoinRecommendationsEndpoint" name="test_safe_picks_structure" time="10.487" /><testcase classname="backend.tests.test_tokens_tab_features.TestCoinRecommendationsEndpoint" name="test_volatile_picks_structure" time="11.812" /><testcase classname="backend.tests.test_tokens_tab_features.TestTotalTokensCount" name="test_total_tokens_is_15" time="12.169" /><testcase classname="backend.tests.test_tokens_tab_features.TestPugBurnScanEndpoint" name="test_pugburn_scan_returns_200" time="0.537" /><testcase classname="backend.tests.test_tokens_tab_features.TestPugBurnScanEndpoint" name="test_pugburn_scan_structure" time="0.383" /><testcase classname="backend.tests.test_tokens_tab_features.TestPugBurnScanEndpoint" name="test_pugburn_scans_both_spl_and_token2022" time="0.397" /></testsuite></testsuites>