<?xml version="1.0" encoding="utf-8"?><testsuites name="pytest tests"><testsuite name="pytest" errors="0" failures="0" skipped="0" tests="7" time="1.652" timestamp="2026-03-22T23:01:20.560139+00:00" hostname="agent-env-9808857b-c413-498e-b8ee-1c7dd637295d"><testcase classname="backend.tests.test_iteration66_fixes.TestCustodialWalletBalance" name="test_custodial_wallet_info_endpoint" time="0.476" /><testcase classname="backend.tests.test_iteration66_fixes.TestAutoTradeSettings" name="test_get_auto_trade_status" time="0.136" /><testcase classname="backend.tests.test_iteration66_fixes.TestAutoTradeSettings" name="test_update_auto_trade_settings_tp_sl" time="0.115" /><testcase classname="backend.tests.test_iteration66_fixes.TestAutoTradeSettings" name="test_verify_settings_persisted" time="0.225" /><testcase classname="backend.tests.test_iteration66_fixes.TestAutoTradeCheckExits" name="test_check_exits_endpoint" time="0.427" /><testcase classname="backend.tests.test_iteration66_fixes.TestJournalPendingEntries" name="test_get_pending_entries_count" time="0.110" /><testcase classname="backend.tests.test_iteration66_fixes.TestAITraderSettings" name="test_get_settings" time="0.109" /></testsuite></testsuites>