<?xml version="1.0" encoding="utf-8"?><testsuites name="pytest tests"><testsuite name="pytest" errors="0" failures="0" skipped="0" tests="17" time="1.637" timestamp="2026-03-20T20:49:50.056484+00:00" hostname="agent-env-6601c4d7-5e61-4ba0-921f-98ede777829f"><testcase classname="backend.tests.test_iteration62_unified_autotrade.TestTelegramBotInfo" name="test_telegram_bot_info_returns_valid_data" time="0.604" /><testcase classname="backend.tests.test_iteration62_unified_autotrade.TestSignalAnalyticsPerformanceSummary" name="test_performance_summary_default" time="0.152" /><testcase classname="backend.tests.test_iteration62_unified_autotrade.TestSignalAnalyticsPerformanceSummary" name="test_performance_summary_with_period" time="0.176" /><testcase classname="backend.tests.test_iteration62_unified_autotrade.TestSignalAnalyticsOptimalSettings" name="test_optimal_settings" time="0.106" /><testcase classname="backend.tests.test_iteration62_unified_autotrade.TestMultiChainCopyTradingEndpoints" name="test_supported_chains" time="0.102" /><testcase classname="backend.tests.test_iteration62_unified_autotrade.TestMultiChainCopyTradingEndpoints" name="test_leaderboard" time="0.105" /><testcase classname="backend.tests.test_iteration62_unified_autotrade.TestMultiChainCopyTradingEndpoints" name="test_leaderboard_with_chain_filter" time="0.132" /><testcase classname="backend.tests.test_iteration62_unified_autotrade.TestMultiChainCopyTradingEndpoints" name="test_config_endpoint_not_found" time="0.124" /><testcase classname="backend.tests.test_iteration62_unified_autotrade.TestTelegramCopyTradingNotifications" name="test_telegram_router_has_copy_trade_functions" time="0.001" /><testcase classname="backend.tests.test_iteration62_unified_autotrade.TestSocialTradingTelegramIntegration" name="test_social_trading_imports_telegram" time="0.000" /><testcase classname="backend.tests.test_iteration62_unified_autotrade.TestUnifiedAutoTraderComponent" name="test_unified_auto_trader_file_exists" time="0.000" /><testcase classname="backend.tests.test_iteration62_unified_autotrade.TestUnifiedAutoTraderComponent" name="test_unified_auto_trader_has_analytics_metrics" time="0.000" /><testcase classname="backend.tests.test_iteration62_unified_autotrade.TestUnifiedAutoTraderComponent" name="test_unified_auto_trader_fetches_analytics" time="0.000" /><testcase classname="backend.tests.test_iteration62_unified_autotrade.TestAITraderTabConfiguration" name="test_ai_trader_tabs_correct" time="0.001" /><testcase classname="backend.tests.test_iteration62_unified_autotrade.TestAITraderTabConfiguration" name="test_ai_trader_uses_unified_auto_trader" time="0.000" /><testcase classname="backend.tests.test_iteration62_unified_autotrade.TestMultiChainCopyTradingComponent" name="test_multichain_component_exists" time="0.000" /><testcase classname="backend.tests.test_iteration62_unified_autotrade.TestMultiChainCopyTradingComponent" name="test_multichain_component_has_chain_config" time="0.000" /></testsuite></testsuites>