<?xml version="1.0" encoding="utf-8"?><testsuites name="pytest tests"><testsuite name="pytest" errors="0" failures="2" skipped="0" tests="12" time="67.691" timestamp="2026-03-25T03:47:25.553154+00:00" hostname="agent-env-c7bc084c-e984-47b3-8d93-29f87fde0fbe"><testcase classname="tests.test_iteration86_ledger_p0.TestLedgerBalanceEndpoint" name="test_ledger_balance_returns_virtual_balance" time="0.232" /><testcase classname="tests.test_iteration86_ledger_p0.TestLedgerBalanceEndpoint" name="test_ledger_balance_includes_custodial_address" time="0.117" /><testcase classname="tests.test_iteration86_ledger_p0.TestAdminReconciliationEndpoint" name="test_reconciliation_returns_required_fields" time="3.885" /><testcase classname="tests.test_iteration86_ledger_p0.TestAdminReconciliationEndpoint" name="test_reconciliation_healthy_status" time="3.763"><failure message="AssertionError: Expected healthy=true, got False&#10;assert False == True">tests/test_iteration86_ledger_p0.py:92: in test_reconciliation_healthy_status
    assert data["healthy"] == True, f"Expected healthy=true, got {data['healthy']}"
E   AssertionError: Expected healthy=true, got False
E   assert False == True</failure></testcase><testcase classname="tests.test_iteration86_ledger_p0.TestAdminReconciliationEndpoint" name="test_reconciliation_platform_rake" time="3.694" /><testcase classname="tests.test_iteration86_ledger_p0.TestAdminReconciliationEndpoint" name="test_reconciliation_drift_near_zero" time="3.745"><failure message="AssertionError: Expected drift near 0, got 0.05&#10;assert 0.05 &lt; 0.001&#10; +  where 0.05 = abs(0.05)">tests/test_iteration86_ledger_p0.py:120: in test_reconciliation_drift_near_zero
    assert abs(drift) &lt; 0.001, f"Expected drift near 0, got {drift}"
E   AssertionError: Expected drift near 0, got 0.05
E   assert 0.05 &lt; 0.001
E    +  where 0.05 = abs(0.05)</failure></testcase><testcase classname="tests.test_iteration86_ledger_p0.TestAdminReconciliationEndpoint" name="test_reconciliation_users_array" time="3.836" /><testcase classname="tests.test_iteration86_ledger_p0.TestLedgerHistoryEndpoint" name="test_history_returns_entries_array" time="0.114" /><testcase classname="tests.test_iteration86_ledger_p0.TestWithdrawValidation" name="test_withdraw_fails_with_insufficient_ledger_balance" time="0.137" /><testcase classname="tests.test_iteration86_ledger_p0.TestResetFreshStart" name="test_reset_endpoint_exists" time="0.071" /><testcase classname="tests.test_iteration86_ledger_p0.TestSafeCopyCodeReview" name="test_safecopy_pattern_in_fundledger" time="0.000" /><testcase classname="tests.test_iteration86_ledger_p0.TestReconciliationEndpointAccess" name="test_reconciliation_no_auth_required" time="47.991" /></testsuite></testsuites>