<?xml version="1.0" encoding="utf-8"?><testsuites name="pytest tests"><testsuite name="pytest" errors="0" failures="0" skipped="0" tests="27" time="4.555" timestamp="2026-03-20T10:08:49.123447+00:00" hostname="agent-env-a99f39a8-53bd-4b73-899f-dd2ec37e6676"><testcase classname="backend.tests.test_push_notifications_signal_analytics_iteration57.TestVapidPublicKey" name="test_get_vapid_public_key" time="0.243" /><testcase classname="backend.tests.test_push_notifications_signal_analytics_iteration57.TestPushSubscription" name="test_subscribe_success" time="0.135" /><testcase classname="backend.tests.test_push_notifications_signal_analytics_iteration57.TestPushSubscription" name="test_subscribe_update_existing" time="0.264" /><testcase classname="backend.tests.test_push_notifications_signal_analytics_iteration57.TestPushSubscription" name="test_get_subscriptions" time="0.206" /><testcase classname="backend.tests.test_push_notifications_signal_analytics_iteration57.TestPushSubscription" name="test_unsubscribe_specific_endpoint" time="0.217" /><testcase classname="backend.tests.test_push_notifications_signal_analytics_iteration57.TestPushSubscription" name="test_unsubscribe_all_endpoints" time="0.492" /><testcase classname="backend.tests.test_push_notifications_signal_analytics_iteration57.TestPushPreferences" name="test_get_preferences_default" time="0.098" /><testcase classname="backend.tests.test_push_notifications_signal_analytics_iteration57.TestPushPreferences" name="test_update_preferences" time="0.104" /><testcase classname="backend.tests.test_push_notifications_signal_analytics_iteration57.TestPushPreferences" name="test_update_preferences_no_params" time="0.096" /><testcase classname="backend.tests.test_push_notifications_signal_analytics_iteration57.TestSendNotification" name="test_send_test_notification" time="0.203" /><testcase classname="backend.tests.test_push_notifications_signal_analytics_iteration57.TestSendNotification" name="test_send_test_no_subscriptions" time="0.108" /><testcase classname="backend.tests.test_push_notifications_signal_analytics_iteration57.TestNotificationHistory" name="test_get_notification_history" time="0.300" /><testcase classname="backend.tests.test_push_notifications_signal_analytics_iteration57.TestNotificationHistory" name="test_get_notification_history_with_limit" time="0.105" /><testcase classname="backend.tests.test_push_notifications_signal_analytics_iteration57.TestPerformanceSummary" name="test_get_performance_summary_default" time="0.108" /><testcase classname="backend.tests.test_push_notifications_signal_analytics_iteration57.TestPerformanceSummary" name="test_get_performance_summary_custom_period" time="0.098" /><testcase classname="backend.tests.test_push_notifications_signal_analytics_iteration57.TestPerformanceSummary" name="test_get_performance_summary_max_period" time="0.105" /><testcase classname="backend.tests.test_push_notifications_signal_analytics_iteration57.TestConfidenceAnalysis" name="test_get_confidence_analysis" time="0.104" /><testcase classname="backend.tests.test_push_notifications_signal_analytics_iteration57.TestConfidenceAnalysis" name="test_confidence_distribution_structure" time="0.103" /><testcase classname="backend.tests.test_push_notifications_signal_analytics_iteration57.TestStrategyComparison" name="test_get_strategy_comparison" time="0.100" /><testcase classname="backend.tests.test_push_notifications_signal_analytics_iteration57.TestStrategyComparison" name="test_strategy_comparison_structure" time="0.101" /><testcase classname="backend.tests.test_push_notifications_signal_analytics_iteration57.TestOptimalSettings" name="test_get_optimal_settings" time="0.102" /><testcase classname="backend.tests.test_push_notifications_signal_analytics_iteration57.TestOptimalSettings" name="test_optimal_settings_auto_trade_recommendations" time="0.101" /><testcase classname="backend.tests.test_push_notifications_signal_analytics_iteration57.TestTrackOutcome" name="test_track_outcome_signal_not_found" time="0.096" /><testcase classname="backend.tests.test_push_notifications_signal_analytics_iteration57.TestTrackOutcome" name="test_track_outcome_validation" time="0.098" /><testcase classname="backend.tests.test_push_notifications_signal_analytics_iteration57.TestSignalAnalyticsIntegration" name="test_analytics_endpoints_work_together" time="0.310" /><testcase classname="backend.tests.test_push_notifications_signal_analytics_iteration57.TestRegressionPushNotifications" name="test_subscribe_unsubscribe_flow" time="0.324" /><testcase classname="backend.tests.test_push_notifications_signal_analytics_iteration57.TestRegressionSignalAnalytics" name="test_analytics_handles_empty_data" time="0.093" /></testsuite></testsuites>