<?xml version="1.0" encoding="utf-8"?><testsuites name="pytest tests"><testsuite name="pytest" errors="0" failures="1" skipped="0" tests="9" time="2.017" timestamp="2026-03-25T01:41:08.022384+00:00" hostname="agent-env-c7bc084c-e984-47b3-8d93-29f87fde0fbe"><testcase classname="tests.test_iteration81_trading_mode_sync.TestTradingModeSync" name="test_save_sniper_mode_and_verify_status" time="0.268" /><testcase classname="tests.test_iteration81_trading_mode_sync.TestTradingModeSync" name="test_save_aggressive_mode_and_verify_status" time="0.335" /><testcase classname="tests.test_iteration81_trading_mode_sync.TestTradingModeSync" name="test_save_conservative_mode_and_verify_status" time="0.258" /><testcase classname="tests.test_iteration81_trading_mode_sync.TestTradingModeSync" name="test_settings_sync_both_fields" time="0.246" /><testcase classname="tests.test_iteration81_trading_mode_sync.TestTradingModeSync" name="test_normal_mode_sync" time="0.233" /><testcase classname="tests.test_iteration81_trading_mode_sync.TestPageTitleAndFavicon" name="test_api_health" time="0.123"><failure message="AssertionError: Health check failed: {&quot;detail&quot;:&quot;Not Found&quot;}&#10;assert 404 == 200&#10; +  where 404 = &lt;Response [404]&gt;.status_code">tests/test_iteration81_trading_mode_sync.py:156: in test_api_health
    assert response.status_code == 200, f"Health check failed: {response.text}"
E   AssertionError: Health check failed: {"detail":"Not Found"}
E   assert 404 == 200
E    +  where 404 = &lt;Response [404]&gt;.status_code</failure></testcase><testcase classname="tests.test_iteration81_trading_mode_sync.TestPageTitleAndFavicon" name="test_leaderboard_api" time="0.124" /><testcase classname="tests.test_iteration81_trading_mode_sync.TestPageTitleAndFavicon" name="test_platform_stats_api" time="0.113" /><testcase classname="tests.test_iteration81_trading_mode_sync.TestGalleryImages" name="test_gallery_api" time="0.235" /></testsuite></testsuites>