<?xml version="1.0" encoding="utf-8"?><testsuites name="pytest tests"><testsuite name="pytest" errors="0" failures="0" skipped="0" tests="24" time="8.638" timestamp="2026-02-23T00:20:19.332475+00:00" hostname="agent-env-f9cbfc37-eb9d-4587-9ba5-23449865fdae"><testcase classname="tests.test_journal_ai_features.TestTopPicksCoinRecommendations" name="test_coin_recommendations_returns_200" time="0.598" /><testcase classname="tests.test_journal_ai_features.TestTopPicksCoinRecommendations" name="test_coin_recommendations_has_safe_picks" time="0.372" /><testcase classname="tests.test_journal_ai_features.TestTopPicksCoinRecommendations" name="test_coin_recommendations_has_volatile_picks" time="0.392" /><testcase classname="tests.test_journal_ai_features.TestTopPicksCoinRecommendations" name="test_safe_picks_structure" time="0.440" /><testcase classname="tests.test_journal_ai_features.TestTopPicksCoinRecommendations" name="test_volatile_picks_structure" time="0.478" /><testcase classname="tests.test_journal_ai_features.TestTopPicksCoinRecommendations" name="test_coin_recommendations_has_metadata" time="0.435" /><testcase classname="tests.test_journal_ai_features.TestPortfolioCombined" name="test_portfolio_combined_requires_address" time="0.141" /><testcase classname="tests.test_journal_ai_features.TestPortfolioCombined" name="test_portfolio_combined_solana_returns_200" time="0.368" /><testcase classname="tests.test_journal_ai_features.TestPortfolioCombined" name="test_portfolio_combined_solana_structure" time="0.397" /><testcase classname="tests.test_journal_ai_features.TestPortfolioCombined" name="test_portfolio_solana_has_chain_details" time="0.323" /><testcase classname="tests.test_journal_ai_features.TestPortfolioCombined" name="test_portfolio_prices_endpoint" time="0.278" /><testcase classname="tests.test_journal_ai_features.TestWalletTradesSolana" name="test_solana_trades_returns_200" time="0.624" /><testcase classname="tests.test_journal_ai_features.TestWalletTradesSolana" name="test_solana_trades_response_structure" time="0.368" /><testcase classname="tests.test_journal_ai_features.TestWalletTradesSolana" name="test_solana_trades_trades_is_list" time="0.260" /><testcase classname="tests.test_journal_ai_features.TestWalletTradesSolana" name="test_solana_trades_with_limit" time="0.535" /><testcase classname="tests.test_journal_ai_features.TestWalletTradesSupportedChains" name="test_supported_chains_returns_200" time="0.264" /><testcase classname="tests.test_journal_ai_features.TestWalletTradesSupportedChains" name="test_supported_chains_has_required_fields" time="0.198" /><testcase classname="tests.test_journal_ai_features.TestWalletTradesSupportedChains" name="test_evm_chains_includes_all" time="0.133" /><testcase classname="tests.test_journal_ai_features.TestWalletTradesSupportedChains" name="test_other_chains_includes_solana" time="0.128" /><testcase classname="tests.test_journal_ai_features.TestWalletTradesSupportedChains" name="test_alchemy_configured_is_true" time="0.127" /><testcase classname="tests.test_journal_ai_features.TestDetectedTradesIntegration" name="test_evm_trades_returns_200" time="0.398" /><testcase classname="tests.test_journal_ai_features.TestDetectedTradesIntegration" name="test_evm_trades_structure" time="0.273" /><testcase classname="tests.test_journal_ai_features.TestDetectedTradesIntegration" name="test_evm_trades_different_chains" time="0.806" /><testcase classname="tests.test_journal_ai_features.TestDetectedTradesIntegration" name="test_evm_invalid_chain_returns_400" time="0.168" /></testsuite></testsuites>