<?xml version="1.0" encoding="utf-8"?><testsuites name="pytest tests"><testsuite name="pytest" errors="0" failures="0" skipped="0" tests="16" time="3.038" timestamp="2026-03-26T22:26:52.385319+00:00" hostname="agent-env-c7bc084c-e984-47b3-8d93-29f87fde0fbe"><testcase classname="backend.tests.test_iteration90_trade_history.TestTradeHistoryEndpoint" name="test_history_endpoint_exists" time="0.282" /><testcase classname="backend.tests.test_iteration90_trade_history.TestTradeHistoryEndpoint" name="test_history_has_required_fields" time="0.150" /><testcase classname="backend.tests.test_iteration90_trade_history.TestTradeHistoryEndpoint" name="test_history_trade_fields" time="0.138" /><testcase classname="backend.tests.test_iteration90_trade_history.TestLedgerBalanceEndpoint" name="test_ledger_balance_endpoint_exists" time="0.124" /><testcase classname="backend.tests.test_iteration90_trade_history.TestLedgerBalanceEndpoint" name="test_ledger_balance_has_required_fields" time="0.125" /><testcase classname="backend.tests.test_iteration90_trade_history.TestLedgerBalanceEndpoint" name="test_ledger_balance_values_reasonable" time="0.156" /><testcase classname="backend.tests.test_iteration90_trade_history.TestPositionsEndpoint" name="test_positions_endpoint_exists" time="0.325" /><testcase classname="backend.tests.test_iteration90_trade_history.TestPositionsEndpoint" name="test_positions_has_required_fields" time="0.142" /><testcase classname="backend.tests.test_iteration90_trade_history.TestPositionsEndpoint" name="test_pyth_position_has_live_price" time="0.107" /><testcase classname="backend.tests.test_iteration90_trade_history.TestCustodialWalletEndpoint" name="test_custodial_wallet_endpoint_exists" time="0.329" /><testcase classname="backend.tests.test_iteration90_trade_history.TestCustodialWalletEndpoint" name="test_custodial_wallet_has_balance" time="0.232" /><testcase classname="backend.tests.test_iteration90_trade_history.TestCheckExitsEndpoint" name="test_check_exits_endpoint_exists" time="0.134" /><testcase classname="backend.tests.test_iteration90_trade_history.TestCheckExitsEndpoint" name="test_check_exits_has_required_fields" time="0.141" /><testcase classname="backend.tests.test_iteration90_trade_history.TestSettingsEndpoint" name="test_settings_endpoint_exists" time="0.110" /><testcase classname="backend.tests.test_iteration90_trade_history.TestSettingsEndpoint" name="test_settings_has_required_fields" time="0.107" /><testcase classname="backend.tests.test_iteration90_trade_history.TestHeliusAPIKeyUpdate" name="test_helius_rpc_balance_fetch" time="0.318" /></testsuite></testsuites>