<?xml version="1.0" encoding="utf-8"?><testsuites name="pytest tests"><testsuite name="pytest" errors="0" failures="0" skipped="0" tests="24" time="21.390" timestamp="2026-03-14T23:43:22.048815+00:00" hostname="agent-env-8d1a78cf-270d-415b-b3ca-7bb6cd2548a2"><testcase classname="backend.tests.test_custodial_wallet_iteration49.TestCustodialWalletInfo" name="test_create_custodial_wallet_returns_ok" time="0.457" /><testcase classname="backend.tests.test_custodial_wallet_iteration49.TestCustodialWalletInfo" name="test_custodial_wallet_info_structure" time="0.250" /><testcase classname="backend.tests.test_custodial_wallet_iteration49.TestCustodialWalletInfo" name="test_max_deposit_limit_is_05_sol" time="0.272" /><testcase classname="backend.tests.test_custodial_wallet_iteration49.TestCustodialWalletInfo" name="test_new_wallet_has_zero_balance" time="0.268" /><testcase classname="backend.tests.test_custodial_wallet_iteration49.TestCustodialWalletInfo" name="test_wallet_address_is_valid_solana_address" time="0.220" /><testcase classname="backend.tests.test_custodial_wallet_iteration49.TestCustodialWalletAddress" name="test_get_deposit_address_returns_ok" time="0.171" /><testcase classname="backend.tests.test_custodial_wallet_iteration49.TestCustodialWalletAddress" name="test_deposit_address_response_structure" time="0.131" /><testcase classname="backend.tests.test_custodial_wallet_iteration49.TestCustodialWalletAddress" name="test_deposit_address_instructions_contain_limit" time="0.128" /><testcase classname="backend.tests.test_custodial_wallet_iteration49.TestPrepareDeposit" name="test_valid_deposit_amount_returns_success" time="0.282" /><testcase classname="backend.tests.test_custodial_wallet_iteration49.TestPrepareDeposit" name="test_max_valid_deposit_amount" time="9.594" /><testcase classname="backend.tests.test_custodial_wallet_iteration49.TestPrepareDeposit" name="test_deposit_exceeding_limit_rejected" time="0.177" /><testcase classname="backend.tests.test_custodial_wallet_iteration49.TestPrepareDeposit" name="test_zero_deposit_rejected" time="6.920" /><testcase classname="backend.tests.test_custodial_wallet_iteration49.TestPrepareDeposit" name="test_negative_deposit_rejected" time="0.175" /><testcase classname="backend.tests.test_custodial_wallet_iteration49.TestPrepareDeposit" name="test_prepare_deposit_response_structure" time="0.279" /><testcase classname="backend.tests.test_custodial_wallet_iteration49.TestWithdraw" name="test_withdraw_with_no_balance_fails" time="0.246" /><testcase classname="backend.tests.test_custodial_wallet_iteration49.TestWithdraw" name="test_zero_withdrawal_rejected" time="0.155" /><testcase classname="backend.tests.test_custodial_wallet_iteration49.TestWithdraw" name="test_negative_withdrawal_rejected" time="0.124" /><testcase classname="backend.tests.test_custodial_wallet_iteration49.TestTransactionHistory" name="test_transaction_history_returns_ok" time="0.126" /><testcase classname="backend.tests.test_custodial_wallet_iteration49.TestTransactionHistory" name="test_transaction_history_structure" time="0.129" /><testcase classname="backend.tests.test_custodial_wallet_iteration49.TestTransactionHistory" name="test_new_wallet_has_empty_history" time="0.416" /><testcase classname="backend.tests.test_custodial_wallet_iteration49.TestTransactionHistory" name="test_transaction_history_limit_parameter" time="0.146" /><testcase classname="backend.tests.test_custodial_wallet_iteration49.TestCustodialWalletNotFound" name="test_withdraw_from_nonexistent_wallet" time="0.166" /><testcase classname="backend.tests.test_custodial_wallet_iteration49.TestCustodialWalletNotFound" name="test_transaction_history_nonexistent_wallet" time="0.136" /><testcase classname="backend.tests.test_custodial_wallet_iteration49.TestSecurityEncryptionKey" name="test_custodial_wallet_uses_encrypted_keys" time="0.236" /></testsuite></testsuites>