<?xml version="1.0" encoding="utf-8"?><testsuites name="pytest tests"><testsuite name="pytest" errors="0" failures="2" skipped="0" tests="9" time="10.166" timestamp="2026-02-21T23:19:05.609595+00:00" hostname="agent-env-182f6f74-a316-4161-ad9a-a259626936ba"><testcase classname="backend.tests.test_lore_ai_journal.TestAISuggestionsAPI" name="test_journal_daily_english" time="0.241" /><testcase classname="backend.tests.test_lore_ai_journal.TestAISuggestionsAPI" name="test_journal_daily_spanish" time="0.128" /><testcase classname="backend.tests.test_lore_ai_journal.TestAISuggestionsAPI" name="test_journal_chat_endpoint" time="3.320" /><testcase classname="backend.tests.test_lore_ai_journal.TestAISuggestionsAPI" name="test_journal_chat_with_history" time="3.479" /><testcase classname="backend.tests.test_lore_ai_journal.TestAISuggestionsAPI" name="test_journal_holdings_endpoint" time="0.190" /><testcase classname="backend.tests.test_lore_ai_journal.TestAISuggestionsAPI" name="test_coin_recommendations_endpoint" time="0.190"><failure message="AssertionError: Response should have 'criteria'&#10;assert 'criteria' in {'error': 'CoinGecko API error', 'recommendations': []}">backend/tests/test_lore_ai_journal.py:118: in test_coin_recommendations_endpoint
    assert "criteria" in data, "Response should have 'criteria'"
E   AssertionError: Response should have 'criteria'
E   assert 'criteria' in {'error': 'CoinGecko API error', 'recommendations': []}</failure></testcase><testcase classname="backend.tests.test_lore_ai_journal.TestAISuggestionsAPI" name="test_coin_recommendations_structure" time="0.170" /><testcase classname="backend.tests.test_lore_ai_journal.TestAISuggestionsValidation" name="test_chat_empty_message" time="2.106" /><testcase classname="backend.tests.test_lore_ai_journal.TestAISuggestionsValidation" name="test_recommendations_spanish_language" time="0.210"><failure message="assert 0 == 3&#10; +  where 0 = len([])">backend/tests/test_lore_ai_journal.py:186: in test_recommendations_spanish_language
    assert len(data["recommendations"]) == 3
E   assert 0 == 3
E    +  where 0 = len([])</failure></testcase></testsuite></testsuites>