<?xml version="1.0" encoding="utf-8"?><testsuites name="pytest tests"><testsuite name="pytest" errors="0" failures="0" skipped="0" tests="20" time="3.133" timestamp="2026-02-17T01:25:45.861042+00:00" hostname="agent-env-23682343-d3af-49f9-a480-6c689be951ca"><testcase classname="backend.tests.test_showcase.TestShowcaseWalletCollection" name="test_showcase_new_wallet_returns_default_collection" time="0.184" /><testcase classname="backend.tests.test_showcase.TestShowcaseWalletCollection" name="test_showcase_collection_contains_all_skins" time="0.136" /><testcase classname="backend.tests.test_showcase.TestShowcaseWalletCollection" name="test_showcase_default_skin_always_owned" time="0.127" /><testcase classname="backend.tests.test_showcase.TestShowcaseWalletCollection" name="test_showcase_stats_for_new_wallet" time="0.113" /><testcase classname="backend.tests.test_showcase.TestShowcaseWalletCollection" name="test_showcase_skin_rarity_counts" time="0.127" /><testcase classname="backend.tests.test_showcase.TestShowcaseWithExistingPurchases" name="test_showcase_test_wallet_with_gift" time="0.220" /><testcase classname="backend.tests.test_showcase.TestCollectorLeaderboard" name="test_leaderboard_returns_list" time="0.119" /><testcase classname="backend.tests.test_showcase.TestCollectorLeaderboard" name="test_leaderboard_collector_structure" time="0.217" /><testcase classname="backend.tests.test_showcase.TestCollectorLeaderboard" name="test_leaderboard_ranks_are_sequential" time="0.147" /><testcase classname="backend.tests.test_showcase.TestCollectorLeaderboard" name="test_leaderboard_respects_limit" time="0.120" /><testcase classname="backend.tests.test_showcase.TestRecentAcquisitions" name="test_recent_acquisitions_returns_list" time="0.121" /><testcase classname="backend.tests.test_showcase.TestRecentAcquisitions" name="test_acquisition_structure" time="0.125" /><testcase classname="backend.tests.test_showcase.TestRecentAcquisitions" name="test_acquisition_types" time="0.152" /><testcase classname="backend.tests.test_showcase.TestRecentAcquisitions" name="test_recent_acquisitions_respects_limit" time="0.153" /><testcase classname="backend.tests.test_showcase.TestShowcaseSettings" name="test_update_settings_success" time="0.112" /><testcase classname="backend.tests.test_showcase.TestShowcaseSettings" name="test_settings_persist_to_showcase" time="0.216" /><testcase classname="backend.tests.test_showcase.TestShowcaseSettings" name="test_display_name_truncation" time="0.161" /><testcase classname="backend.tests.test_showcase.TestShowcaseSettings" name="test_bio_truncation" time="0.131" /><testcase classname="backend.tests.test_showcase.TestShowcaseSkinDetails" name="test_ethereal_skin_properties" time="0.197" /><testcase classname="backend.tests.test_showcase.TestShowcaseSkinDetails" name="test_legendary_skins_properties" time="0.180" /></testsuite></testsuites>