<?xml version="1.0" encoding="utf-8"?><testsuites name="pytest tests"><testsuite name="pytest" errors="0" failures="0" skipped="0" tests="24" time="5.660" timestamp="2026-03-26T21:51:29.209776+00:00" hostname="agent-env-c7bc084c-e984-47b3-8d93-29f87fde0fbe"><testcase classname="backend.tests.test_iteration88_auto_trade_ledger.TestDepositDetection" name="test_detect_deposit_endpoint_exists" time="0.438" /><testcase classname="backend.tests.test_iteration88_auto_trade_ledger.TestDepositDetection" name="test_detect_deposit_response_structure" time="0.237" /><testcase classname="backend.tests.test_iteration88_auto_trade_ledger.TestDepositDetection" name="test_detect_deposit_compares_with_ledger" time="0.230" /><testcase classname="backend.tests.test_iteration88_auto_trade_ledger.TestAutoTradeScanAndExecute" name="test_scan_and_execute_endpoint_exists" time="0.196" /><testcase classname="backend.tests.test_iteration88_auto_trade_ledger.TestAutoTradeScanAndExecute" name="test_scan_and_execute_response_structure" time="0.232" /><testcase classname="backend.tests.test_iteration88_auto_trade_ledger.TestAutoTradeScanAndExecute" name="test_scan_and_execute_handles_rate_limits" time="0.220" /><testcase classname="backend.tests.test_iteration88_auto_trade_ledger.TestAutoTradeCheckExits" name="test_check_exits_endpoint_exists" time="0.222" /><testcase classname="backend.tests.test_iteration88_auto_trade_ledger.TestAutoTradeCheckExits" name="test_check_exits_response_structure" time="0.195" /><testcase classname="backend.tests.test_iteration88_auto_trade_ledger.TestAutoTradeCheckExits" name="test_check_exits_handles_no_positions" time="0.189" /><testcase classname="backend.tests.test_iteration88_auto_trade_ledger.TestLedgerBalance" name="test_ledger_balance_endpoint_exists" time="0.111" /><testcase classname="backend.tests.test_iteration88_auto_trade_ledger.TestLedgerBalance" name="test_ledger_balance_response_structure" time="0.108" /><testcase classname="backend.tests.test_iteration88_auto_trade_ledger.TestLedgerBalance" name="test_ledger_balance_math_consistency" time="0.115" /><testcase classname="backend.tests.test_iteration88_auto_trade_ledger.TestAITraderPositions" name="test_positions_endpoint_exists" time="0.367" /><testcase classname="backend.tests.test_iteration88_auto_trade_ledger.TestAITraderPositions" name="test_positions_response_structure" time="0.376" /><testcase classname="backend.tests.test_iteration88_auto_trade_ledger.TestLedgerReconciliation" name="test_reconciliation_endpoint_exists" time="0.219" /><testcase classname="backend.tests.test_iteration88_auto_trade_ledger.TestLedgerReconciliation" name="test_reconciliation_response_structure" time="0.223" /><testcase classname="backend.tests.test_iteration88_auto_trade_ledger.TestLedgerReconciliation" name="test_reconciliation_user_breakdown" time="0.244" /><testcase classname="backend.tests.test_iteration88_auto_trade_ledger.TestAITraderSettings" name="test_settings_endpoint_exists" time="0.115" /><testcase classname="backend.tests.test_iteration88_auto_trade_ledger.TestAITraderSettings" name="test_settings_response_structure" time="0.103" /><testcase classname="backend.tests.test_iteration88_auto_trade_ledger.TestAITraderSettings" name="test_settings_trading_mode_values" time="0.167" /><testcase classname="backend.tests.test_iteration88_auto_trade_ledger.TestCustodialWalletInfo" name="test_wallet_info_endpoint_exists" time="0.214" /><testcase classname="backend.tests.test_iteration88_auto_trade_ledger.TestCustodialWalletInfo" name="test_wallet_info_response_structure" time="0.217" /><testcase classname="backend.tests.test_iteration88_auto_trade_ledger.TestDataIntegrity" name="test_ledger_and_positions_consistency" time="0.496" /><testcase classname="backend.tests.test_iteration88_auto_trade_ledger.TestDataIntegrity" name="test_reconciliation_health" time="0.281" /></testsuite></testsuites>