<?xml version="1.0" encoding="utf-8"?><testsuites name="pytest tests"><testsuite name="pytest" errors="0" failures="0" skipped="0" tests="13" time="5.781" timestamp="2026-03-19T21:00:25.846072+00:00" hostname="agent-env-a64cdb88-8b60-4495-bcac-8664f88ee89e"><testcase classname="tests.test_wallet_trades_iteration51.TestSupportedChainsEndpoint" name="test_supported_chains_returns_correct_structure" time="0.159" /><testcase classname="tests.test_wallet_trades_iteration51.TestSupportedChainsEndpoint" name="test_supported_chains_has_correct_chain_ids" time="0.167" /><testcase classname="tests.test_wallet_trades_iteration51.TestMultiChainEndpoint" name="test_multi_chain_requires_wallet_address" time="0.112" /><testcase classname="tests.test_wallet_trades_iteration51.TestMultiChainEndpoint" name="test_multi_chain_accepts_solana_address" time="0.433" /><testcase classname="tests.test_wallet_trades_iteration51.TestMultiChainEndpoint" name="test_multi_chain_accepts_evm_address" time="1.064" /><testcase classname="tests.test_wallet_trades_iteration51.TestMultiChainEndpoint" name="test_multi_chain_accepts_both_addresses" time="1.064" /><testcase classname="tests.test_wallet_trades_iteration51.TestMultiChainEndpoint" name="test_multi_chain_selective_chains" time="0.716" /><testcase classname="tests.test_wallet_trades_iteration51.TestSolanaTradesEndpoint" name="test_solana_trades_returns_correct_structure" time="0.324" /><testcase classname="tests.test_wallet_trades_iteration51.TestEvmTradesEndpoint" name="test_evm_trades_ethereum" time="0.497" /><testcase classname="tests.test_wallet_trades_iteration51.TestEvmTradesEndpoint" name="test_evm_trades_base" time="0.435" /><testcase classname="tests.test_wallet_trades_iteration51.TestEvmTradesEndpoint" name="test_evm_trades_arbitrum" time="0.311" /><testcase classname="tests.test_wallet_trades_iteration51.TestEvmTradesEndpoint" name="test_evm_trades_unsupported_chain_rejected" time="0.133" /><testcase classname="tests.test_wallet_trades_iteration51.TestTradeResponseFormat" name="test_trade_data_contains_required_fields" time="0.233" /></testsuite></testsuites>