<?xml version="1.0" encoding="utf-8"?><testsuites name="pytest tests"><testsuite name="pytest" errors="0" failures="0" skipped="0" tests="16" time="25.746" timestamp="2026-03-13T22:22:19.965566+00:00" hostname="agent-env-1c30f61c-8b67-4c40-8d2b-7f873acd9c98"><testcase classname="backend.tests.test_price_alerts_and_chat.TestPriceAlertsCreate" name="test_create_alert_returns_200_or_201" time="0.188" /><testcase classname="backend.tests.test_price_alerts_and_chat.TestPriceAlertsCreate" name="test_create_alert_with_breakout_up_type" time="0.162" /><testcase classname="backend.tests.test_price_alerts_and_chat.TestPriceAlertsCreate" name="test_create_alert_with_breakout_down_type" time="0.144" /><testcase classname="backend.tests.test_price_alerts_and_chat.TestPriceAlertsRead" name="test_get_alerts_returns_200" time="0.123" /><testcase classname="backend.tests.test_price_alerts_and_chat.TestPriceAlertsRead" name="test_get_alerts_returns_list" time="0.137" /><testcase classname="backend.tests.test_price_alerts_and_chat.TestPriceAlertsDelete" name="test_delete_alert_flow" time="0.248" /><testcase classname="backend.tests.test_price_alerts_and_chat.TestPriceAlertsDelete" name="test_delete_nonexistent_alert_returns_404" time="0.109" /><testcase classname="backend.tests.test_price_alerts_and_chat.TestPriceAlertsCheck" name="test_check_alerts_returns_200" time="0.175" /><testcase classname="backend.tests.test_price_alerts_and_chat.TestPriceAlertsCheck" name="test_check_alerts_response_structure" time="0.158" /><testcase classname="backend.tests.test_price_alerts_and_chat.TestBreakoutScan" name="test_breakout_scan_returns_200" time="0.585" /><testcase classname="backend.tests.test_price_alerts_and_chat.TestBreakoutScan" name="test_breakout_scan_response_structure" time="0.245" /><testcase classname="backend.tests.test_price_alerts_and_chat.TestAIChatImageUpload" name="test_chat_without_image_returns_200" time="3.546" /><testcase classname="backend.tests.test_price_alerts_and_chat.TestAIChatImageUpload" name="test_chat_with_image_no_error" time="5.030" /><testcase classname="backend.tests.test_price_alerts_and_chat.TestAIChatImageUpload" name="test_chat_returns_session_id" time="5.411" /><testcase classname="backend.tests.test_price_alerts_and_chat.TestPugBurnScanStillWorks" name="test_pugburn_scan_returns_200" time="8.883" /><testcase classname="backend.tests.test_price_alerts_and_chat.TestCleanup" name="test_cleanup_test_alerts" time="0.540" /></testsuite></testsuites>