<?xml version="1.0" encoding="utf-8"?><testsuites name="pytest tests"><testsuite name="pytest" errors="0" failures="0" skipped="0" tests="9" time="2.846" timestamp="2026-03-04T01:44:40.456354+00:00" hostname="agent-env-58c4dc97-7025-43f5-8061-680457ad9759"><testcase classname="tests.test_signal_features.TestAnalyzeEndpointWithContractAddress" name="test_analyze_known_token_without_contract_address" time="0.571" /><testcase classname="tests.test_signal_features.TestAnalyzeEndpointWithContractAddress" name="test_analyze_with_contract_address_for_known_token" time="0.330" /><testcase classname="tests.test_signal_features.TestAnalyzeEndpointWithContractAddress" name="test_analyze_unknown_token_lookup_via_dexscreener" time="0.505" /><testcase classname="tests.test_signal_features.TestScanAllDeduplication" name="test_scan_all_returns_no_duplicate_token_symbols" time="0.339" /><testcase classname="tests.test_signal_features.TestScanAllDeduplication" name="test_scan_all_response_structure" time="0.377" /><testcase classname="tests.test_signal_features.TestSettingsEndpoint" name="test_save_settings_returns_clean_json" time="0.108" /><testcase classname="tests.test_signal_features.TestSettingsEndpoint" name="test_get_settings" time="0.343" /><testcase classname="tests.test_signal_features.TestSignalApprovalFlow" name="test_approve_signal_endpoint_exists" time="0.114" /><testcase classname="tests.test_signal_features.TestSignalApprovalFlow" name="test_reject_signal_endpoint_exists" time="0.108" /></testsuite></testsuites>