<?xml version="1.0" encoding="utf-8"?><testsuites name="pytest tests"><testsuite name="pytest" errors="0" failures="0" skipped="0" tests="13" time="3.708" timestamp="2026-03-19T23:48:20.280493+00:00" hostname="agent-env-a64cdb88-8b60-4495-bcac-8664f88ee89e"><testcase classname="backend.tests.test_iteration54_features.TestMoonCheeseImage" name="test_moon_cheese_image_accessible" time="0.214" /><testcase classname="backend.tests.test_iteration54_features.TestMoonCheeseImage" name="test_moon_cheese_image_size" time="0.224" /><testcase classname="backend.tests.test_iteration54_features.TestMarketConditionAnalyzer" name="test_ai_trader_endpoint_works" time="0.928" /><testcase classname="backend.tests.test_iteration54_features.TestMarketConditionAnalyzer" name="test_ai_trader_settings_endpoint" time="0.148" /><testcase classname="backend.tests.test_iteration54_features.TestSocialTradingLeaderboard" name="test_leaderboard_endpoint_exists" time="0.122" /><testcase classname="backend.tests.test_iteration54_features.TestSocialTradingLeaderboard" name="test_leaderboard_periods" time="0.475" /><testcase classname="backend.tests.test_iteration54_features.TestSocialTradingProfile" name="test_profile_endpoint_for_new_wallet" time="0.113" /><testcase classname="backend.tests.test_iteration54_features.TestSocialTradingProfile" name="test_profile_endpoint_has_stats_field" time="0.120" /><testcase classname="backend.tests.test_iteration54_features.TestSocialTradingFollow" name="test_follow_requires_copy_trading_enabled" time="0.144" /><testcase classname="backend.tests.test_iteration54_features.TestSocialTradingFollow" name="test_enable_copy_trading_endpoint" time="0.249" /><testcase classname="backend.tests.test_iteration54_features.TestSocialTradingFollow" name="test_follow_and_unfollow_flow" time="0.607" /><testcase classname="backend.tests.test_iteration54_features.TestSocialTradingCopiedTrades" name="test_copied_trades_endpoint" time="0.116" /><testcase classname="backend.tests.test_iteration54_features.TestSocialTradingFollowers" name="test_followers_endpoint" time="0.122" /></testsuite></testsuites>