<?xml version="1.0" encoding="utf-8"?><testsuites name="pytest tests"><testsuite name="pytest" errors="0" failures="0" skipped="0" tests="15" time="3.836" timestamp="2026-02-24T06:11:44.081256+00:00" hostname="agent-env-f4ecfb3d-aedc-4c6d-82c6-4633a3861e33"><testcase classname="tests.test_market_dashboard_api.TestMarketDashboardAPIs" name="test_market_endpoint_returns_200" time="1.870" /><testcase classname="tests.test_market_dashboard_api.TestMarketDashboardAPIs" name="test_market_endpoint_has_sentiment" time="0.130" /><testcase classname="tests.test_market_dashboard_api.TestMarketDashboardAPIs" name="test_market_endpoint_has_solana_ecosystem" time="0.098" /><testcase classname="tests.test_market_dashboard_api.TestMarketDashboardAPIs" name="test_market_endpoint_has_global_data" time="0.105" /><testcase classname="tests.test_market_dashboard_api.TestMarketDashboardAPIs" name="test_market_endpoint_has_timestamp" time="0.100" /><testcase classname="tests.test_market_dashboard_api.TestSentimentEndpoint" name="test_sentiment_endpoint_returns_200" time="0.106" /><testcase classname="tests.test_market_dashboard_api.TestSentimentEndpoint" name="test_sentiment_has_fear_greed" time="0.148" /><testcase classname="tests.test_market_dashboard_api.TestSentimentEndpoint" name="test_sentiment_has_timestamp" time="0.110" /><testcase classname="tests.test_market_dashboard_api.TestNewsEndpoint" name="test_news_endpoint_returns_200" time="0.142" /><testcase classname="tests.test_market_dashboard_api.TestNewsEndpoint" name="test_news_has_news_array" time="0.098" /><testcase classname="tests.test_market_dashboard_api.TestNewsEndpoint" name="test_news_has_timestamp" time="0.159" /><testcase classname="tests.test_market_dashboard_api.TestLivePricesEndpoint" name="test_prices_endpoint_returns_200" time="0.186" /><testcase classname="tests.test_market_dashboard_api.TestLivePricesEndpoint" name="test_prices_has_prices_object" time="0.158" /><testcase classname="tests.test_market_dashboard_api.TestTrendingEndpoint" name="test_trending_endpoint_returns_200" time="0.204" /><testcase classname="tests.test_market_dashboard_api.TestTrendingEndpoint" name="test_trending_has_trending_array" time="0.170" /></testsuite></testsuites>