<?xml version="1.0" encoding="utf-8"?><testsuites name="pytest tests"><testsuite name="pytest" errors="0" failures="0" skipped="0" tests="24" time="3.854" timestamp="2026-02-17T00:07:00.163313+00:00" hostname="agent-env-8385ca21-01f2-4c51-a7bb-36e3eb850f1a"><testcase classname="backend.tests.test_new_features_v8.TestSendGridConfiguration" name="test_email_test_endpoint_returns_configured_true" time="0.595" /><testcase classname="backend.tests.test_new_features_v8.TestBettingEndpoints" name="test_betting_config_endpoint" time="0.277" /><testcase classname="backend.tests.test_new_features_v8.TestBettingEndpoints" name="test_betting_challenges_endpoint" time="0.191" /><testcase classname="backend.tests.test_new_features_v8.TestBettingEndpoints" name="test_betting_pot_endpoint" time="0.245" /><testcase classname="backend.tests.test_new_features_v8.TestBettingEndpoints" name="test_betting_history_endpoint" time="0.217" /><testcase classname="backend.tests.test_new_features_v8.TestAuthEndpoints" name="test_auth_sign_message_endpoint" time="0.132" /><testcase classname="backend.tests.test_new_features_v8.TestAuthEndpoints" name="test_auth_sign_message_with_action" time="0.332" /><testcase classname="backend.tests.test_new_features_v8.TestEmailSubscription" name="test_email_subscribe_new_user" time="0.726" /><testcase classname="backend.tests.test_new_features_v8.TestEmailSubscription" name="test_email_subscribe_update_existing" time="0.520" /><testcase classname="backend.tests.test_new_features_v8.TestLeaderboard" name="test_leaderboard_get" time="0.123" /><testcase classname="backend.tests.test_new_features_v8.TestLeaderboard" name="test_leaderboard_submit_score" time="0.227" /><testcase classname="backend.tests.test_new_features_v8.TestHealthAndRoot" name="test_root_endpoint" time="0.172" /><testcase classname="backend.tests.test_new_features_v8.TestModularRoutersExist" name="test_betting_router_exists" time="0.000" /><testcase classname="backend.tests.test_new_features_v8.TestModularRoutersExist" name="test_auth_router_exists" time="0.000" /><testcase classname="backend.tests.test_new_features_v8.TestModularRoutersExist" name="test_email_router_exists" time="0.000" /><testcase classname="backend.tests.test_new_features_v8.TestModularRoutersExist" name="test_leaderboard_router_exists" time="0.000" /><testcase classname="backend.tests.test_new_features_v8.TestSoundsJsNewFeatures" name="test_sounds_file_has_new_sounds" time="0.000" /><testcase classname="backend.tests.test_new_features_v8.TestSoundsJsNewFeatures" name="test_haptic_feedback_functions_exist" time="0.000" /><testcase classname="backend.tests.test_new_features_v8.TestSoundsJsNewFeatures" name="test_haptic_patterns_defined" time="0.000" /><testcase classname="backend.tests.test_new_features_v8.TestBackendModularStructure" name="test_models_schemas_exists" time="0.000" /><testcase classname="backend.tests.test_new_features_v8.TestBackendModularStructure" name="test_services_email_exists" time="0.000" /><testcase classname="backend.tests.test_new_features_v8.TestBackendModularStructure" name="test_services_auth_exists" time="0.000" /><testcase classname="backend.tests.test_new_features_v8.TestBackendModularStructure" name="test_utils_config_exists" time="0.000" /><testcase classname="backend.tests.test_new_features_v8.TestBackendModularStructure" name="test_utils_database_exists" time="0.000" /></testsuite></testsuites>