<?xml version="1.0" encoding="utf-8"?><testsuites name="pytest tests"><testsuite name="pytest" errors="0" failures="0" skipped="0" tests="30" time="7.420" timestamp="2026-02-16T22:29:16.221532+00:00" hostname="agent-env-a33c3108-b913-40ac-af9c-e21ac3d8d572"><testcase classname="backend.tests.test_p2p_betting_forum.TestBettingConfig" name="test_betting_config_returns_correct_rake" time="0.347" /><testcase classname="backend.tests.test_p2p_betting_forum.TestBettingConfig" name="test_betting_config_returns_distribution_wallet" time="0.354" /><testcase classname="backend.tests.test_p2p_betting_forum.TestBettingConfig" name="test_betting_config_returns_sol_currency" time="0.298" /><testcase classname="backend.tests.test_p2p_betting_forum.TestBettingConfig" name="test_betting_config_has_min_max_bet" time="0.189" /><testcase classname="backend.tests.test_p2p_betting_forum.TestP2PCoinFlipChallenges" name="test_create_challenge_success" time="1.059" /><testcase classname="backend.tests.test_p2p_betting_forum.TestP2PCoinFlipChallenges" name="test_create_challenge_with_tails" time="0.156" /><testcase classname="backend.tests.test_p2p_betting_forum.TestP2PCoinFlipChallenges" name="test_create_challenge_invalid_choice" time="0.191" /><testcase classname="backend.tests.test_p2p_betting_forum.TestP2PCoinFlipChallenges" name="test_create_challenge_below_minimum" time="0.124" /><testcase classname="backend.tests.test_p2p_betting_forum.TestP2PCoinFlipChallenges" name="test_create_challenge_above_maximum" time="0.202" /><testcase classname="backend.tests.test_p2p_betting_forum.TestP2PCoinFlipChallenges" name="test_get_open_challenges" time="0.165" /><testcase classname="backend.tests.test_p2p_betting_forum.TestP2PPotSystem" name="test_get_pot_status" time="0.121" /><testcase classname="backend.tests.test_p2p_betting_forum.TestP2PPotSystem" name="test_join_pot_success" time="0.142" /><testcase classname="backend.tests.test_p2p_betting_forum.TestP2PPotSystem" name="test_join_pot_below_minimum" time="0.279" /><testcase classname="backend.tests.test_p2p_betting_forum.TestP2PPotSystem" name="test_join_pot_without_wallet" time="0.126" /><testcase classname="backend.tests.test_p2p_betting_forum.TestP2PPotSystem" name="test_pot_entries_show_probability" time="0.376" /><testcase classname="backend.tests.test_p2p_betting_forum.TestBettingHistory" name="test_get_betting_history" time="0.182" /><testcase classname="backend.tests.test_p2p_betting_forum.TestBettingHistory" name="test_get_betting_history_by_wallet" time="0.111" /><testcase classname="backend.tests.test_p2p_betting_forum.TestForumCategories" name="test_get_forum_categories" time="0.108" /><testcase classname="backend.tests.test_p2p_betting_forum.TestForumPosts" name="test_get_forum_posts" time="0.136" /><testcase classname="backend.tests.test_p2p_betting_forum.TestForumPosts" name="test_get_forum_posts_by_category" time="0.158" /><testcase classname="backend.tests.test_p2p_betting_forum.TestForumPosts" name="test_create_forum_post" time="0.477" /><testcase classname="backend.tests.test_p2p_betting_forum.TestForumPosts" name="test_create_forum_post_without_wallet" time="0.184" /><testcase classname="backend.tests.test_p2p_betting_forum.TestForumPosts" name="test_create_forum_post_without_title" time="0.168" /><testcase classname="backend.tests.test_p2p_betting_forum.TestForumPosts" name="test_get_single_post" time="0.341" /><testcase classname="backend.tests.test_p2p_betting_forum.TestForumReplies" name="test_create_reply" time="0.357" /><testcase classname="backend.tests.test_p2p_betting_forum.TestForumReplies" name="test_create_reply_without_content" time="0.275" /><testcase classname="backend.tests.test_p2p_betting_forum.TestForumReplies" name="test_create_reply_to_nonexistent_post" time="0.148" /><testcase classname="backend.tests.test_p2p_betting_forum.TestTradingJournalExport" name="test_export_csv" time="0.163" /><testcase classname="backend.tests.test_p2p_betting_forum.TestTradingJournalExport" name="test_export_json" time="0.231" /><testcase classname="backend.tests.test_p2p_betting_forum.TestShareScoreOnX" name="test_leaderboard_submit_for_share" time="0.142" /></testsuite></testsuites>