<?xml version="1.0" encoding="utf-8"?><testsuites name="pytest tests"><testsuite name="pytest" errors="0" failures="0" skipped="0" tests="8" time="1.829" timestamp="2026-02-17T01:00:11.991341+00:00" hostname="agent-env-23682343-d3af-49f9-a480-6c689be951ca"><testcase classname="backend.tests.test_ethereal_achievement.TestSkinsEndpoints" name="test_skins_catalog_includes_ethereal" time="0.340" /><testcase classname="backend.tests.test_ethereal_achievement.TestSkinsEndpoints" name="test_skins_catalog_has_10_purchasable_skins" time="0.224" /><testcase classname="backend.tests.test_ethereal_achievement.TestSkinsEndpoints" name="test_achievement_status_for_new_wallet" time="0.174" /><testcase classname="backend.tests.test_ethereal_achievement.TestSkinsEndpoints" name="test_owned_skins_for_new_wallet" time="0.134" /><testcase classname="backend.tests.test_ethereal_achievement.TestSkinsEndpoints" name="test_gift_ethereal_rejected" time="0.158" /><testcase classname="backend.tests.test_ethereal_achievement.TestSkinsEndpoints" name="test_achievement_status_structure" time="0.167" /><testcase classname="backend.tests.test_ethereal_achievement.TestSkinsEndpoints" name="test_catalog_ethereal_in_all_skins" time="0.182" /><testcase classname="backend.tests.test_ethereal_achievement.TestEtherealUnlockLogic" name="test_missing_skins_list_is_accurate" time="0.262" /></testsuite></testsuites>