<?xml version="1.0" encoding="utf-8"?><testsuites name="pytest tests"><testsuite name="pytest" errors="0" failures="0" skipped="0" tests="16" time="2.226" timestamp="2026-02-18T00:35:24.726881+00:00" hostname="agent-env-182f6f74-a316-4161-ad9a-a259626936ba"><testcase classname="backend.tests.test_badges_api.TestBadgesAllAPI" name="test_get_all_badges_returns_200" time="0.188" /><testcase classname="backend.tests.test_badges_api.TestBadgesAllAPI" name="test_get_all_badges_returns_12_badges" time="0.139" /><testcase classname="backend.tests.test_badges_api.TestBadgesAllAPI" name="test_all_badges_have_required_fields" time="0.119" /><testcase classname="backend.tests.test_badges_api.TestBadgesAllAPI" name="test_all_expected_badges_present" time="0.167" /><testcase classname="backend.tests.test_badges_api.TestBadgesAllAPI" name="test_badges_sorted_by_tier" time="0.112" /><testcase classname="backend.tests.test_badges_api.TestBadgesUserAPI" name="test_get_user_badges_returns_200" time="0.113" /><testcase classname="backend.tests.test_badges_api.TestBadgesUserAPI" name="test_user_badges_response_structure" time="0.106" /><testcase classname="backend.tests.test_badges_api.TestBadgesUserAPI" name="test_new_user_has_empty_badges" time="0.129" /><testcase classname="backend.tests.test_badges_api.TestBadgesUserAPI" name="test_wallet_address_returned_correctly" time="0.116" /><testcase classname="backend.tests.test_badges_api.TestBadgesCheckAPI" name="test_check_badges_returns_200" time="0.130" /><testcase classname="backend.tests.test_badges_api.TestBadgesCheckAPI" name="test_check_badges_response_structure" time="0.121" /><testcase classname="backend.tests.test_badges_api.TestBadgesCheckAPI" name="test_new_user_no_automatic_badges" time="0.130" /><testcase classname="backend.tests.test_badges_api.TestBadgesCheckAPI" name="test_check_is_idempotent" time="0.234" /><testcase classname="backend.tests.test_badges_api.TestBadgeInfoAPI" name="test_get_valid_badge_info" time="0.137" /><testcase classname="backend.tests.test_badges_api.TestBadgeInfoAPI" name="test_get_invalid_badge_returns_404" time="0.111" /><testcase classname="backend.tests.test_badges_api.TestBadgeTierDistribution" name="test_tier_distribution" time="0.120" /></testsuite></testsuites>