<?xml version="1.0" encoding="utf-8"?><testsuites name="pytest tests"><testsuite name="pytest" errors="0" failures="0" skipped="0" tests="24" time="3.981" timestamp="2026-02-22T03:05:00.494053+00:00" hostname="agent-env-8ae18374-16ec-48f6-929a-ddcf2caf5d39"><testcase classname="backend.tests.test_achievements_api.TestAchievementBadges" name="test_get_all_badges_returns_200" time="0.211" /><testcase classname="backend.tests.test_achievements_api.TestAchievementBadges" name="test_badges_response_has_badges_array" time="0.135" /><testcase classname="backend.tests.test_achievements_api.TestAchievementBadges" name="test_badges_count_is_17" time="0.155" /><testcase classname="backend.tests.test_achievements_api.TestAchievementBadges" name="test_badges_have_required_fields" time="0.112" /><testcase classname="backend.tests.test_achievements_api.TestAchievementBadges" name="test_badges_have_categories" time="0.117" /><testcase classname="backend.tests.test_achievements_api.TestUserAchievements" name="test_get_user_achievements_returns_200" time="0.161" /><testcase classname="backend.tests.test_achievements_api.TestUserAchievements" name="test_user_response_has_required_fields" time="0.160" /><testcase classname="backend.tests.test_achievements_api.TestUserAchievements" name="test_user_stats_has_required_fields" time="0.118" /><testcase classname="backend.tests.test_achievements_api.TestUserAchievements" name="test_available_badges_is_17" time="0.147" /><testcase classname="backend.tests.test_achievements_api.TestShareData" name="test_get_share_data_returns_200" time="0.114" /><testcase classname="backend.tests.test_achievements_api.TestShareData" name="test_share_data_has_required_fields" time="0.114" /><testcase classname="backend.tests.test_achievements_api.TestShareData" name="test_share_text_contains_bullpug" time="0.119" /><testcase classname="backend.tests.test_achievements_api.TestShareData" name="test_share_stats_has_required_fields" time="0.155" /><testcase classname="backend.tests.test_achievements_api.TestCommunityBenchmarks" name="test_get_benchmarks_returns_200" time="0.113" /><testcase classname="backend.tests.test_achievements_api.TestCommunityBenchmarks" name="test_benchmarks_has_required_fields" time="0.136" /><testcase classname="backend.tests.test_achievements_api.TestCommunityBenchmarks" name="test_benchmarks_with_wallet_address" time="0.182" /><testcase classname="backend.tests.test_achievements_api.TestOptIn" name="test_opt_in_returns_200" time="0.128" /><testcase classname="backend.tests.test_achievements_api.TestOptIn" name="test_opt_in_returns_success_and_status" time="0.134" /><testcase classname="backend.tests.test_achievements_api.TestOptIn" name="test_opt_out_works" time="0.120" /><testcase classname="backend.tests.test_achievements_api.TestOptIn" name="test_get_opt_in_status" time="0.364" /><testcase classname="backend.tests.test_achievements_api.TestLeaderboard" name="test_get_leaderboard_returns_200" time="0.110" /><testcase classname="backend.tests.test_achievements_api.TestLeaderboard" name="test_leaderboard_has_required_fields" time="0.142" /><testcase classname="backend.tests.test_achievements_api.TestLeaderboard" name="test_leaderboard_sort_by_parameter" time="0.511" /><testcase classname="backend.tests.test_achievements_api.TestLeaderboard" name="test_leaderboard_limit_parameter" time="0.106" /></testsuite></testsuites>