<?xml version="1.0" encoding="utf-8"?><testsuites name="pytest tests"><testsuite name="pytest" errors="0" failures="0" skipped="0" tests="10" time="2.880" timestamp="2026-02-17T03:06:49.503984+00:00" hostname="agent-env-70131ea0-8190-465b-a1ca-e251741c16b1"><testcase classname="backend.tests.test_pot_countdown_features.TestPotGameCountdown" name="test_get_pot_status_initial" time="0.309" /><testcase classname="backend.tests.test_pot_countdown_features.TestPotGameCountdown" name="test_pot_join_first_participant_no_countdown" time="0.383" /><testcase classname="backend.tests.test_pot_countdown_features.TestPotGameCountdown" name="test_pot_join_second_participant_starts_countdown" time="0.269" /><testcase classname="backend.tests.test_pot_countdown_features.TestPotGameCountdown" name="test_pot_status_shows_remaining_seconds" time="0.258" /><testcase classname="backend.tests.test_pot_countdown_features.TestReflectionsCalculatorBlowfish" name="test_reflections_calculate_with_blowfish_rate" time="0.116" /><testcase classname="backend.tests.test_pot_countdown_features.TestReflectionsCalculatorBlowfish" name="test_reflections_with_various_holdings" time="0.729" /><testcase classname="backend.tests.test_pot_countdown_features.TestReflectionsCalculatorBlowfish" name="test_reflections_with_zero_holdings_returns_zero" time="0.117" /><testcase classname="backend.tests.test_pot_countdown_features.TestBettingConfig" name="test_betting_config_returns_all_fields" time="0.193" /><testcase classname="backend.tests.test_pot_countdown_features.TestChallengesEndpoint" name="test_get_open_challenges" time="0.171" /><testcase classname="backend.tests.test_pot_countdown_features.TestChallengesEndpoint" name="test_get_betting_history" time="0.149" /></testsuite></testsuites>