<?xml version="1.0" encoding="utf-8"?><testsuites name="pytest tests"><testsuite name="pytest" errors="0" failures="0" skipped="0" tests="22" time="3.350" timestamp="2026-03-25T01:57:57.290186+00:00" hostname="agent-env-c7bc084c-e984-47b3-8d93-29f87fde0fbe"><testcase classname="tests.test_iteration82_ledger.TestLedgerBalanceEndpoint" name="test_ledger_balance_returns_200" time="0.192" /><testcase classname="tests.test_iteration82_ledger.TestLedgerBalanceEndpoint" name="test_ledger_balance_has_required_fields" time="0.121" /><testcase classname="tests.test_iteration82_ledger.TestLedgerBalanceEndpoint" name="test_ledger_balance_for_new_wallet" time="0.125" /><testcase classname="tests.test_iteration82_ledger.TestLedgerHistoryEndpoint" name="test_ledger_history_returns_200" time="0.109" /><testcase classname="tests.test_iteration82_ledger.TestLedgerHistoryEndpoint" name="test_ledger_history_has_entries_array" time="0.109" /><testcase classname="tests.test_iteration82_ledger.TestLedgerHistoryEndpoint" name="test_ledger_history_entry_structure" time="0.115" /><testcase classname="tests.test_iteration82_ledger.TestLedgerHistoryEndpoint" name="test_ledger_history_filter_by_entry_type" time="0.118" /><testcase classname="tests.test_iteration82_ledger.TestLedgerHistoryEndpoint" name="test_ledger_history_limit_parameter" time="0.118" /><testcase classname="tests.test_iteration82_ledger.TestLedgerReconciliationEndpoint" name="test_reconciliation_returns_200" time="0.134" /><testcase classname="tests.test_iteration82_ledger.TestLedgerReconciliationEndpoint" name="test_reconciliation_has_required_fields" time="0.130" /><testcase classname="tests.test_iteration82_ledger.TestLedgerMigrateEndpoint" name="test_migrate_returns_200" time="0.104" /><testcase classname="tests.test_iteration82_ledger.TestLedgerMigrateEndpoint" name="test_migrate_returns_zero_if_already_migrated" time="0.117" /><testcase classname="tests.test_iteration82_ledger.TestLedgerIntegrationWithCustodialWallet" name="test_custodial_wallet_info_exists" time="0.401" /><testcase classname="tests.test_iteration82_ledger.TestLedgerIntegrationWithCustodialWallet" name="test_confirm_deposit_endpoint_exists" time="0.316" /><testcase classname="tests.test_iteration82_ledger.TestLedgerIntegrationWithCustodialWallet" name="test_withdraw_validates_against_ledger_balance" time="0.139" /><testcase classname="tests.test_iteration82_ledger.TestLedgerIntegrationWithAITrader" name="test_add_position_endpoint_exists" time="0.106" /><testcase classname="tests.test_iteration82_ledger.TestLedgerIntegrationWithAITrader" name="test_close_position_endpoint_exists" time="0.109" /><testcase classname="tests.test_iteration82_ledger.TestLedgerIntegrationWithAITrader" name="test_add_position_creates_trade_open_ledger_entry" time="0.110" /><testcase classname="tests.test_iteration82_ledger.TestPreviousFixesStillWork" name="test_leaderboard_returns_200" time="0.127" /><testcase classname="tests.test_iteration82_ledger.TestPreviousFixesStillWork" name="test_platform_stats_returns_200" time="0.110" /><testcase classname="tests.test_iteration82_ledger.TestPreviousFixesStillWork" name="test_gallery_returns_correct_images" time="0.113" /><testcase classname="tests.test_iteration82_ledger.TestPreviousFixesStillWork" name="test_trading_mode_sync" time="0.250" /></testsuite></testsuites>