<?xml version="1.0" encoding="utf-8"?><testsuites name="pytest tests"><testsuite name="pytest" errors="0" failures="0" skipped="0" tests="11" time="1.644" timestamp="2026-03-31T22:05:11.225592+00:00" hostname="agent-env-c7bc084c-e984-47b3-8d93-29f87fde0fbe"><testcase classname="backend.tests.test_iteration94_pnl_time_held.TestHistoryEndpointPnL" name="test_history_endpoint_returns_200" time="0.156" /><testcase classname="backend.tests.test_iteration94_pnl_time_held.TestHistoryEndpointPnL" name="test_history_response_structure" time="0.118" /><testcase classname="backend.tests.test_iteration94_pnl_time_held.TestHistoryEndpointPnL" name="test_stats_structure" time="0.124" /><testcase classname="backend.tests.test_iteration94_pnl_time_held.TestHistoryEndpointPnL" name="test_sell_trades_have_pnl_data" time="0.132" /><testcase classname="backend.tests.test_iteration94_pnl_time_held.TestHistoryEndpointPnL" name="test_sell_trades_have_time_held_minutes" time="0.196" /><testcase classname="backend.tests.test_iteration94_pnl_time_held.TestHistoryEndpointPnL" name="test_sell_trades_have_position_opened_at" time="0.126" /><testcase classname="backend.tests.test_iteration94_pnl_time_held.TestHistoryIncludesSyncClosed" name="test_history_includes_sync_closed_positions" time="0.142" /><testcase classname="backend.tests.test_iteration94_pnl_time_held.TestBackfillPnLEndpoint" name="test_backfill_endpoint_returns_200" time="0.133" /><testcase classname="backend.tests.test_iteration94_pnl_time_held.TestBackfillPnLEndpoint" name="test_backfill_response_structure" time="0.114" /><testcase classname="backend.tests.test_iteration94_pnl_time_held.TestTradesMissingPnLAfterBackfill" name="test_trades_missing_pnl_is_zero" time="0.240" /><testcase classname="backend.tests.test_iteration94_pnl_time_held.TestPnLCalculationAccuracy" name="test_pnl_percent_not_zero_for_trades_with_entry_exit" time="0.107" /></testsuite></testsuites>