<?xml version="1.0" encoding="utf-8"?><testsuites name="pytest tests"><testsuite name="pytest" errors="0" failures="0" skipped="0" tests="8" time="1.809" timestamp="2026-02-17T00:29:23.419305+00:00" hostname="agent-env-8385ca21-01f2-4c51-a7bb-36e3eb850f1a"><testcase classname="backend.tests.test_skin_store.TestSkinsAPI" name="test_get_skins_catalog" time="0.210" /><testcase classname="backend.tests.test_skin_store.TestSkinsAPI" name="test_get_owned_skins_empty" time="0.238" /><testcase classname="backend.tests.test_skin_store.TestSkinsAPI" name="test_skin_purchase_invalid_skin" time="0.203" /><testcase classname="backend.tests.test_skin_store.TestSkinsAPI" name="test_skin_purchase_wrong_amount" time="0.125" /><testcase classname="backend.tests.test_skin_store.TestSkinsAPI" name="test_skin_purchase_success" time="0.309" /><testcase classname="backend.tests.test_skin_store.TestSkinsAPI" name="test_skin_purchase_duplicate_rejected" time="0.261" /><testcase classname="backend.tests.test_skin_store.TestSkinsAPI" name="test_get_skins_stats" time="0.246" /><testcase classname="backend.tests.test_skin_store.TestSkinPricing" name="test_pricing_spec_compliance" time="0.166" /></testsuite></testsuites>