<?xml version="1.0" encoding="utf-8"?><testsuites name="pytest tests"><testsuite name="pytest" errors="0" failures="2" skipped="0" tests="3" time="23.705" timestamp="2026-08-14T21:08:22.015590+00:00" hostname="agent-env-c7bc084c-e984-47b3-8d93-29f87fde0fbe"><testcase classname="backend.tests.test_tinkerpug_image_voice" name="test_tinkerpug_image_voice_no_forbidden[/image bullpug at Newpug City rooftop-voice-test-1]" time="13.257"><failure message="AssertionError: None of the expected archive/vault hints present: *“bullpug at newpug city rooftop”* — fresh from the pugchain canvas. #x1F43E&#10;assert False">backend/tests/test_tinkerpug_image_voice.py:53: in test_tinkerpug_image_voice_no_forbidden
    assert has_hint, f"None of the expected archive/vault hints present: {text}"
E   AssertionError: None of the expected archive/vault hints present: *“bullpug at newpug city rooftop”* — fresh from the pugchain canvas. #x1F43E
E   assert False</failure></testcase><testcase classname="backend.tests.test_tinkerpug_image_voice" name="test_tinkerpug_image_voice_no_forbidden[show me bullpug-voice-test-2]" time="10.379" /><testcase classname="backend.tests.test_tinkerpug_image_voice" name="test_daily_drop_system_message_contains_guardrails" time="0.001"><failure message="AssertionError: Missing required phrase: Never include gold coins, currency symbols, price imagery, Ethereum logos, Bitcoin symbols, or any financial market iconography&#10;assert 'Never include gold coins, currency symbols, price imagery, Ethereum logos, Bitcoin symbols, or any financial market iconography' in '&quot;&quot;&quot;Daily Bullpug Drop — one AI-generated Bullpughan universe image per USER per UTC day. Each user (wallet OR anonymous session) gets a unique drop deterministically seeded from `(user_key, date_utc)`. Variety comes from a hybrid prompt pool: 30 canonical scenes + a dynamic word-bank assembler that generates fresh canon combinations on the fly (the Bullpughan universe is constantly expanding). Every generation is persisted to MongoDB (`db.daily_drops`) for creator/admin reference — keyed by `(user_key, date_utc)`, indexed for fast pagination. &quot;&quot;&quot; import asyncio import base64 import hashlib import logging import os import random from datetime import datetime, timezone from typing import Optional, Dict import httpx from emergentintegrations.llm.chat import LlmChat, UserMessage, FileContent from utils.database import db logger = logging.getLogger(__name__) EMERGENT_LLM_KEY = os.environ.get(&quot;EMERGENT_LLM_KEY&quot;) # ----- Canonical themed prompts ----- THEMED_DROPS = [ (&quot;Cometside Vigil&quot;, &quot;Guardian Bullpug riding a celestial comet through the rings of CryptoCanis, fur blowing back, eyes locked forward&quot;), (&quot;Moon-Cheese Float&quot;, &quot;Bullpug presiding over a Festival of Barks parade float made..._model(&quot;gemini&quot;, &quot;gemini-3.1-flash-image-preview&quot;) .with_params(modalities=[&quot;image&quot;, &quot;text&quot;]) ) msg = UserMessage(text=full_prompt, file_contents=file_contents) text, images = await chat.send_message_multimodal_response(msg) if not images: logger.error(f&quot;Daily drop returned no images for {user_key}/{date_utc}&quot;) return None img = images[0] mime = img.get(&quot;mime_type&quot;) or &quot;image/png&quot; data = img.get(&quot;data&quot;) or &quot;&quot; drop = { &quot;user_key&quot;: user_key, &quot;date_utc&quot;: date_utc, &quot;theme&quot;: theme, &quot;scene&quot;: scene, &quot;kind&quot;: kind, &quot;image_base64&quot;: f&quot;data:{mime};base64,{data}&quot;, &quot;caption&quot;: (text or &quot;&quot;).strip() or None, &quot;created_at&quot;: datetime.now(timezone.utc).isoformat(), } await db.daily_drops.update_one( {&quot;user_key&quot;: user_key, &quot;date_utc&quot;: date_utc}, {&quot;$setOnInsert&quot;: drop}, upsert=True, ) return await db.daily_drops.find_one( {&quot;user_key&quot;: user_key, &quot;date_utc&quot;: date_utc}, {&quot;_id&quot;: 0} ) except Exception: logger.exception(&quot;Daily drop generation failed&quot;) return None # Backwards-compat alias for any callers that still reference the old API. async def get_todays_drop() -&gt; Optional[Dict]: &quot;&quot;&quot;Legacy: returns a shared \'default\' drop. Prefer get_drop_for_user(user_key).&quot;&quot;&quot; return await get_drop_for_user(&quot;default&quot;) '">backend/tests/test_tinkerpug_image_voice.py:69: in test_daily_drop_system_message_contains_guardrails
    assert phrase in norm, f"Missing required phrase: {phrase}"
E   AssertionError: Missing required phrase: Never include gold coins, currency symbols, price imagery, Ethereum logos, Bitcoin symbols, or any financial market iconography
E   assert 'Never include gold coins, currency symbols, price imagery, Ethereum logos, Bitcoin symbols, or any financial market iconography' in '"""Daily Bullpug Drop — one AI-generated Bullpughan universe image per USER per UTC day. Each user (wallet OR anonymous session) gets a unique drop deterministically seeded from `(user_key, date_utc)`. Variety comes from a hybrid prompt pool: 30 canonical scenes + a dynamic word-bank assembler that generates fresh canon combinations on the fly (the Bullpughan universe is constantly expanding). Every generation is persisted to MongoDB (`db.daily_drops`) for creator/admin reference — keyed by `(user_key, date_utc)`, indexed for fast pagination. """ import asyncio import base64 import hashlib import logging import os import random from datetime import datetime, timezone from typing import Optional, Dict import httpx from emergentintegrations.llm.chat import LlmChat, UserMessage, FileContent from utils.database import db logger = logging.getLogger(__name__) EMERGENT_LLM_KEY = os.environ.get("EMERGENT_LLM_KEY") # ----- Canonical themed prompts ----- THEMED_DROPS = [ ("Cometside Vigil", "Guardian Bullpug riding a celestial comet through the rings of CryptoCanis, fur blowing back, eyes locked forward"), ("Moon-Cheese Float", "Bullpug presiding over a Festival of Barks parade float made..._model("gemini", "gemini-3.1-flash-image-preview") .with_params(modalities=["image", "text"]) ) msg = UserMessage(text=full_prompt, file_contents=file_contents) text, images = await chat.send_message_multimodal_response(msg) if not images: logger.error(f"Daily drop returned no images for {user_key}/{date_utc}") return None img = images[0] mime = img.get("mime_type") or "image/png" data = img.get("data") or "" drop = { "user_key": user_key, "date_utc": date_utc, "theme": theme, "scene": scene, "kind": kind, "image_base64": f"data:{mime};base64,{data}", "caption": (text or "").strip() or None, "created_at": datetime.now(timezone.utc).isoformat(), } await db.daily_drops.update_one( {"user_key": user_key, "date_utc": date_utc}, {"$setOnInsert": drop}, upsert=True, ) return await db.daily_drops.find_one( {"user_key": user_key, "date_utc": date_utc}, {"_id": 0} ) except Exception: logger.exception("Daily drop generation failed") return None # Backwards-compat alias for any callers that still reference the old API. async def get_todays_drop() -&gt; Optional[Dict]: """Legacy: returns a shared \'default\' drop. Prefer get_drop_for_user(user_key).""" return await get_drop_for_user("default") '</failure></testcase></testsuite></testsuites>