<?xml version="1.0" encoding="utf-8"?><testsuites name="pytest tests"><testsuite name="pytest" errors="0" failures="0" skipped="0" tests="3" time="47.703" timestamp="2026-08-14T21:13:17.416915+00:00" hostname="agent-env-c7bc084c-e984-47b3-8d93-29f87fde0fbe"><testcase classname="backend.tests.test_tinkerpug_image_voice" name="test_tinkerpug_image_voice_regression[voice-retest-1]" time="14.671" /><testcase classname="backend.tests.test_tinkerpug_image_voice" name="test_tinkerpug_image_voice_regression[voice-retest-2]" time="16.834" /><testcase classname="backend.tests.test_tinkerpug_image_voice" name="test_tinkerpug_image_voice_regression[voice-retest-3]" time="16.149" /></testsuite></testsuites>